09-Dec-2020 19:04:25.478 INFO [main] org.apache.catalina.startup.VersionLoggerListener.log Server version name:   Apache Tomcat/8.5.60
09-Dec-2020 19:04:25.483 INFO [main] org.apache.catalina.startup.VersionLoggerListener.log Server built:          Nov 12 2020 17:31:55 UTC
09-Dec-2020 19:04:25.483 INFO [main] org.apache.catalina.startup.VersionLoggerListener.log Server version number: 8.5.60.0
09-Dec-2020 19:04:25.483 INFO [main] org.apache.catalina.startup.VersionLoggerListener.log OS Name:               Windows 10
09-Dec-2020 19:04:25.486 INFO [main] org.apache.catalina.startup.VersionLoggerListener.log OS Version:            10.0
09-Dec-2020 19:04:25.486 INFO [main] org.apache.catalina.startup.VersionLoggerListener.log Architecture:          amd64
09-Dec-2020 19:04:25.486 INFO [main] org.apache.catalina.startup.VersionLoggerListener.log Java Home:             C:\Program Files\Java\jre1.8.0_251
09-Dec-2020 19:04:25.487 INFO [main] org.apache.catalina.startup.VersionLoggerListener.log JVM Version:           1.8.0_251-b08
09-Dec-2020 19:04:25.487 INFO [main] org.apache.catalina.startup.VersionLoggerListener.log JVM Vendor:            Oracle Corporation
09-Dec-2020 19:04:25.487 INFO [main] org.apache.catalina.startup.VersionLoggerListener.log CATALINA_BASE:         C:\Program Files\Apache Software Foundation\Tomcat 8.5
09-Dec-2020 19:04:25.487 INFO [main] org.apache.catalina.startup.VersionLoggerListener.log CATALINA_HOME:         C:\Program Files\Apache Software Foundation\Tomcat 8.5
09-Dec-2020 19:04:25.488 INFO [main] org.apache.catalina.startup.VersionLoggerListener.log Command line argument: -Dcatalina.home=C:\Program Files\Apache Software Foundation\Tomcat 8.5
09-Dec-2020 19:04:25.488 INFO [main] org.apache.catalina.startup.VersionLoggerListener.log Command line argument: -Dcatalina.base=C:\Program Files\Apache Software Foundation\Tomcat 8.5
09-Dec-2020 19:04:25.488 INFO [main] org.apache.catalina.startup.VersionLoggerListener.log Command line argument: -Djava.io.tmpdir=C:\Program Files\Apache Software Foundation\Tomcat 8.5\temp
09-Dec-2020 19:04:25.488 INFO [main] org.apache.catalina.startup.VersionLoggerListener.log Command line argument: -Djava.util.logging.manager=org.apache.juli.ClassLoaderLogManager
09-Dec-2020 19:04:25.488 INFO [main] org.apache.catalina.startup.VersionLoggerListener.log Command line argument: -Djava.util.logging.config.file=C:\Program Files\Apache Software Foundation\Tomcat 8.5\conf\logging.properties
09-Dec-2020 19:04:25.488 INFO [main] org.apache.catalina.startup.VersionLoggerListener.log Command line argument: exit
09-Dec-2020 19:04:25.491 INFO [main] org.apache.catalina.startup.VersionLoggerListener.log Command line argument: abort
09-Dec-2020 19:04:25.491 INFO [main] org.apache.catalina.startup.VersionLoggerListener.log Command line argument: -Xms128m
09-Dec-2020 19:04:25.491 INFO [main] org.apache.catalina.startup.VersionLoggerListener.log Command line argument: -Xmx256m
09-Dec-2020 19:04:25.491 INFO [main] org.apache.catalina.core.AprLifecycleListener.lifecycleEvent The Apache Tomcat Native library which allows using OpenSSL was not found on the java.library.path: [C:\Program Files\Apache Software Foundation\Tomcat 8.5\bin;C:\WINDOWS\Sun\Java\bin;C:\WINDOWS\system32;C:\WINDOWS;C:\Program Files\Java\jre1.8.0_251\bin;C:\Program Files\Common Files\Oracle\Java\javapath;C:\Program Files (x86)\Common Files\Oracle\Java\javapath;C:\WINDOWS\system32;C:\WINDOWS;C:\WINDOWS\System32\Wbem;C:\WINDOWS\System32\WindowsPowerShell\v1.0\;C:\WINDOWS\System32\OpenSSH\;C:\Program Files (x86)\Geth;C:\Program Files\PuTTY\;H:\flutter\bin;C:\Program Files\nodejs\;C:\Program Files\Git\cmd;C:\Program Files\Java\jdk-15.0.1\bin;C:\Program Files\MySQL\MySQL Shell 8.0\bin;C:\WINDOWS\ServiceProfiles\LocalService\AppData\Local\Microsoft\WindowsApps;.]
09-Dec-2020 19:04:26.050 INFO [main] org.apache.coyote.AbstractProtocol.init Initializing ProtocolHandler ["http-nio-8080"]
09-Dec-2020 19:04:26.478 INFO [main] org.apache.tomcat.util.net.NioSelectorPool.getSharedSelector Using a shared selector for servlet write/read
09-Dec-2020 19:04:26.495 INFO [main] org.apache.catalina.startup.Catalina.load Initialization processed in 1814 ms
09-Dec-2020 19:04:26.544 INFO [main] org.apache.catalina.core.StandardService.startInternal Starting service [Catalina]
09-Dec-2020 19:04:26.544 INFO [main] org.apache.catalina.core.StandardEngine.startInternal Starting Servlet Engine: Apache Tomcat/8.5.60
09-Dec-2020 19:04:26.559 INFO [localhost-startStop-1] org.apache.catalina.startup.HostConfig.deployDirectory Deploying web application directory [C:\Program Files\Apache Software Foundation\Tomcat 8.5\webapps\docs]
09-Dec-2020 19:04:27.147 INFO [localhost-startStop-1] org.apache.catalina.startup.HostConfig.deployDirectory Deployment of web application directory [C:\Program Files\Apache Software Foundation\Tomcat 8.5\webapps\docs] has finished in [585] ms
09-Dec-2020 19:04:27.147 INFO [localhost-startStop-1] org.apache.catalina.startup.HostConfig.deployDirectory Deploying web application directory [C:\Program Files\Apache Software Foundation\Tomcat 8.5\webapps\manager]
09-Dec-2020 19:04:27.219 INFO [localhost-startStop-1] org.apache.catalina.startup.HostConfig.deployDirectory Deployment of web application directory [C:\Program Files\Apache Software Foundation\Tomcat 8.5\webapps\manager] has finished in [71] ms
09-Dec-2020 19:04:27.220 INFO [localhost-startStop-1] org.apache.catalina.startup.HostConfig.deployDirectory Deploying web application directory [C:\Program Files\Apache Software Foundation\Tomcat 8.5\webapps\ROOT]
09-Dec-2020 19:04:27.262 INFO [localhost-startStop-1] org.apache.catalina.startup.HostConfig.deployDirectory Deployment of web application directory [C:\Program Files\Apache Software Foundation\Tomcat 8.5\webapps\ROOT] has finished in [42] ms
09-Dec-2020 19:04:27.266 INFO [main] org.apache.coyote.AbstractProtocol.start Starting ProtocolHandler ["http-nio-8080"]
09-Dec-2020 19:04:27.279 INFO [main] org.apache.catalina.startup.Catalina.start Server startup in 784 ms
09-Dec-2020 19:08:07.499 INFO [localhost-startStop-2] org.apache.catalina.startup.HostConfig.deployDirectory Deploying web application directory [C:\Program Files\Apache Software Foundation\Tomcat 8.5\webapps\Library]
09-Dec-2020 19:08:07.581 INFO [localhost-startStop-2] org.apache.catalina.startup.HostConfig.deployDirectory Deployment of web application directory [C:\Program Files\Apache Software Foundation\Tomcat 8.5\webapps\Library] has finished in [82] ms
09-Dec-2020 19:14:38.546 INFO [ContainerBackgroundProcessor[StandardEngine[Catalina]]] org.apache.catalina.startup.HostConfig.reload Reloading context [/Library]
09-Dec-2020 19:14:38.547 INFO [ContainerBackgroundProcessor[StandardEngine[Catalina]]] org.apache.catalina.core.StandardContext.reload Reloading Context with name [/Library] has started
09-Dec-2020 19:14:38.641 SEVERE [ContainerBackgroundProcessor[StandardEngine[Catalina]]] org.apache.tomcat.util.digester.Digester.fatalError Parse Fatal Error at line 1 column 1: Premature end of file.
	org.xml.sax.SAXParseException; systemId: file:/C:/Program%20Files/Apache%20Software%20Foundation/Tomcat%208.5/webapps/Library/WEB-INF/web.xml; lineNumber: 1; columnNumber: 1; Premature end of file.
		at com.sun.org.apache.xerces.internal.util.ErrorHandlerWrapper.createSAXParseException(Unknown Source)
		at com.sun.org.apache.xerces.internal.util.ErrorHandlerWrapper.fatalError(Unknown Source)
		at com.sun.org.apache.xerces.internal.impl.XMLErrorReporter.reportError(Unknown Source)
		at com.sun.org.apache.xerces.internal.impl.XMLErrorReporter.reportError(Unknown Source)
		at com.sun.org.apache.xerces.internal.impl.XMLScanner.reportFatalError(Unknown Source)
		at com.sun.org.apache.xerces.internal.impl.XMLDocumentScannerImpl$PrologDriver.next(Unknown Source)
		at com.sun.org.apache.xerces.internal.impl.XMLDocumentScannerImpl.next(Unknown Source)
		at com.sun.org.apache.xerces.internal.impl.XMLDocumentFragmentScannerImpl.scanDocument(Unknown Source)
		at com.sun.org.apache.xerces.internal.parsers.XML11Configuration.parse(Unknown Source)
		at com.sun.org.apache.xerces.internal.parsers.XML11Configuration.parse(Unknown Source)
		at com.sun.org.apache.xerces.internal.parsers.XMLParser.parse(Unknown Source)
		at com.sun.org.apache.xerces.internal.parsers.AbstractSAXParser.parse(Unknown Source)
		at com.sun.org.apache.xerces.internal.jaxp.SAXParserImpl$JAXPSAXParser.parse(Unknown Source)
		at org.apache.tomcat.util.digester.Digester.parse(Digester.java:1512)
		at org.apache.tomcat.util.descriptor.web.WebXmlParser.parseWebXml(WebXmlParser.java:119)
		at org.apache.catalina.startup.ContextConfig.webConfig(ContextConfig.java:1066)
		at org.apache.catalina.startup.ContextConfig.configureStart(ContextConfig.java:778)
		at org.apache.catalina.startup.ContextConfig.lifecycleEvent(ContextConfig.java:299)
		at org.apache.catalina.util.LifecycleBase.fireLifecycleEvent(LifecycleBase.java:123)
		at org.apache.catalina.core.StandardContext.startInternal(StandardContext.java:5053)
		at org.apache.catalina.util.LifecycleBase.start(LifecycleBase.java:183)
		at org.apache.catalina.core.StandardContext.reload(StandardContext.java:3752)
		at org.apache.catalina.startup.HostConfig.reload(HostConfig.java:1395)
		at org.apache.catalina.startup.HostConfig.checkResources(HostConfig.java:1368)
		at org.apache.catalina.startup.HostConfig.check(HostConfig.java:1603)
		at org.apache.catalina.startup.HostConfig.lifecycleEvent(HostConfig.java:304)
		at org.apache.catalina.util.LifecycleBase.fireLifecycleEvent(LifecycleBase.java:123)
		at org.apache.catalina.core.ContainerBase.backgroundProcess(ContainerBase.java:1159)
		at org.apache.catalina.core.ContainerBase$ContainerBackgroundProcessor.processChildren(ContainerBase.java:1381)
		at org.apache.catalina.core.ContainerBase$ContainerBackgroundProcessor.processChildren(ContainerBase.java:1385)
		at org.apache.catalina.core.ContainerBase$ContainerBackgroundProcessor.run(ContainerBase.java:1353)
		at java.lang.Thread.run(Unknown Source)
09-Dec-2020 19:14:38.645 SEVERE [ContainerBackgroundProcessor[StandardEngine[Catalina]]] org.apache.tomcat.util.descriptor.web.WebXmlParser.parseWebXml Parse error in application web.xml file at [file:/C:/Program%20Files/Apache%20Software%20Foundation/Tomcat%208.5/webapps/Library/WEB-INF/web.xml]
	org.xml.sax.SAXParseException; systemId: file:/C:/Program%20Files/Apache%20Software%20Foundation/Tomcat%208.5/webapps/Library/WEB-INF/web.xml; lineNumber: 1; columnNumber: 1; Premature end of file.
		at com.sun.org.apache.xerces.internal.util.ErrorHandlerWrapper.createSAXParseException(Unknown Source)
		at com.sun.org.apache.xerces.internal.util.ErrorHandlerWrapper.fatalError(Unknown Source)
		at com.sun.org.apache.xerces.internal.impl.XMLErrorReporter.reportError(Unknown Source)
		at com.sun.org.apache.xerces.internal.impl.XMLErrorReporter.reportError(Unknown Source)
		at com.sun.org.apache.xerces.internal.impl.XMLScanner.reportFatalError(Unknown Source)
		at com.sun.org.apache.xerces.internal.impl.XMLDocumentScannerImpl$PrologDriver.next(Unknown Source)
		at com.sun.org.apache.xerces.internal.impl.XMLDocumentScannerImpl.next(Unknown Source)
		at com.sun.org.apache.xerces.internal.impl.XMLDocumentFragmentScannerImpl.scanDocument(Unknown Source)
		at com.sun.org.apache.xerces.internal.parsers.XML11Configuration.parse(Unknown Source)
		at com.sun.org.apache.xerces.internal.parsers.XML11Configuration.parse(Unknown Source)
		at com.sun.org.apache.xerces.internal.parsers.XMLParser.parse(Unknown Source)
		at com.sun.org.apache.xerces.internal.parsers.AbstractSAXParser.parse(Unknown Source)
		at com.sun.org.apache.xerces.internal.jaxp.SAXParserImpl$JAXPSAXParser.parse(Unknown Source)
		at org.apache.tomcat.util.digester.Digester.parse(Digester.java:1512)
		at org.apache.tomcat.util.descriptor.web.WebXmlParser.parseWebXml(WebXmlParser.java:119)
		at org.apache.catalina.startup.ContextConfig.webConfig(ContextConfig.java:1066)
		at org.apache.catalina.startup.ContextConfig.configureStart(ContextConfig.java:778)
		at org.apache.catalina.startup.ContextConfig.lifecycleEvent(ContextConfig.java:299)
		at org.apache.catalina.util.LifecycleBase.fireLifecycleEvent(LifecycleBase.java:123)
		at org.apache.catalina.core.StandardContext.startInternal(StandardContext.java:5053)
		at org.apache.catalina.util.LifecycleBase.start(LifecycleBase.java:183)
		at org.apache.catalina.core.StandardContext.reload(StandardContext.java:3752)
		at org.apache.catalina.startup.HostConfig.reload(HostConfig.java:1395)
		at org.apache.catalina.startup.HostConfig.checkResources(HostConfig.java:1368)
		at org.apache.catalina.startup.HostConfig.check(HostConfig.java:1603)
		at org.apache.catalina.startup.HostConfig.lifecycleEvent(HostConfig.java:304)
		at org.apache.catalina.util.LifecycleBase.fireLifecycleEvent(LifecycleBase.java:123)
		at org.apache.catalina.core.ContainerBase.backgroundProcess(ContainerBase.java:1159)
		at org.apache.catalina.core.ContainerBase$ContainerBackgroundProcessor.processChildren(ContainerBase.java:1381)
		at org.apache.catalina.core.ContainerBase$ContainerBackgroundProcessor.processChildren(ContainerBase.java:1385)
		at org.apache.catalina.core.ContainerBase$ContainerBackgroundProcessor.run(ContainerBase.java:1353)
		at java.lang.Thread.run(Unknown Source)
09-Dec-2020 19:14:38.646 SEVERE [ContainerBackgroundProcessor[StandardEngine[Catalina]]] org.apache.tomcat.util.descriptor.web.WebXmlParser.parseWebXml Occurred at line [1] column [1]
09-Dec-2020 19:14:38.652 SEVERE [ContainerBackgroundProcessor[StandardEngine[Catalina]]] org.apache.catalina.startup.ContextConfig.configureStart Marking this application unavailable due to previous error(s)
09-Dec-2020 19:14:38.655 SEVERE [ContainerBackgroundProcessor[StandardEngine[Catalina]]] org.apache.catalina.core.StandardContext.startInternal One or more components marked the context as not correctly configured
09-Dec-2020 19:14:38.656 SEVERE [ContainerBackgroundProcessor[StandardEngine[Catalina]]] org.apache.catalina.core.StandardContext.startInternal Context [/Library] startup failed due to previous errors
09-Dec-2020 19:14:38.660 INFO [ContainerBackgroundProcessor[StandardEngine[Catalina]]] org.apache.catalina.core.StandardContext.reload Reloading Context with name [/Library] is completed
09-Dec-2020 19:16:18.786 INFO [ContainerBackgroundProcessor[StandardEngine[Catalina]]] org.apache.catalina.startup.HostConfig.reload Reloading context [/Library]
09-Dec-2020 19:16:28.901 INFO [ContainerBackgroundProcessor[StandardEngine[Catalina]]] org.apache.catalina.startup.HostConfig.reload Reloading context [/Library]
09-Dec-2020 19:16:28.902 INFO [ContainerBackgroundProcessor[StandardEngine[Catalina]]] org.apache.catalina.core.StandardContext.reload Reloading Context with name [/Library] has started
09-Dec-2020 19:16:28.977 INFO [ContainerBackgroundProcessor[StandardEngine[Catalina]]] org.apache.catalina.core.StandardContext.reload Reloading Context with name [/Library] is completed
09-Dec-2020 19:54:10.910 INFO [Thread-5] org.apache.coyote.AbstractProtocol.pause Pausing ProtocolHandler ["http-nio-8080"]
09-Dec-2020 19:54:11.224 INFO [Thread-5] org.apache.catalina.core.StandardService.stopInternal Stopping service [Catalina]
09-Dec-2020 19:54:11.238 INFO [Thread-5] org.apache.coyote.AbstractProtocol.stop Stopping ProtocolHandler ["http-nio-8080"]
09-Dec-2020 19:54:11.243 INFO [Thread-5] org.apache.coyote.AbstractProtocol.destroy Destroying ProtocolHandler ["http-nio-8080"]
09-Dec-2020 19:54:13.078 INFO [main] org.apache.catalina.startup.VersionLoggerListener.log Server version name:   Apache Tomcat/8.5.60
09-Dec-2020 19:54:13.080 INFO [main] org.apache.catalina.startup.VersionLoggerListener.log Server built:          Nov 12 2020 17:31:55 UTC
09-Dec-2020 19:54:13.080 INFO [main] org.apache.catalina.startup.VersionLoggerListener.log Server version number: 8.5.60.0
09-Dec-2020 19:54:13.081 INFO [main] org.apache.catalina.startup.VersionLoggerListener.log OS Name:               Windows 10
09-Dec-2020 19:54:13.085 INFO [main] org.apache.catalina.startup.VersionLoggerListener.log OS Version:            10.0
09-Dec-2020 19:54:13.086 INFO [main] org.apache.catalina.startup.VersionLoggerListener.log Architecture:          amd64
09-Dec-2020 19:54:13.086 INFO [main] org.apache.catalina.startup.VersionLoggerListener.log Java Home:             C:\Program Files\Java\jre1.8.0_251
09-Dec-2020 19:54:13.086 INFO [main] org.apache.catalina.startup.VersionLoggerListener.log JVM Version:           1.8.0_251-b08
09-Dec-2020 19:54:13.086 INFO [main] org.apache.catalina.startup.VersionLoggerListener.log JVM Vendor:            Oracle Corporation
09-Dec-2020 19:54:13.086 INFO [main] org.apache.catalina.startup.VersionLoggerListener.log CATALINA_BASE:         C:\Program Files\Apache Software Foundation\Tomcat 8.5
09-Dec-2020 19:54:13.086 INFO [main] org.apache.catalina.startup.VersionLoggerListener.log CATALINA_HOME:         C:\Program Files\Apache Software Foundation\Tomcat 8.5
09-Dec-2020 19:54:13.086 INFO [main] org.apache.catalina.startup.VersionLoggerListener.log Command line argument: -Dcatalina.home=C:\Program Files\Apache Software Foundation\Tomcat 8.5
09-Dec-2020 19:54:13.087 INFO [main] org.apache.catalina.startup.VersionLoggerListener.log Command line argument: -Dcatalina.base=C:\Program Files\Apache Software Foundation\Tomcat 8.5
09-Dec-2020 19:54:13.087 INFO [main] org.apache.catalina.startup.VersionLoggerListener.log Command line argument: -Djava.io.tmpdir=C:\Program Files\Apache Software Foundation\Tomcat 8.5\temp
09-Dec-2020 19:54:13.087 INFO [main] org.apache.catalina.startup.VersionLoggerListener.log Command line argument: -Djava.util.logging.manager=org.apache.juli.ClassLoaderLogManager
09-Dec-2020 19:54:13.087 INFO [main] org.apache.catalina.startup.VersionLoggerListener.log Command line argument: -Djava.util.logging.config.file=C:\Program Files\Apache Software Foundation\Tomcat 8.5\conf\logging.properties
09-Dec-2020 19:54:13.088 INFO [main] org.apache.catalina.startup.VersionLoggerListener.log Command line argument: exit
09-Dec-2020 19:54:13.088 INFO [main] org.apache.catalina.startup.VersionLoggerListener.log Command line argument: abort
09-Dec-2020 19:54:13.088 INFO [main] org.apache.catalina.startup.VersionLoggerListener.log Command line argument: -Xms128m
09-Dec-2020 19:54:13.088 INFO [main] org.apache.catalina.startup.VersionLoggerListener.log Command line argument: -Xmx256m
09-Dec-2020 19:54:13.089 INFO [main] org.apache.catalina.core.AprLifecycleListener.lifecycleEvent The Apache Tomcat Native library which allows using OpenSSL was not found on the java.library.path: [C:\Program Files\Apache Software Foundation\Tomcat 8.5\bin;C:\WINDOWS\Sun\Java\bin;C:\WINDOWS\system32;C:\WINDOWS;C:\Program Files\Java\jre1.8.0_251\bin;C:\Program Files\Common Files\Oracle\Java\javapath;C:\Program Files (x86)\Common Files\Oracle\Java\javapath;C:\WINDOWS\system32;C:\WINDOWS;C:\WINDOWS\System32\Wbem;C:\WINDOWS\System32\WindowsPowerShell\v1.0\;C:\WINDOWS\System32\OpenSSH\;C:\Program Files (x86)\Geth;C:\Program Files\PuTTY\;H:\flutter\bin;C:\Program Files\nodejs\;C:\Program Files\Git\cmd;C:\Program Files\Java\jdk-15.0.1\bin;C:\Program Files\MySQL\MySQL Shell 8.0\bin;C:\WINDOWS\ServiceProfiles\LocalService\AppData\Local\Microsoft\WindowsApps;.]
09-Dec-2020 19:54:13.245 INFO [main] org.apache.coyote.AbstractProtocol.init Initializing ProtocolHandler ["http-nio-8080"]
09-Dec-2020 19:54:13.562 INFO [main] org.apache.tomcat.util.net.NioSelectorPool.getSharedSelector Using a shared selector for servlet write/read
09-Dec-2020 19:54:13.576 INFO [main] org.apache.catalina.startup.Catalina.load Initialization processed in 976 ms
09-Dec-2020 19:54:13.611 INFO [main] org.apache.catalina.core.StandardService.startInternal Starting service [Catalina]
09-Dec-2020 19:54:13.612 INFO [main] org.apache.catalina.core.StandardEngine.startInternal Starting Servlet Engine: Apache Tomcat/8.5.60
09-Dec-2020 19:54:13.623 INFO [localhost-startStop-1] org.apache.catalina.startup.HostConfig.deployDirectory Deploying web application directory [C:\Program Files\Apache Software Foundation\Tomcat 8.5\webapps\docs]
09-Dec-2020 19:54:13.964 INFO [localhost-startStop-1] org.apache.catalina.startup.HostConfig.deployDirectory Deployment of web application directory [C:\Program Files\Apache Software Foundation\Tomcat 8.5\webapps\docs] has finished in [341] ms
09-Dec-2020 19:54:13.965 INFO [localhost-startStop-1] org.apache.catalina.startup.HostConfig.deployDirectory Deploying web application directory [C:\Program Files\Apache Software Foundation\Tomcat 8.5\webapps\Library]
09-Dec-2020 19:54:14.068 INFO [localhost-startStop-1] org.apache.catalina.startup.HostConfig.deployDirectory Deployment of web application directory [C:\Program Files\Apache Software Foundation\Tomcat 8.5\webapps\Library] has finished in [103] ms
09-Dec-2020 19:54:14.068 INFO [localhost-startStop-1] org.apache.catalina.startup.HostConfig.deployDirectory Deploying web application directory [C:\Program Files\Apache Software Foundation\Tomcat 8.5\webapps\manager]
09-Dec-2020 19:54:14.165 INFO [localhost-startStop-1] org.apache.catalina.startup.HostConfig.deployDirectory Deployment of web application directory [C:\Program Files\Apache Software Foundation\Tomcat 8.5\webapps\manager] has finished in [97] ms
09-Dec-2020 19:54:14.165 INFO [localhost-startStop-1] org.apache.catalina.startup.HostConfig.deployDirectory Deploying web application directory [C:\Program Files\Apache Software Foundation\Tomcat 8.5\webapps\ROOT]
09-Dec-2020 19:54:14.198 INFO [localhost-startStop-1] org.apache.catalina.startup.HostConfig.deployDirectory Deployment of web application directory [C:\Program Files\Apache Software Foundation\Tomcat 8.5\webapps\ROOT] has finished in [33] ms
09-Dec-2020 19:54:14.201 INFO [main] org.apache.coyote.AbstractProtocol.start Starting ProtocolHandler ["http-nio-8080"]
09-Dec-2020 19:54:14.210 INFO [main] org.apache.catalina.startup.Catalina.start Server startup in 634 ms
09-Dec-2020 20:36:25.545 INFO [Thread-5] org.apache.coyote.AbstractProtocol.pause Pausing ProtocolHandler ["http-nio-8080"]
09-Dec-2020 20:36:25.871 INFO [Thread-5] org.apache.catalina.core.StandardService.stopInternal Stopping service [Catalina]
09-Dec-2020 20:36:25.900 INFO [Thread-5] org.apache.coyote.AbstractProtocol.stop Stopping ProtocolHandler ["http-nio-8080"]
09-Dec-2020 20:36:25.904 INFO [Thread-5] org.apache.coyote.AbstractProtocol.destroy Destroying ProtocolHandler ["http-nio-8080"]
09-Dec-2020 20:38:14.917 INFO [main] org.apache.catalina.startup.VersionLoggerListener.log Server version name:   Apache Tomcat/8.5.60
09-Dec-2020 20:38:14.936 INFO [main] org.apache.catalina.startup.VersionLoggerListener.log Server built:          Nov 12 2020 17:31:55 UTC
09-Dec-2020 20:38:14.936 INFO [main] org.apache.catalina.startup.VersionLoggerListener.log Server version number: 8.5.60.0
09-Dec-2020 20:38:14.937 INFO [main] org.apache.catalina.startup.VersionLoggerListener.log OS Name:               Windows 10
09-Dec-2020 20:38:14.937 INFO [main] org.apache.catalina.startup.VersionLoggerListener.log OS Version:            10.0
09-Dec-2020 20:38:14.937 INFO [main] org.apache.catalina.startup.VersionLoggerListener.log Architecture:          amd64
09-Dec-2020 20:38:14.937 INFO [main] org.apache.catalina.startup.VersionLoggerListener.log Java Home:             C:\Program Files\Java\jre1.8.0_271
09-Dec-2020 20:38:14.937 INFO [main] org.apache.catalina.startup.VersionLoggerListener.log JVM Version:           1.8.0_271-b09
09-Dec-2020 20:38:14.937 INFO [main] org.apache.catalina.startup.VersionLoggerListener.log JVM Vendor:            Oracle Corporation
09-Dec-2020 20:38:14.937 INFO [main] org.apache.catalina.startup.VersionLoggerListener.log CATALINA_BASE:         C:\Program Files\Apache Software Foundation\Tomcat 8.5
09-Dec-2020 20:38:14.937 INFO [main] org.apache.catalina.startup.VersionLoggerListener.log CATALINA_HOME:         C:\Program Files\Apache Software Foundation\Tomcat 8.5
09-Dec-2020 20:38:14.937 INFO [main] org.apache.catalina.startup.VersionLoggerListener.log Command line argument: -Dcatalina.home=C:\Program Files\Apache Software Foundation\Tomcat 8.5
09-Dec-2020 20:38:14.938 INFO [main] org.apache.catalina.startup.VersionLoggerListener.log Command line argument: -Dcatalina.base=C:\Program Files\Apache Software Foundation\Tomcat 8.5
09-Dec-2020 20:38:14.938 INFO [main] org.apache.catalina.startup.VersionLoggerListener.log Command line argument: -Djava.io.tmpdir=C:\Program Files\Apache Software Foundation\Tomcat 8.5\temp
09-Dec-2020 20:38:14.938 INFO [main] org.apache.catalina.startup.VersionLoggerListener.log Command line argument: -Djava.util.logging.manager=org.apache.juli.ClassLoaderLogManager
09-Dec-2020 20:38:14.938 INFO [main] org.apache.catalina.startup.VersionLoggerListener.log Command line argument: -Djava.util.logging.config.file=C:\Program Files\Apache Software Foundation\Tomcat 8.5\conf\logging.properties
09-Dec-2020 20:38:14.938 INFO [main] org.apache.catalina.startup.VersionLoggerListener.log Command line argument: exit
09-Dec-2020 20:38:14.942 INFO [main] org.apache.catalina.startup.VersionLoggerListener.log Command line argument: abort
09-Dec-2020 20:38:14.942 INFO [main] org.apache.catalina.startup.VersionLoggerListener.log Command line argument: -Xms128m
09-Dec-2020 20:38:14.942 INFO [main] org.apache.catalina.startup.VersionLoggerListener.log Command line argument: -Xmx256m
09-Dec-2020 20:38:14.942 INFO [main] org.apache.catalina.core.AprLifecycleListener.lifecycleEvent The Apache Tomcat Native library which allows using OpenSSL was not found on the java.library.path: [C:\Program Files\Apache Software Foundation\Tomcat 8.5\bin;C:\WINDOWS\Sun\Java\bin;C:\WINDOWS\system32;C:\WINDOWS;C:\Program Files\Java\jre1.8.0_271\bin;C:\WINDOWS\system32;C:\WINDOWS;C:\WINDOWS\System32\Wbem;C:\WINDOWS\System32\WindowsPowerShell\v1.0\;C:\WINDOWS\System32\OpenSSH\;C:\Program Files (x86)\Geth;C:\Program Files\PuTTY\;H:\flutter\bin;C:\Program Files\nodejs\;C:\Program Files\Git\cmd;C:\Program Files\MySQL\MySQL Shell 8.0\bin;C:\Program Files\Java\jdk1.8.0_271\bin;C:\WINDOWS\ServiceProfiles\LocalService\AppData\Local\Microsoft\WindowsApps;.]
09-Dec-2020 20:38:15.596 INFO [main] org.apache.coyote.AbstractProtocol.init Initializing ProtocolHandler ["http-nio-8080"]
09-Dec-2020 20:38:15.860 INFO [main] org.apache.tomcat.util.net.NioSelectorPool.getSharedSelector Using a shared selector for servlet write/read
09-Dec-2020 20:38:15.874 INFO [main] org.apache.catalina.startup.Catalina.load Initialization processed in 1485 ms
09-Dec-2020 20:38:15.913 INFO [main] org.apache.catalina.core.StandardService.startInternal Starting service [Catalina]
09-Dec-2020 20:38:15.913 INFO [main] org.apache.catalina.core.StandardEngine.startInternal Starting Servlet Engine: Apache Tomcat/8.5.60
09-Dec-2020 20:38:15.924 INFO [localhost-startStop-1] org.apache.catalina.startup.HostConfig.deployDirectory Deploying web application directory [C:\Program Files\Apache Software Foundation\Tomcat 8.5\webapps\docs]
09-Dec-2020 20:38:16.222 INFO [localhost-startStop-1] org.apache.catalina.startup.HostConfig.deployDirectory Deployment of web application directory [C:\Program Files\Apache Software Foundation\Tomcat 8.5\webapps\docs] has finished in [297] ms
09-Dec-2020 20:38:16.222 INFO [localhost-startStop-1] org.apache.catalina.startup.HostConfig.deployDirectory Deploying web application directory [C:\Program Files\Apache Software Foundation\Tomcat 8.5\webapps\Library]
09-Dec-2020 20:38:16.278 INFO [localhost-startStop-1] org.apache.catalina.startup.HostConfig.deployDirectory Deployment of web application directory [C:\Program Files\Apache Software Foundation\Tomcat 8.5\webapps\Library] has finished in [56] ms
09-Dec-2020 20:38:16.278 INFO [localhost-startStop-1] org.apache.catalina.startup.HostConfig.deployDirectory Deploying web application directory [C:\Program Files\Apache Software Foundation\Tomcat 8.5\webapps\manager]
09-Dec-2020 20:38:16.327 INFO [localhost-startStop-1] org.apache.catalina.startup.HostConfig.deployDirectory Deployment of web application directory [C:\Program Files\Apache Software Foundation\Tomcat 8.5\webapps\manager] has finished in [49] ms
09-Dec-2020 20:38:16.327 INFO [localhost-startStop-1] org.apache.catalina.startup.HostConfig.deployDirectory Deploying web application directory [C:\Program Files\Apache Software Foundation\Tomcat 8.5\webapps\ROOT]
09-Dec-2020 20:38:16.348 INFO [localhost-startStop-1] org.apache.catalina.startup.HostConfig.deployDirectory Deployment of web application directory [C:\Program Files\Apache Software Foundation\Tomcat 8.5\webapps\ROOT] has finished in [21] ms
09-Dec-2020 20:38:16.350 INFO [main] org.apache.coyote.AbstractProtocol.start Starting ProtocolHandler ["http-nio-8080"]
09-Dec-2020 20:38:16.358 INFO [main] org.apache.catalina.startup.Catalina.start Server startup in 484 ms
09-Dec-2020 22:00:12.346 INFO [ContainerBackgroundProcessor[StandardEngine[Catalina]]] org.apache.catalina.startup.HostConfig.reload Reloading context [/Library]
09-Dec-2020 22:00:12.348 INFO [ContainerBackgroundProcessor[StandardEngine[Catalina]]] org.apache.catalina.core.StandardContext.reload Reloading Context with name [/Library] has started
09-Dec-2020 22:00:12.427 INFO [ContainerBackgroundProcessor[StandardEngine[Catalina]]] org.apache.catalina.core.StandardContext.reload Reloading Context with name [/Library] is completed
09-Dec-2020 22:11:13.844 INFO [Thread-5] org.apache.coyote.AbstractProtocol.pause Pausing ProtocolHandler ["http-nio-8080"]
09-Dec-2020 22:11:14.081 INFO [Thread-5] org.apache.catalina.core.StandardService.stopInternal Stopping service [Catalina]
09-Dec-2020 22:11:14.097 INFO [Thread-5] org.apache.coyote.AbstractProtocol.stop Stopping ProtocolHandler ["http-nio-8080"]
09-Dec-2020 22:11:14.102 INFO [Thread-5] org.apache.coyote.AbstractProtocol.destroy Destroying ProtocolHandler ["http-nio-8080"]
09-Dec-2020 22:11:16.273 INFO [main] org.apache.catalina.startup.VersionLoggerListener.log Server version name:   Apache Tomcat/8.5.60
09-Dec-2020 22:11:16.277 INFO [main] org.apache.catalina.startup.VersionLoggerListener.log Server built:          Nov 12 2020 17:31:55 UTC
09-Dec-2020 22:11:16.277 INFO [main] org.apache.catalina.startup.VersionLoggerListener.log Server version number: 8.5.60.0
09-Dec-2020 22:11:16.277 INFO [main] org.apache.catalina.startup.VersionLoggerListener.log OS Name:               Windows 10
09-Dec-2020 22:11:16.283 INFO [main] org.apache.catalina.startup.VersionLoggerListener.log OS Version:            10.0
09-Dec-2020 22:11:16.283 INFO [main] org.apache.catalina.startup.VersionLoggerListener.log Architecture:          amd64
09-Dec-2020 22:11:16.283 INFO [main] org.apache.catalina.startup.VersionLoggerListener.log Java Home:             C:\Program Files\Java\jre1.8.0_271
09-Dec-2020 22:11:16.283 INFO [main] org.apache.catalina.startup.VersionLoggerListener.log JVM Version:           1.8.0_271-b09
09-Dec-2020 22:11:16.283 INFO [main] org.apache.catalina.startup.VersionLoggerListener.log JVM Vendor:            Oracle Corporation
09-Dec-2020 22:11:16.283 INFO [main] org.apache.catalina.startup.VersionLoggerListener.log CATALINA_BASE:         C:\Program Files\Apache Software Foundation\Tomcat 8.5
09-Dec-2020 22:11:16.283 INFO [main] org.apache.catalina.startup.VersionLoggerListener.log CATALINA_HOME:         C:\Program Files\Apache Software Foundation\Tomcat 8.5
09-Dec-2020 22:11:16.284 INFO [main] org.apache.catalina.startup.VersionLoggerListener.log Command line argument: -Dcatalina.home=C:\Program Files\Apache Software Foundation\Tomcat 8.5
09-Dec-2020 22:11:16.284 INFO [main] org.apache.catalina.startup.VersionLoggerListener.log Command line argument: -Dcatalina.base=C:\Program Files\Apache Software Foundation\Tomcat 8.5
09-Dec-2020 22:11:16.284 INFO [main] org.apache.catalina.startup.VersionLoggerListener.log Command line argument: -Djava.io.tmpdir=C:\Program Files\Apache Software Foundation\Tomcat 8.5\temp
09-Dec-2020 22:11:16.284 INFO [main] org.apache.catalina.startup.VersionLoggerListener.log Command line argument: -Djava.util.logging.manager=org.apache.juli.ClassLoaderLogManager
09-Dec-2020 22:11:16.284 INFO [main] org.apache.catalina.startup.VersionLoggerListener.log Command line argument: -Djava.util.logging.config.file=C:\Program Files\Apache Software Foundation\Tomcat 8.5\conf\logging.properties
09-Dec-2020 22:11:16.284 INFO [main] org.apache.catalina.startup.VersionLoggerListener.log Command line argument: exit
09-Dec-2020 22:11:16.284 INFO [main] org.apache.catalina.startup.VersionLoggerListener.log Command line argument: abort
09-Dec-2020 22:11:16.284 INFO [main] org.apache.catalina.startup.VersionLoggerListener.log Command line argument: -Xms128m
09-Dec-2020 22:11:16.284 INFO [main] org.apache.catalina.startup.VersionLoggerListener.log Command line argument: -Xmx256m
09-Dec-2020 22:11:16.285 INFO [main] org.apache.catalina.core.AprLifecycleListener.lifecycleEvent The Apache Tomcat Native library which allows using OpenSSL was not found on the java.library.path: [C:\Program Files\Apache Software Foundation\Tomcat 8.5\bin;C:\WINDOWS\Sun\Java\bin;C:\WINDOWS\system32;C:\WINDOWS;C:\Program Files\Java\jre1.8.0_271\bin;C:\WINDOWS\system32;C:\WINDOWS;C:\WINDOWS\System32\Wbem;C:\WINDOWS\System32\WindowsPowerShell\v1.0\;C:\WINDOWS\System32\OpenSSH\;C:\Program Files (x86)\Geth;C:\Program Files\PuTTY\;H:\flutter\bin;C:\Program Files\nodejs\;C:\Program Files\Git\cmd;C:\Program Files\MySQL\MySQL Shell 8.0\bin;C:\Program Files\Java\jdk1.8.0_271\bin;C:\WINDOWS\ServiceProfiles\LocalService\AppData\Local\Microsoft\WindowsApps;.]
09-Dec-2020 22:11:16.494 INFO [main] org.apache.coyote.AbstractProtocol.init Initializing ProtocolHandler ["http-nio-8080"]
09-Dec-2020 22:11:16.795 INFO [main] org.apache.tomcat.util.net.NioSelectorPool.getSharedSelector Using a shared selector for servlet write/read
09-Dec-2020 22:11:16.809 INFO [main] org.apache.catalina.startup.Catalina.load Initialization processed in 1098 ms
09-Dec-2020 22:11:16.872 INFO [main] org.apache.catalina.core.StandardService.startInternal Starting service [Catalina]
09-Dec-2020 22:11:16.872 INFO [main] org.apache.catalina.core.StandardEngine.startInternal Starting Servlet Engine: Apache Tomcat/8.5.60
09-Dec-2020 22:11:16.885 INFO [localhost-startStop-1] org.apache.catalina.startup.HostConfig.deployDirectory Deploying web application directory [C:\Program Files\Apache Software Foundation\Tomcat 8.5\webapps\docs]
09-Dec-2020 22:11:17.220 INFO [localhost-startStop-1] org.apache.catalina.startup.HostConfig.deployDirectory Deployment of web application directory [C:\Program Files\Apache Software Foundation\Tomcat 8.5\webapps\docs] has finished in [336] ms
09-Dec-2020 22:11:17.221 INFO [localhost-startStop-1] org.apache.catalina.startup.HostConfig.deployDirectory Deploying web application directory [C:\Program Files\Apache Software Foundation\Tomcat 8.5\webapps\Library]
09-Dec-2020 22:11:17.282 INFO [localhost-startStop-1] org.apache.catalina.startup.HostConfig.deployDirectory Deployment of web application directory [C:\Program Files\Apache Software Foundation\Tomcat 8.5\webapps\Library] has finished in [61] ms
09-Dec-2020 22:11:17.282 INFO [localhost-startStop-1] org.apache.catalina.startup.HostConfig.deployDirectory Deploying web application directory [C:\Program Files\Apache Software Foundation\Tomcat 8.5\webapps\manager]
09-Dec-2020 22:11:17.327 INFO [localhost-startStop-1] org.apache.catalina.startup.HostConfig.deployDirectory Deployment of web application directory [C:\Program Files\Apache Software Foundation\Tomcat 8.5\webapps\manager] has finished in [45] ms
09-Dec-2020 22:11:17.327 INFO [localhost-startStop-1] org.apache.catalina.startup.HostConfig.deployDirectory Deploying web application directory [C:\Program Files\Apache Software Foundation\Tomcat 8.5\webapps\ROOT]
09-Dec-2020 22:11:17.349 INFO [localhost-startStop-1] org.apache.catalina.startup.HostConfig.deployDirectory Deployment of web application directory [C:\Program Files\Apache Software Foundation\Tomcat 8.5\webapps\ROOT] has finished in [22] ms
09-Dec-2020 22:11:17.351 INFO [main] org.apache.coyote.AbstractProtocol.start Starting ProtocolHandler ["http-nio-8080"]
09-Dec-2020 22:11:17.359 INFO [main] org.apache.catalina.startup.Catalina.start Server startup in 548 ms
09-Dec-2020 22:15:27.623 INFO [ContainerBackgroundProcessor[StandardEngine[Catalina]]] org.apache.catalina.startup.HostConfig.reload Reloading context [/Library]
09-Dec-2020 22:15:27.623 INFO [ContainerBackgroundProcessor[StandardEngine[Catalina]]] org.apache.catalina.core.StandardContext.reload Reloading Context with name [/Library] has started
09-Dec-2020 22:15:27.648 SEVERE [ContainerBackgroundProcessor[StandardEngine[Catalina]]] org.apache.tomcat.util.digester.Digester.endElement End event threw exception
	java.lang.IllegalArgumentException: Can't convert argument: null
		at org.apache.tomcat.util.IntrospectionUtils.convert(IntrospectionUtils.java:493)
		at org.apache.tomcat.util.descriptor.web.CallMethodMultiRule.end(WebRuleSet.java:999)
		at org.apache.tomcat.util.digester.Digester.endElement(Digester.java:1018)
		at com.sun.org.apache.xerces.internal.parsers.AbstractSAXParser.endElement(Unknown Source)
		at com.sun.org.apache.xerces.internal.impl.XMLDocumentFragmentScannerImpl.scanEndElement(Unknown Source)
		at com.sun.org.apache.xerces.internal.impl.XMLDocumentFragmentScannerImpl$FragmentContentDriver.next(Unknown Source)
		at com.sun.org.apache.xerces.internal.impl.XMLDocumentScannerImpl.next(Unknown Source)
		at com.sun.org.apache.xerces.internal.impl.XMLDocumentFragmentScannerImpl.scanDocument(Unknown Source)
		at com.sun.org.apache.xerces.internal.parsers.XML11Configuration.parse(Unknown Source)
		at com.sun.org.apache.xerces.internal.parsers.XML11Configuration.parse(Unknown Source)
		at com.sun.org.apache.xerces.internal.parsers.XMLParser.parse(Unknown Source)
		at com.sun.org.apache.xerces.internal.parsers.AbstractSAXParser.parse(Unknown Source)
		at com.sun.org.apache.xerces.internal.jaxp.SAXParserImpl$JAXPSAXParser.parse(Unknown Source)
		at org.apache.tomcat.util.digester.Digester.parse(Digester.java:1512)
		at org.apache.tomcat.util.descriptor.web.WebXmlParser.parseWebXml(WebXmlParser.java:119)
		at org.apache.catalina.startup.ContextConfig.webConfig(ContextConfig.java:1066)
		at org.apache.catalina.startup.ContextConfig.configureStart(ContextConfig.java:778)
		at org.apache.catalina.startup.ContextConfig.lifecycleEvent(ContextConfig.java:299)
		at org.apache.catalina.util.LifecycleBase.fireLifecycleEvent(LifecycleBase.java:123)
		at org.apache.catalina.core.StandardContext.startInternal(StandardContext.java:5053)
		at org.apache.catalina.util.LifecycleBase.start(LifecycleBase.java:183)
		at org.apache.catalina.core.StandardContext.reload(StandardContext.java:3752)
		at org.apache.catalina.startup.HostConfig.reload(HostConfig.java:1395)
		at org.apache.catalina.startup.HostConfig.checkResources(HostConfig.java:1368)
		at org.apache.catalina.startup.HostConfig.check(HostConfig.java:1603)
		at org.apache.catalina.startup.HostConfig.lifecycleEvent(HostConfig.java:304)
		at org.apache.catalina.util.LifecycleBase.fireLifecycleEvent(LifecycleBase.java:123)
		at org.apache.catalina.core.ContainerBase.backgroundProcess(ContainerBase.java:1159)
		at org.apache.catalina.core.ContainerBase$ContainerBackgroundProcessor.processChildren(ContainerBase.java:1381)
		at org.apache.catalina.core.ContainerBase$ContainerBackgroundProcessor.processChildren(ContainerBase.java:1385)
		at org.apache.catalina.core.ContainerBase$ContainerBackgroundProcessor.run(ContainerBase.java:1353)
		at java.lang.Thread.run(Unknown Source)
09-Dec-2020 22:15:27.650 SEVERE [ContainerBackgroundProcessor[StandardEngine[Catalina]]] org.apache.tomcat.util.descriptor.web.WebXmlParser.parseWebXml Parse error in application web.xml file at [file:/C:/Program%20Files/Apache%20Software%20Foundation/Tomcat%208.5/webapps/Library/WEB-INF/web.xml]
	org.xml.sax.SAXParseException; systemId: file:/C:/Program%20Files/Apache%20Software%20Foundation/Tomcat%208.5/webapps/Library/WEB-INF/web.xml; lineNumber: 10; columnNumber: 21; Error at (10, 21) : Can't convert argument: null
		at org.apache.tomcat.util.digester.Digester.createSAXException(Digester.java:1948)
		at org.apache.tomcat.util.digester.Digester.createSAXException(Digester.java:1980)
		at org.apache.tomcat.util.digester.Digester.endElement(Digester.java:1021)
		at com.sun.org.apache.xerces.internal.parsers.AbstractSAXParser.endElement(Unknown Source)
		at com.sun.org.apache.xerces.internal.impl.XMLDocumentFragmentScannerImpl.scanEndElement(Unknown Source)
		at com.sun.org.apache.xerces.internal.impl.XMLDocumentFragmentScannerImpl$FragmentContentDriver.next(Unknown Source)
		at com.sun.org.apache.xerces.internal.impl.XMLDocumentScannerImpl.next(Unknown Source)
		at com.sun.org.apache.xerces.internal.impl.XMLDocumentFragmentScannerImpl.scanDocument(Unknown Source)
		at com.sun.org.apache.xerces.internal.parsers.XML11Configuration.parse(Unknown Source)
		at com.sun.org.apache.xerces.internal.parsers.XML11Configuration.parse(Unknown Source)
		at com.sun.org.apache.xerces.internal.parsers.XMLParser.parse(Unknown Source)
		at com.sun.org.apache.xerces.internal.parsers.AbstractSAXParser.parse(Unknown Source)
		at com.sun.org.apache.xerces.internal.jaxp.SAXParserImpl$JAXPSAXParser.parse(Unknown Source)
		at org.apache.tomcat.util.digester.Digester.parse(Digester.java:1512)
		at org.apache.tomcat.util.descriptor.web.WebXmlParser.parseWebXml(WebXmlParser.java:119)
		at org.apache.catalina.startup.ContextConfig.webConfig(ContextConfig.java:1066)
		at org.apache.catalina.startup.ContextConfig.configureStart(ContextConfig.java:778)
		at org.apache.catalina.startup.ContextConfig.lifecycleEvent(ContextConfig.java:299)
		at org.apache.catalina.util.LifecycleBase.fireLifecycleEvent(LifecycleBase.java:123)
		at org.apache.catalina.core.StandardContext.startInternal(StandardContext.java:5053)
		at org.apache.catalina.util.LifecycleBase.start(LifecycleBase.java:183)
		at org.apache.catalina.core.StandardContext.reload(StandardContext.java:3752)
		at org.apache.catalina.startup.HostConfig.reload(HostConfig.java:1395)
		at org.apache.catalina.startup.HostConfig.checkResources(HostConfig.java:1368)
		at org.apache.catalina.startup.HostConfig.check(HostConfig.java:1603)
		at org.apache.catalina.startup.HostConfig.lifecycleEvent(HostConfig.java:304)
		at org.apache.catalina.util.LifecycleBase.fireLifecycleEvent(LifecycleBase.java:123)
		at org.apache.catalina.core.ContainerBase.backgroundProcess(ContainerBase.java:1159)
		at org.apache.catalina.core.ContainerBase$ContainerBackgroundProcessor.processChildren(ContainerBase.java:1381)
		at org.apache.catalina.core.ContainerBase$ContainerBackgroundProcessor.processChildren(ContainerBase.java:1385)
		at org.apache.catalina.core.ContainerBase$ContainerBackgroundProcessor.run(ContainerBase.java:1353)
		at java.lang.Thread.run(Unknown Source)
	Caused by: java.lang.IllegalArgumentException: Can't convert argument: null
		at org.apache.tomcat.util.IntrospectionUtils.convert(IntrospectionUtils.java:493)
		at org.apache.tomcat.util.descriptor.web.CallMethodMultiRule.end(WebRuleSet.java:999)
		at org.apache.tomcat.util.digester.Digester.endElement(Digester.java:1018)
		... 29 more
09-Dec-2020 22:15:27.651 SEVERE [ContainerBackgroundProcessor[StandardEngine[Catalina]]] org.apache.tomcat.util.descriptor.web.WebXmlParser.parseWebXml Occurred at line [10] column [21]
09-Dec-2020 22:15:27.664 SEVERE [ContainerBackgroundProcessor[StandardEngine[Catalina]]] org.apache.catalina.startup.ContextConfig.configureStart Marking this application unavailable due to previous error(s)
09-Dec-2020 22:15:27.664 SEVERE [ContainerBackgroundProcessor[StandardEngine[Catalina]]] org.apache.catalina.core.StandardContext.startInternal One or more components marked the context as not correctly configured
09-Dec-2020 22:15:27.665 SEVERE [ContainerBackgroundProcessor[StandardEngine[Catalina]]] org.apache.catalina.core.StandardContext.startInternal Context [/Library] startup failed due to previous errors
09-Dec-2020 22:15:27.667 INFO [ContainerBackgroundProcessor[StandardEngine[Catalina]]] org.apache.catalina.core.StandardContext.reload Reloading Context with name [/Library] is completed
09-Dec-2020 22:45:19.204 INFO [ContainerBackgroundProcessor[StandardEngine[Catalina]]] org.apache.catalina.startup.HostConfig.reload Reloading context [/Library]
09-Dec-2020 23:31:22.985 INFO [Thread-5] org.apache.coyote.AbstractProtocol.pause Pausing ProtocolHandler ["http-nio-8080"]
09-Dec-2020 23:31:23.224 INFO [Thread-5] org.apache.catalina.core.StandardService.stopInternal Stopping service [Catalina]
09-Dec-2020 23:31:23.240 INFO [Thread-5] org.apache.coyote.AbstractProtocol.stop Stopping ProtocolHandler ["http-nio-8080"]
09-Dec-2020 23:31:23.248 INFO [Thread-5] org.apache.coyote.AbstractProtocol.destroy Destroying ProtocolHandler ["http-nio-8080"]
09-Dec-2020 23:31:25.423 INFO [main] org.apache.catalina.startup.VersionLoggerListener.log Server version name:   Apache Tomcat/8.5.60
09-Dec-2020 23:31:25.428 INFO [main] org.apache.catalina.startup.VersionLoggerListener.log Server built:          Nov 12 2020 17:31:55 UTC
09-Dec-2020 23:31:25.428 INFO [main] org.apache.catalina.startup.VersionLoggerListener.log Server version number: 8.5.60.0
09-Dec-2020 23:31:25.429 INFO [main] org.apache.catalina.startup.VersionLoggerListener.log OS Name:               Windows 10
09-Dec-2020 23:31:25.433 INFO [main] org.apache.catalina.startup.VersionLoggerListener.log OS Version:            10.0
09-Dec-2020 23:31:25.433 INFO [main] org.apache.catalina.startup.VersionLoggerListener.log Architecture:          amd64
09-Dec-2020 23:31:25.433 INFO [main] org.apache.catalina.startup.VersionLoggerListener.log Java Home:             C:\Program Files\Java\jre1.8.0_271
09-Dec-2020 23:31:25.433 INFO [main] org.apache.catalina.startup.VersionLoggerListener.log JVM Version:           1.8.0_271-b09
09-Dec-2020 23:31:25.433 INFO [main] org.apache.catalina.startup.VersionLoggerListener.log JVM Vendor:            Oracle Corporation
09-Dec-2020 23:31:25.433 INFO [main] org.apache.catalina.startup.VersionLoggerListener.log CATALINA_BASE:         C:\Program Files\Apache Software Foundation\Tomcat 8.5
09-Dec-2020 23:31:25.433 INFO [main] org.apache.catalina.startup.VersionLoggerListener.log CATALINA_HOME:         C:\Program Files\Apache Software Foundation\Tomcat 8.5
09-Dec-2020 23:31:25.433 INFO [main] org.apache.catalina.startup.VersionLoggerListener.log Command line argument: -Dcatalina.home=C:\Program Files\Apache Software Foundation\Tomcat 8.5
09-Dec-2020 23:31:25.433 INFO [main] org.apache.catalina.startup.VersionLoggerListener.log Command line argument: -Dcatalina.base=C:\Program Files\Apache Software Foundation\Tomcat 8.5
09-Dec-2020 23:31:25.433 INFO [main] org.apache.catalina.startup.VersionLoggerListener.log Command line argument: -Djava.io.tmpdir=C:\Program Files\Apache Software Foundation\Tomcat 8.5\temp
09-Dec-2020 23:31:25.433 INFO [main] org.apache.catalina.startup.VersionLoggerListener.log Command line argument: -Djava.util.logging.manager=org.apache.juli.ClassLoaderLogManager
09-Dec-2020 23:31:25.433 INFO [main] org.apache.catalina.startup.VersionLoggerListener.log Command line argument: -Djava.util.logging.config.file=C:\Program Files\Apache Software Foundation\Tomcat 8.5\conf\logging.properties
09-Dec-2020 23:31:25.433 INFO [main] org.apache.catalina.startup.VersionLoggerListener.log Command line argument: exit
09-Dec-2020 23:31:25.433 INFO [main] org.apache.catalina.startup.VersionLoggerListener.log Command line argument: abort
09-Dec-2020 23:31:25.433 INFO [main] org.apache.catalina.startup.VersionLoggerListener.log Command line argument: -Xms128m
09-Dec-2020 23:31:25.434 INFO [main] org.apache.catalina.startup.VersionLoggerListener.log Command line argument: -Xmx256m
09-Dec-2020 23:31:25.434 INFO [main] org.apache.catalina.core.AprLifecycleListener.lifecycleEvent The Apache Tomcat Native library which allows using OpenSSL was not found on the java.library.path: [C:\Program Files\Apache Software Foundation\Tomcat 8.5\bin;C:\WINDOWS\Sun\Java\bin;C:\WINDOWS\system32;C:\WINDOWS;C:\Program Files\Java\jre1.8.0_271\bin;C:\WINDOWS\system32;C:\WINDOWS;C:\WINDOWS\System32\Wbem;C:\WINDOWS\System32\WindowsPowerShell\v1.0\;C:\WINDOWS\System32\OpenSSH\;C:\Program Files (x86)\Geth;C:\Program Files\PuTTY\;H:\flutter\bin;C:\Program Files\nodejs\;C:\Program Files\Git\cmd;C:\Program Files\MySQL\MySQL Shell 8.0\bin;C:\Program Files\Java\jdk1.8.0_271\bin;C:\WINDOWS\ServiceProfiles\LocalService\AppData\Local\Microsoft\WindowsApps;.]
09-Dec-2020 23:31:25.738 INFO [main] org.apache.coyote.AbstractProtocol.init Initializing ProtocolHandler ["http-nio-8080"]
09-Dec-2020 23:31:26.044 INFO [main] org.apache.tomcat.util.net.NioSelectorPool.getSharedSelector Using a shared selector for servlet write/read
09-Dec-2020 23:31:26.061 INFO [main] org.apache.catalina.startup.Catalina.load Initialization processed in 1133 ms
09-Dec-2020 23:31:26.101 INFO [main] org.apache.catalina.core.StandardService.startInternal Starting service [Catalina]
09-Dec-2020 23:31:26.101 INFO [main] org.apache.catalina.core.StandardEngine.startInternal Starting Servlet Engine: Apache Tomcat/8.5.60
09-Dec-2020 23:31:26.111 INFO [localhost-startStop-1] org.apache.catalina.startup.HostConfig.deployDirectory Deploying web application directory [C:\Program Files\Apache Software Foundation\Tomcat 8.5\webapps\docs]
09-Dec-2020 23:31:26.415 INFO [localhost-startStop-1] org.apache.catalina.startup.HostConfig.deployDirectory Deployment of web application directory [C:\Program Files\Apache Software Foundation\Tomcat 8.5\webapps\docs] has finished in [304] ms
09-Dec-2020 23:31:26.416 INFO [localhost-startStop-1] org.apache.catalina.startup.HostConfig.deployDirectory Deploying web application directory [C:\Program Files\Apache Software Foundation\Tomcat 8.5\webapps\Library]
09-Dec-2020 23:31:26.494 INFO [localhost-startStop-1] org.apache.catalina.startup.HostConfig.deployDirectory Deployment of web application directory [C:\Program Files\Apache Software Foundation\Tomcat 8.5\webapps\Library] has finished in [78] ms
09-Dec-2020 23:31:26.494 INFO [localhost-startStop-1] org.apache.catalina.startup.HostConfig.deployDirectory Deploying web application directory [C:\Program Files\Apache Software Foundation\Tomcat 8.5\webapps\manager]
09-Dec-2020 23:31:26.548 INFO [localhost-startStop-1] org.apache.catalina.startup.HostConfig.deployDirectory Deployment of web application directory [C:\Program Files\Apache Software Foundation\Tomcat 8.5\webapps\manager] has finished in [54] ms
09-Dec-2020 23:31:26.548 INFO [localhost-startStop-1] org.apache.catalina.startup.HostConfig.deployDirectory Deploying web application directory [C:\Program Files\Apache Software Foundation\Tomcat 8.5\webapps\ROOT]
09-Dec-2020 23:31:26.573 INFO [localhost-startStop-1] org.apache.catalina.startup.HostConfig.deployDirectory Deployment of web application directory [C:\Program Files\Apache Software Foundation\Tomcat 8.5\webapps\ROOT] has finished in [25] ms
09-Dec-2020 23:31:26.575 INFO [main] org.apache.coyote.AbstractProtocol.start Starting ProtocolHandler ["http-nio-8080"]
09-Dec-2020 23:31:26.585 INFO [main] org.apache.catalina.startup.Catalina.start Server startup in 523 ms
09-Dec-2020 23:36:14.982 INFO [Thread-5] org.apache.coyote.AbstractProtocol.pause Pausing ProtocolHandler ["http-nio-8080"]
09-Dec-2020 23:36:15.214 INFO [Thread-5] org.apache.catalina.core.StandardService.stopInternal Stopping service [Catalina]
09-Dec-2020 23:36:15.257 INFO [Thread-5] org.apache.coyote.AbstractProtocol.stop Stopping ProtocolHandler ["http-nio-8080"]
09-Dec-2020 23:36:15.263 INFO [Thread-5] org.apache.coyote.AbstractProtocol.destroy Destroying ProtocolHandler ["http-nio-8080"]
09-Dec-2020 23:36:17.215 INFO [main] org.apache.catalina.startup.VersionLoggerListener.log Server version name:   Apache Tomcat/8.5.60
09-Dec-2020 23:36:17.218 INFO [main] org.apache.catalina.startup.VersionLoggerListener.log Server built:          Nov 12 2020 17:31:55 UTC
09-Dec-2020 23:36:17.218 INFO [main] org.apache.catalina.startup.VersionLoggerListener.log Server version number: 8.5.60.0
09-Dec-2020 23:36:17.219 INFO [main] org.apache.catalina.startup.VersionLoggerListener.log OS Name:               Windows 10
09-Dec-2020 23:36:17.224 INFO [main] org.apache.catalina.startup.VersionLoggerListener.log OS Version:            10.0
09-Dec-2020 23:36:17.224 INFO [main] org.apache.catalina.startup.VersionLoggerListener.log Architecture:          amd64
09-Dec-2020 23:36:17.224 INFO [main] org.apache.catalina.startup.VersionLoggerListener.log Java Home:             C:\Program Files\Java\jre1.8.0_271
09-Dec-2020 23:36:17.224 INFO [main] org.apache.catalina.startup.VersionLoggerListener.log JVM Version:           1.8.0_271-b09
09-Dec-2020 23:36:17.224 INFO [main] org.apache.catalina.startup.VersionLoggerListener.log JVM Vendor:            Oracle Corporation
09-Dec-2020 23:36:17.224 INFO [main] org.apache.catalina.startup.VersionLoggerListener.log CATALINA_BASE:         C:\Program Files\Apache Software Foundation\Tomcat 8.5
09-Dec-2020 23:36:17.225 INFO [main] org.apache.catalina.startup.VersionLoggerListener.log CATALINA_HOME:         C:\Program Files\Apache Software Foundation\Tomcat 8.5
09-Dec-2020 23:36:17.225 INFO [main] org.apache.catalina.startup.VersionLoggerListener.log Command line argument: -Dcatalina.home=C:\Program Files\Apache Software Foundation\Tomcat 8.5
09-Dec-2020 23:36:17.225 INFO [main] org.apache.catalina.startup.VersionLoggerListener.log Command line argument: -Dcatalina.base=C:\Program Files\Apache Software Foundation\Tomcat 8.5
09-Dec-2020 23:36:17.225 INFO [main] org.apache.catalina.startup.VersionLoggerListener.log Command line argument: -Djava.io.tmpdir=C:\Program Files\Apache Software Foundation\Tomcat 8.5\temp
09-Dec-2020 23:36:17.225 INFO [main] org.apache.catalina.startup.VersionLoggerListener.log Command line argument: -Djava.util.logging.manager=org.apache.juli.ClassLoaderLogManager
09-Dec-2020 23:36:17.225 INFO [main] org.apache.catalina.startup.VersionLoggerListener.log Command line argument: -Djava.util.logging.config.file=C:\Program Files\Apache Software Foundation\Tomcat 8.5\conf\logging.properties
09-Dec-2020 23:36:17.225 INFO [main] org.apache.catalina.startup.VersionLoggerListener.log Command line argument: exit
09-Dec-2020 23:36:17.225 INFO [main] org.apache.catalina.startup.VersionLoggerListener.log Command line argument: abort
09-Dec-2020 23:36:17.226 INFO [main] org.apache.catalina.startup.VersionLoggerListener.log Command line argument: -Xms128m
09-Dec-2020 23:36:17.226 INFO [main] org.apache.catalina.startup.VersionLoggerListener.log Command line argument: -Xmx256m
09-Dec-2020 23:36:17.226 INFO [main] org.apache.catalina.core.AprLifecycleListener.lifecycleEvent The Apache Tomcat Native library which allows using OpenSSL was not found on the java.library.path: [C:\Program Files\Apache Software Foundation\Tomcat 8.5\bin;C:\WINDOWS\Sun\Java\bin;C:\WINDOWS\system32;C:\WINDOWS;C:\Program Files\Java\jre1.8.0_271\bin;C:\WINDOWS\system32;C:\WINDOWS;C:\WINDOWS\System32\Wbem;C:\WINDOWS\System32\WindowsPowerShell\v1.0\;C:\WINDOWS\System32\OpenSSH\;C:\Program Files (x86)\Geth;C:\Program Files\PuTTY\;H:\flutter\bin;C:\Program Files\nodejs\;C:\Program Files\Git\cmd;C:\Program Files\MySQL\MySQL Shell 8.0\bin;C:\Program Files\Java\jdk1.8.0_271\bin;C:\WINDOWS\ServiceProfiles\LocalService\AppData\Local\Microsoft\WindowsApps;.]
09-Dec-2020 23:36:17.396 INFO [main] org.apache.coyote.AbstractProtocol.init Initializing ProtocolHandler ["http-nio-8080"]
09-Dec-2020 23:36:17.676 INFO [main] org.apache.tomcat.util.net.NioSelectorPool.getSharedSelector Using a shared selector for servlet write/read
09-Dec-2020 23:36:17.695 INFO [main] org.apache.catalina.startup.Catalina.load Initialization processed in 991 ms
09-Dec-2020 23:36:17.734 INFO [main] org.apache.catalina.core.StandardService.startInternal Starting service [Catalina]
09-Dec-2020 23:36:17.734 INFO [main] org.apache.catalina.core.StandardEngine.startInternal Starting Servlet Engine: Apache Tomcat/8.5.60
09-Dec-2020 23:36:17.744 INFO [localhost-startStop-1] org.apache.catalina.startup.HostConfig.deployDirectory Deploying web application directory [C:\Program Files\Apache Software Foundation\Tomcat 8.5\webapps\docs]
09-Dec-2020 23:36:18.059 INFO [localhost-startStop-1] org.apache.catalina.startup.HostConfig.deployDirectory Deployment of web application directory [C:\Program Files\Apache Software Foundation\Tomcat 8.5\webapps\docs] has finished in [314] ms
09-Dec-2020 23:36:18.060 INFO [localhost-startStop-1] org.apache.catalina.startup.HostConfig.deployDirectory Deploying web application directory [C:\Program Files\Apache Software Foundation\Tomcat 8.5\webapps\Library]
09-Dec-2020 23:36:18.164 INFO [localhost-startStop-1] org.apache.catalina.startup.HostConfig.deployDirectory Deployment of web application directory [C:\Program Files\Apache Software Foundation\Tomcat 8.5\webapps\Library] has finished in [104] ms
09-Dec-2020 23:36:18.164 INFO [localhost-startStop-1] org.apache.catalina.startup.HostConfig.deployDirectory Deploying web application directory [C:\Program Files\Apache Software Foundation\Tomcat 8.5\webapps\manager]
09-Dec-2020 23:36:18.222 INFO [localhost-startStop-1] org.apache.catalina.startup.HostConfig.deployDirectory Deployment of web application directory [C:\Program Files\Apache Software Foundation\Tomcat 8.5\webapps\manager] has finished in [58] ms
09-Dec-2020 23:36:18.223 INFO [localhost-startStop-1] org.apache.catalina.startup.HostConfig.deployDirectory Deploying web application directory [C:\Program Files\Apache Software Foundation\Tomcat 8.5\webapps\ROOT]
09-Dec-2020 23:36:18.250 INFO [localhost-startStop-1] org.apache.catalina.startup.HostConfig.deployDirectory Deployment of web application directory [C:\Program Files\Apache Software Foundation\Tomcat 8.5\webapps\ROOT] has finished in [27] ms
09-Dec-2020 23:36:18.252 INFO [main] org.apache.coyote.AbstractProtocol.start Starting ProtocolHandler ["http-nio-8080"]
09-Dec-2020 23:36:18.260 INFO [main] org.apache.catalina.startup.Catalina.start Server startup in 564 ms
09-Dec-2020 23:55:21.205 INFO [Thread-5] org.apache.coyote.AbstractProtocol.pause Pausing ProtocolHandler ["http-nio-8080"]
09-Dec-2020 23:55:21.493 INFO [Thread-5] org.apache.catalina.core.StandardService.stopInternal Stopping service [Catalina]
09-Dec-2020 23:55:21.529 INFO [Thread-5] org.apache.coyote.AbstractProtocol.stop Stopping ProtocolHandler ["http-nio-8080"]
09-Dec-2020 23:55:21.533 INFO [Thread-5] org.apache.coyote.AbstractProtocol.destroy Destroying ProtocolHandler ["http-nio-8080"]
09-Dec-2020 23:55:23.641 INFO [main] org.apache.catalina.startup.VersionLoggerListener.log Server version name:   Apache Tomcat/8.5.60
09-Dec-2020 23:55:23.643 INFO [main] org.apache.catalina.startup.VersionLoggerListener.log Server built:          Nov 12 2020 17:31:55 UTC
09-Dec-2020 23:55:23.643 INFO [main] org.apache.catalina.startup.VersionLoggerListener.log Server version number: 8.5.60.0
09-Dec-2020 23:55:23.643 INFO [main] org.apache.catalina.startup.VersionLoggerListener.log OS Name:               Windows 10
09-Dec-2020 23:55:23.649 INFO [main] org.apache.catalina.startup.VersionLoggerListener.log OS Version:            10.0
09-Dec-2020 23:55:23.649 INFO [main] org.apache.catalina.startup.VersionLoggerListener.log Architecture:          amd64
09-Dec-2020 23:55:23.649 INFO [main] org.apache.catalina.startup.VersionLoggerListener.log Java Home:             C:\Program Files\Java\jre1.8.0_271
09-Dec-2020 23:55:23.649 INFO [main] org.apache.catalina.startup.VersionLoggerListener.log JVM Version:           1.8.0_271-b09
09-Dec-2020 23:55:23.649 INFO [main] org.apache.catalina.startup.VersionLoggerListener.log JVM Vendor:            Oracle Corporation
09-Dec-2020 23:55:23.650 INFO [main] org.apache.catalina.startup.VersionLoggerListener.log CATALINA_BASE:         C:\Program Files\Apache Software Foundation\Tomcat 8.5
09-Dec-2020 23:55:23.650 INFO [main] org.apache.catalina.startup.VersionLoggerListener.log CATALINA_HOME:         C:\Program Files\Apache Software Foundation\Tomcat 8.5
09-Dec-2020 23:55:23.650 INFO [main] org.apache.catalina.startup.VersionLoggerListener.log Command line argument: -Dcatalina.home=C:\Program Files\Apache Software Foundation\Tomcat 8.5
09-Dec-2020 23:55:23.651 INFO [main] org.apache.catalina.startup.VersionLoggerListener.log Command line argument: -Dcatalina.base=C:\Program Files\Apache Software Foundation\Tomcat 8.5
09-Dec-2020 23:55:23.651 INFO [main] org.apache.catalina.startup.VersionLoggerListener.log Command line argument: -Djava.io.tmpdir=C:\Program Files\Apache Software Foundation\Tomcat 8.5\temp
09-Dec-2020 23:55:23.651 INFO [main] org.apache.catalina.startup.VersionLoggerListener.log Command line argument: -Djava.util.logging.manager=org.apache.juli.ClassLoaderLogManager
09-Dec-2020 23:55:23.651 INFO [main] org.apache.catalina.startup.VersionLoggerListener.log Command line argument: -Djava.util.logging.config.file=C:\Program Files\Apache Software Foundation\Tomcat 8.5\conf\logging.properties
09-Dec-2020 23:55:23.652 INFO [main] org.apache.catalina.startup.VersionLoggerListener.log Command line argument: exit
09-Dec-2020 23:55:23.652 INFO [main] org.apache.catalina.startup.VersionLoggerListener.log Command line argument: abort
09-Dec-2020 23:55:23.652 INFO [main] org.apache.catalina.startup.VersionLoggerListener.log Command line argument: -Xms128m
09-Dec-2020 23:55:23.652 INFO [main] org.apache.catalina.startup.VersionLoggerListener.log Command line argument: -Xmx256m
09-Dec-2020 23:55:23.652 INFO [main] org.apache.catalina.core.AprLifecycleListener.lifecycleEvent The Apache Tomcat Native library which allows using OpenSSL was not found on the java.library.path: [C:\Program Files\Apache Software Foundation\Tomcat 8.5\bin;C:\WINDOWS\Sun\Java\bin;C:\WINDOWS\system32;C:\WINDOWS;C:\Program Files\Java\jre1.8.0_271\bin;C:\WINDOWS\system32;C:\WINDOWS;C:\WINDOWS\System32\Wbem;C:\WINDOWS\System32\WindowsPowerShell\v1.0\;C:\WINDOWS\System32\OpenSSH\;C:\Program Files (x86)\Geth;C:\Program Files\PuTTY\;H:\flutter\bin;C:\Program Files\nodejs\;C:\Program Files\Git\cmd;C:\Program Files\MySQL\MySQL Shell 8.0\bin;C:\Program Files\Java\jdk1.8.0_271\bin;C:\WINDOWS\ServiceProfiles\LocalService\AppData\Local\Microsoft\WindowsApps;.]
09-Dec-2020 23:55:23.846 INFO [main] org.apache.coyote.AbstractProtocol.init Initializing ProtocolHandler ["http-nio-8080"]
09-Dec-2020 23:55:24.207 INFO [main] org.apache.tomcat.util.net.NioSelectorPool.getSharedSelector Using a shared selector for servlet write/read
09-Dec-2020 23:55:24.247 INFO [main] org.apache.catalina.startup.Catalina.load Initialization processed in 1275 ms
09-Dec-2020 23:55:24.332 INFO [main] org.apache.catalina.core.StandardService.startInternal Starting service [Catalina]
09-Dec-2020 23:55:24.332 INFO [main] org.apache.catalina.core.StandardEngine.startInternal Starting Servlet Engine: Apache Tomcat/8.5.60
09-Dec-2020 23:55:24.352 INFO [localhost-startStop-1] org.apache.catalina.startup.HostConfig.deployDirectory Deploying web application directory [C:\Program Files\Apache Software Foundation\Tomcat 8.5\webapps\docs]
09-Dec-2020 23:55:24.745 INFO [localhost-startStop-1] org.apache.catalina.startup.HostConfig.deployDirectory Deployment of web application directory [C:\Program Files\Apache Software Foundation\Tomcat 8.5\webapps\docs] has finished in [391] ms
09-Dec-2020 23:55:24.745 INFO [localhost-startStop-1] org.apache.catalina.startup.HostConfig.deployDirectory Deploying web application directory [C:\Program Files\Apache Software Foundation\Tomcat 8.5\webapps\Library]
09-Dec-2020 23:55:24.828 INFO [localhost-startStop-1] org.apache.catalina.startup.HostConfig.deployDirectory Deployment of web application directory [C:\Program Files\Apache Software Foundation\Tomcat 8.5\webapps\Library] has finished in [83] ms
09-Dec-2020 23:55:24.828 INFO [localhost-startStop-1] org.apache.catalina.startup.HostConfig.deployDirectory Deploying web application directory [C:\Program Files\Apache Software Foundation\Tomcat 8.5\webapps\manager]
09-Dec-2020 23:55:24.884 INFO [localhost-startStop-1] org.apache.catalina.startup.HostConfig.deployDirectory Deployment of web application directory [C:\Program Files\Apache Software Foundation\Tomcat 8.5\webapps\manager] has finished in [56] ms
09-Dec-2020 23:55:24.884 INFO [localhost-startStop-1] org.apache.catalina.startup.HostConfig.deployDirectory Deploying web application directory [C:\Program Files\Apache Software Foundation\Tomcat 8.5\webapps\ROOT]
09-Dec-2020 23:55:24.907 INFO [localhost-startStop-1] org.apache.catalina.startup.HostConfig.deployDirectory Deployment of web application directory [C:\Program Files\Apache Software Foundation\Tomcat 8.5\webapps\ROOT] has finished in [23] ms
09-Dec-2020 23:55:24.910 INFO [main] org.apache.coyote.AbstractProtocol.start Starting ProtocolHandler ["http-nio-8080"]
09-Dec-2020 23:55:24.919 INFO [main] org.apache.catalina.startup.Catalina.start Server startup in 670 ms
09-Dec-2020 23:58:12.143 INFO [Thread-5] org.apache.coyote.AbstractProtocol.pause Pausing ProtocolHandler ["http-nio-8080"]
09-Dec-2020 23:58:12.434 INFO [Thread-5] org.apache.catalina.core.StandardService.stopInternal Stopping service [Catalina]
09-Dec-2020 23:58:12.465 INFO [Thread-5] org.apache.coyote.AbstractProtocol.stop Stopping ProtocolHandler ["http-nio-8080"]
09-Dec-2020 23:58:12.468 INFO [Thread-5] org.apache.coyote.AbstractProtocol.destroy Destroying ProtocolHandler ["http-nio-8080"]
09-Dec-2020 23:58:14.586 INFO [main] org.apache.catalina.startup.VersionLoggerListener.log Server version name:   Apache Tomcat/8.5.60
09-Dec-2020 23:58:14.590 INFO [main] org.apache.catalina.startup.VersionLoggerListener.log Server built:          Nov 12 2020 17:31:55 UTC
09-Dec-2020 23:58:14.590 INFO [main] org.apache.catalina.startup.VersionLoggerListener.log Server version number: 8.5.60.0
09-Dec-2020 23:58:14.590 INFO [main] org.apache.catalina.startup.VersionLoggerListener.log OS Name:               Windows 10
09-Dec-2020 23:58:14.599 INFO [main] org.apache.catalina.startup.VersionLoggerListener.log OS Version:            10.0
09-Dec-2020 23:58:14.599 INFO [main] org.apache.catalina.startup.VersionLoggerListener.log Architecture:          amd64
09-Dec-2020 23:58:14.599 INFO [main] org.apache.catalina.startup.VersionLoggerListener.log Java Home:             C:\Program Files\Java\jre1.8.0_271
09-Dec-2020 23:58:14.599 INFO [main] org.apache.catalina.startup.VersionLoggerListener.log JVM Version:           1.8.0_271-b09
09-Dec-2020 23:58:14.599 INFO [main] org.apache.catalina.startup.VersionLoggerListener.log JVM Vendor:            Oracle Corporation
09-Dec-2020 23:58:14.599 INFO [main] org.apache.catalina.startup.VersionLoggerListener.log CATALINA_BASE:         C:\Program Files\Apache Software Foundation\Tomcat 8.5
09-Dec-2020 23:58:14.600 INFO [main] org.apache.catalina.startup.VersionLoggerListener.log CATALINA_HOME:         C:\Program Files\Apache Software Foundation\Tomcat 8.5
09-Dec-2020 23:58:14.600 INFO [main] org.apache.catalina.startup.VersionLoggerListener.log Command line argument: -Dcatalina.home=C:\Program Files\Apache Software Foundation\Tomcat 8.5
09-Dec-2020 23:58:14.600 INFO [main] org.apache.catalina.startup.VersionLoggerListener.log Command line argument: -Dcatalina.base=C:\Program Files\Apache Software Foundation\Tomcat 8.5
09-Dec-2020 23:58:14.600 INFO [main] org.apache.catalina.startup.VersionLoggerListener.log Command line argument: -Djava.io.tmpdir=C:\Program Files\Apache Software Foundation\Tomcat 8.5\temp
09-Dec-2020 23:58:14.601 INFO [main] org.apache.catalina.startup.VersionLoggerListener.log Command line argument: -Djava.util.logging.manager=org.apache.juli.ClassLoaderLogManager
09-Dec-2020 23:58:14.601 INFO [main] org.apache.catalina.startup.VersionLoggerListener.log Command line argument: -Djava.util.logging.config.file=C:\Program Files\Apache Software Foundation\Tomcat 8.5\conf\logging.properties
09-Dec-2020 23:58:14.601 INFO [main] org.apache.catalina.startup.VersionLoggerListener.log Command line argument: exit
09-Dec-2020 23:58:14.601 INFO [main] org.apache.catalina.startup.VersionLoggerListener.log Command line argument: abort
09-Dec-2020 23:58:14.602 INFO [main] org.apache.catalina.startup.VersionLoggerListener.log Command line argument: -Xms128m
09-Dec-2020 23:58:14.602 INFO [main] org.apache.catalina.startup.VersionLoggerListener.log Command line argument: -Xmx256m
09-Dec-2020 23:58:14.602 INFO [main] org.apache.catalina.core.AprLifecycleListener.lifecycleEvent The Apache Tomcat Native library which allows using OpenSSL was not found on the java.library.path: [C:\Program Files\Apache Software Foundation\Tomcat 8.5\bin;C:\WINDOWS\Sun\Java\bin;C:\WINDOWS\system32;C:\WINDOWS;C:\Program Files\Java\jre1.8.0_271\bin;C:\WINDOWS\system32;C:\WINDOWS;C:\WINDOWS\System32\Wbem;C:\WINDOWS\System32\WindowsPowerShell\v1.0\;C:\WINDOWS\System32\OpenSSH\;C:\Program Files (x86)\Geth;C:\Program Files\PuTTY\;H:\flutter\bin;C:\Program Files\nodejs\;C:\Program Files\Git\cmd;C:\Program Files\MySQL\MySQL Shell 8.0\bin;C:\Program Files\Java\jdk1.8.0_271\bin;C:\WINDOWS\ServiceProfiles\LocalService\AppData\Local\Microsoft\WindowsApps;.]
09-Dec-2020 23:58:14.788 INFO [main] org.apache.coyote.AbstractProtocol.init Initializing ProtocolHandler ["http-nio-8080"]
09-Dec-2020 23:58:15.103 INFO [main] org.apache.tomcat.util.net.NioSelectorPool.getSharedSelector Using a shared selector for servlet write/read
09-Dec-2020 23:58:15.137 INFO [main] org.apache.catalina.startup.Catalina.load Initialization processed in 1215 ms
09-Dec-2020 23:58:15.232 INFO [main] org.apache.catalina.core.StandardService.startInternal Starting service [Catalina]
09-Dec-2020 23:58:15.232 INFO [main] org.apache.catalina.core.StandardEngine.startInternal Starting Servlet Engine: Apache Tomcat/8.5.60
09-Dec-2020 23:58:15.256 INFO [localhost-startStop-1] org.apache.catalina.startup.HostConfig.deployDirectory Deploying web application directory [C:\Program Files\Apache Software Foundation\Tomcat 8.5\webapps\docs]
09-Dec-2020 23:58:15.749 INFO [localhost-startStop-1] org.apache.catalina.startup.HostConfig.deployDirectory Deployment of web application directory [C:\Program Files\Apache Software Foundation\Tomcat 8.5\webapps\docs] has finished in [492] ms
09-Dec-2020 23:58:15.749 INFO [localhost-startStop-1] org.apache.catalina.startup.HostConfig.deployDirectory Deploying web application directory [C:\Program Files\Apache Software Foundation\Tomcat 8.5\webapps\Library]
09-Dec-2020 23:58:15.934 INFO [localhost-startStop-1] org.apache.catalina.startup.HostConfig.deployDirectory Deployment of web application directory [C:\Program Files\Apache Software Foundation\Tomcat 8.5\webapps\Library] has finished in [185] ms
09-Dec-2020 23:58:15.934 INFO [localhost-startStop-1] org.apache.catalina.startup.HostConfig.deployDirectory Deploying web application directory [C:\Program Files\Apache Software Foundation\Tomcat 8.5\webapps\manager]
09-Dec-2020 23:58:15.990 INFO [localhost-startStop-1] org.apache.catalina.startup.HostConfig.deployDirectory Deployment of web application directory [C:\Program Files\Apache Software Foundation\Tomcat 8.5\webapps\manager] has finished in [56] ms
09-Dec-2020 23:58:15.991 INFO [localhost-startStop-1] org.apache.catalina.startup.HostConfig.deployDirectory Deploying web application directory [C:\Program Files\Apache Software Foundation\Tomcat 8.5\webapps\ROOT]
09-Dec-2020 23:58:16.014 INFO [localhost-startStop-1] org.apache.catalina.startup.HostConfig.deployDirectory Deployment of web application directory [C:\Program Files\Apache Software Foundation\Tomcat 8.5\webapps\ROOT] has finished in [24] ms
09-Dec-2020 23:58:16.017 INFO [main] org.apache.coyote.AbstractProtocol.start Starting ProtocolHandler ["http-nio-8080"]
09-Dec-2020 23:58:16.026 INFO [main] org.apache.catalina.startup.Catalina.start Server startup in 889 ms
