[2020-12-14 07:11:09] [info]  [ 9904] Apache Commons Daemon procrun (1.2.3.0 64-bit) started.
[2020-12-14 07:11:09] [info]  [ 9904] Running Service 'Tomcat8'...
[2020-12-14 07:11:09] [info]  [11192] Starting service...
[2020-12-14 07:11:10] [info]  [11192] Service started in 1321 milliseconds.
[2020-12-14 07:47:23] [info]  [ 8892] Stopping service...
[2020-12-14 07:47:24] [info]  [ 8892] Service stop thread completed.
[2020-12-14 07:47:24] [info]  [ 9904] Run service finished.
[2020-12-14 07:47:24] [info]  [ 9904] Apache Commons Daemon procrun finished.
[2020-12-14 07:47:25] [info]  [13816] Apache Commons Daemon procrun (1.2.3.0 64-bit) started.
[2020-12-14 07:47:25] [info]  [13816] Running Service 'Tomcat8'...
[2020-12-14 07:47:25] [info]  [12220] Starting service...
[2020-12-14 07:47:26] [info]  [12220] Service started in 1257 milliseconds.
[2020-12-14 07:55:06] [info]  [13592] Stopping service...
[2020-12-14 07:55:07] [info]  [13592] Service stop thread completed.
[2020-12-14 07:55:07] [info]  [13816] Run service finished.
[2020-12-14 07:55:08] [info]  [13816] Apache Commons Daemon procrun finished.
[2020-12-14 07:55:08] [info]  [ 3800] Apache Commons Daemon procrun (1.2.3.0 64-bit) started.
[2020-12-14 07:55:08] [info]  [ 3800] Running Service 'Tomcat8'...
[2020-12-14 07:55:08] [info]  [ 8728] Starting service...
[2020-12-14 07:55:09] [info]  [ 8728] Service started in 1261 milliseconds.
[2020-12-14 08:56:15] [info]  [13792] Stopping service...
[2020-12-14 08:56:16] [info]  [13792] Service stop thread completed.
[2020-12-14 08:56:16] [info]  [ 3800] Run service finished.
[2020-12-14 08:56:16] [info]  [ 3800] Apache Commons Daemon procrun finished.
[2020-12-14 08:56:16] [info]  [ 8932] Apache Commons Daemon procrun (1.2.3.0 64-bit) started.
[2020-12-14 08:56:16] [info]  [ 8932] Running Service 'Tomcat8'...
[2020-12-14 08:56:16] [info]  [11256] Starting service...
[2020-12-14 08:56:17] [info]  [11256] Service started in 1169 milliseconds.
[2020-12-14 08:57:44] [info]  [16088] Stopping service...
[2020-12-14 08:57:45] [info]  [16088] Service stop thread completed.
[2020-12-14 08:57:45] [info]  [ 8932] Run service finished.
[2020-12-14 08:57:45] [info]  [ 8932] Apache Commons Daemon procrun finished.
[2020-12-14 08:57:45] [info]  [13672] Apache Commons Daemon procrun (1.2.3.0 64-bit) started.
[2020-12-14 08:57:45] [info]  [13672] Running Service 'Tomcat8'...
[2020-12-14 08:57:45] [info]  [  904] Starting service...
[2020-12-14 08:57:47] [info]  [  904] Service started in 1163 milliseconds.
[2020-12-14 09:01:19] [info]  [ 3980] Stopping service...
[2020-12-14 09:01:20] [info]  [ 3980] Service stop thread completed.
[2020-12-14 09:01:20] [info]  [13672] Run service finished.
[2020-12-14 09:01:20] [info]  [13672] Apache Commons Daemon procrun finished.
[2020-12-14 09:01:20] [info]  [14548] Apache Commons Daemon procrun (1.2.3.0 64-bit) started.
[2020-12-14 09:01:20] [info]  [14548] Running Service 'Tomcat8'...
[2020-12-14 09:01:20] [info]  [ 1256] Starting service...
[2020-12-14 09:01:21] [info]  [ 1256] Service started in 1157 milliseconds.
[2020-12-14 09:06:18] [info]  [12708] Stopping service...
[2020-12-14 09:06:19] [info]  [12708] Service stop thread completed.
[2020-12-14 09:06:19] [info]  [14548] Run service finished.
[2020-12-14 09:06:19] [info]  [14548] Apache Commons Daemon procrun finished.
[2020-12-14 09:06:19] [info]  [11860] Apache Commons Daemon procrun (1.2.3.0 64-bit) started.
[2020-12-14 09:06:19] [info]  [11860] Running Service 'Tomcat8'...
[2020-12-14 09:06:19] [info]  [10760] Starting service...
[2020-12-14 09:06:21] [info]  [10760] Service started in 1162 milliseconds.
[2020-12-14 09:07:37] [info]  [13556] Stopping service...
[2020-12-14 09:07:38] [info]  [13556] Service stop thread completed.
[2020-12-14 09:07:38] [info]  [11860] Run service finished.
[2020-12-14 09:07:38] [info]  [11860] Apache Commons Daemon procrun finished.
[2020-12-14 09:07:39] [info]  [13952] Apache Commons Daemon procrun (1.2.3.0 64-bit) started.
[2020-12-14 09:07:39] [info]  [13952] Running Service 'Tomcat8'...
[2020-12-14 09:07:39] [info]  [  796] Starting service...
[2020-12-14 09:07:40] [info]  [  796] Service started in 1166 milliseconds.
[2020-12-14 09:09:40] [info]  [ 9124] Stopping service...
[2020-12-14 09:09:41] [info]  [ 9124] Service stop thread completed.
[2020-12-14 09:09:41] [info]  [13952] Run service finished.
[2020-12-14 09:09:41] [info]  [13952] Apache Commons Daemon procrun finished.
[2020-12-14 09:09:41] [info]  [ 2844] Apache Commons Daemon procrun (1.2.3.0 64-bit) started.
[2020-12-14 09:09:41] [info]  [ 2844] Running Service 'Tomcat8'...
[2020-12-14 09:09:41] [info]  [13920] Starting service...
[2020-12-14 09:09:43] [info]  [13920] Service started in 1165 milliseconds.
[2020-12-14 09:14:34] [info]  [16096] Stopping service...
[2020-12-14 09:14:35] [info]  [16096] Service stop thread completed.
[2020-12-14 09:14:35] [info]  [ 2844] Run service finished.
[2020-12-14 09:14:35] [info]  [ 2844] Apache Commons Daemon procrun finished.
[2020-12-14 09:14:36] [info]  [15756] Apache Commons Daemon procrun (1.2.3.0 64-bit) started.
[2020-12-14 09:14:36] [info]  [15756] Running Service 'Tomcat8'...
[2020-12-14 09:14:36] [info]  [ 3552] Starting service...
[2020-12-14 09:14:37] [info]  [ 3552] Service started in 1163 milliseconds.
[2020-12-14 09:15:19] [info]  [ 3960] Stopping service...
[2020-12-14 09:15:20] [info]  [ 3960] Service stop thread completed.
[2020-12-14 09:15:20] [info]  [15756] Run service finished.
[2020-12-14 09:15:20] [info]  [15756] Apache Commons Daemon procrun finished.
[2020-12-14 09:15:20] [info]  [ 6108] Apache Commons Daemon procrun (1.2.3.0 64-bit) started.
[2020-12-14 09:15:20] [info]  [ 6108] Running Service 'Tomcat8'...
[2020-12-14 09:15:20] [info]  [  104] Starting service...
[2020-12-14 09:15:21] [info]  [  104] Service started in 1154 milliseconds.
[2020-12-14 09:36:57] [info]  [ 9596] Stopping service...
[2020-12-14 09:36:58] [info]  [ 9596] Service stop thread completed.
[2020-12-14 09:36:58] [info]  [ 6108] Run service finished.
[2020-12-14 09:36:58] [info]  [ 6108] Apache Commons Daemon procrun finished.
[2020-12-14 09:36:58] [info]  [15808] Apache Commons Daemon procrun (1.2.3.0 64-bit) started.
[2020-12-14 09:36:58] [info]  [15808] Running Service 'Tomcat8'...
[2020-12-14 09:36:58] [info]  [12492] Starting service...
[2020-12-14 09:36:59] [info]  [12492] Service started in 1229 milliseconds.
[2020-12-14 09:40:05] [info]  [ 2512] Stopping service...
[2020-12-14 09:40:06] [info]  [ 2512] Service stop thread completed.
[2020-12-14 09:40:06] [info]  [15808] Run service finished.
[2020-12-14 09:40:06] [info]  [15808] Apache Commons Daemon procrun finished.
[2020-12-14 09:40:06] [info]  [ 1424] Apache Commons Daemon procrun (1.2.3.0 64-bit) started.
[2020-12-14 09:40:06] [info]  [ 1424] Running Service 'Tomcat8'...
[2020-12-14 09:40:06] [info]  [12540] Starting service...
[2020-12-14 09:40:07] [info]  [12540] Service started in 1212 milliseconds.
[2020-12-14 09:41:46] [info]  [ 2608] Stopping service...
[2020-12-14 09:41:47] [info]  [ 2608] Service stop thread completed.
[2020-12-14 09:41:47] [info]  [ 1424] Run service finished.
[2020-12-14 09:41:47] [info]  [ 1424] Apache Commons Daemon procrun finished.
[2020-12-14 09:41:48] [info]  [ 9716] Apache Commons Daemon procrun (1.2.3.0 64-bit) started.
[2020-12-14 09:41:48] [info]  [ 9716] Running Service 'Tomcat8'...
[2020-12-14 09:41:48] [info]  [ 8612] Starting service...
[2020-12-14 09:41:49] [info]  [ 8612] Service started in 1279 milliseconds.
[2020-12-14 09:42:26] [info]  [ 2552] Stopping service...
[2020-12-14 09:42:27] [info]  [ 2552] Service stop thread completed.
[2020-12-14 09:42:27] [info]  [ 9716] Run service finished.
[2020-12-14 09:42:27] [info]  [ 9716] Apache Commons Daemon procrun finished.
[2020-12-14 09:42:27] [info]  [ 2400] Apache Commons Daemon procrun (1.2.3.0 64-bit) started.
[2020-12-14 09:42:27] [info]  [ 2400] Running Service 'Tomcat8'...
[2020-12-14 09:42:27] [info]  [ 3904] Starting service...
[2020-12-14 09:42:28] [info]  [ 3904] Service started in 1201 milliseconds.
[2020-12-14 09:43:27] [info]  [14876] Stopping service...
[2020-12-14 09:43:28] [info]  [14876] Service stop thread completed.
[2020-12-14 09:43:28] [info]  [ 2400] Run service finished.
[2020-12-14 09:43:28] [info]  [ 2400] Apache Commons Daemon procrun finished.
[2020-12-14 09:43:28] [info]  [ 6052] Apache Commons Daemon procrun (1.2.3.0 64-bit) started.
[2020-12-14 09:43:28] [info]  [ 6052] Running Service 'Tomcat8'...
[2020-12-14 09:43:28] [info]  [12268] Starting service...
[2020-12-14 09:43:29] [info]  [12268] Service started in 1241 milliseconds.
[2020-12-14 09:46:21] [info]  [10172] Stopping service...
[2020-12-14 09:46:22] [info]  [10172] Service stop thread completed.
[2020-12-14 09:46:22] [info]  [ 6052] Run service finished.
[2020-12-14 09:46:22] [info]  [ 6052] Apache Commons Daemon procrun finished.
[2020-12-14 09:46:22] [info]  [13020] Apache Commons Daemon procrun (1.2.3.0 64-bit) started.
[2020-12-14 09:46:22] [info]  [13020] Running Service 'Tomcat8'...
[2020-12-14 09:46:22] [info]  [ 9396] Starting service...
[2020-12-14 09:46:23] [info]  [ 9396] Service started in 1366 milliseconds.
[2020-12-14 09:47:31] [info]  [15700] Stopping service...
[2020-12-14 09:47:32] [info]  [15700] Service stop thread completed.
[2020-12-14 09:47:32] [info]  [13020] Run service finished.
[2020-12-14 09:47:32] [info]  [13020] Apache Commons Daemon procrun finished.
[2020-12-14 09:47:32] [info]  [16072] Apache Commons Daemon procrun (1.2.3.0 64-bit) started.
[2020-12-14 09:47:32] [info]  [16072] Running Service 'Tomcat8'...
[2020-12-14 09:47:32] [info]  [ 8032] Starting service...
[2020-12-14 09:47:33] [info]  [ 8032] Service started in 1194 milliseconds.
[2020-12-14 09:49:36] [info]  [12608] Stopping service...
[2020-12-14 09:49:37] [info]  [12608] Service stop thread completed.
[2020-12-14 09:49:37] [info]  [16072] Run service finished.
[2020-12-14 09:49:37] [info]  [16072] Apache Commons Daemon procrun finished.
[2020-12-14 09:49:38] [info]  [ 8820] Apache Commons Daemon procrun (1.2.3.0 64-bit) started.
[2020-12-14 09:49:38] [info]  [ 8820] Running Service 'Tomcat8'...
[2020-12-14 09:49:38] [info]  [ 9784] Starting service...
[2020-12-14 09:49:39] [info]  [ 9784] Service started in 1264 milliseconds.
[2020-12-14 09:55:31] [info]  [14472] Stopping service...
[2020-12-14 09:55:32] [info]  [14472] Service stop thread completed.
[2020-12-14 09:55:32] [info]  [ 8820] Run service finished.
[2020-12-14 09:55:32] [info]  [ 8820] Apache Commons Daemon procrun finished.
[2020-12-14 09:55:32] [info]  [12908] Apache Commons Daemon procrun (1.2.3.0 64-bit) started.
[2020-12-14 09:55:32] [info]  [12908] Running Service 'Tomcat8'...
[2020-12-14 09:55:32] [info]  [12416] Starting service...
[2020-12-14 09:55:34] [info]  [12416] Service started in 1233 milliseconds.
[2020-12-14 10:10:28] [info]  [ 8280] Stopping service...
[2020-12-14 10:10:29] [info]  [ 8280] Service stop thread completed.
[2020-12-14 10:10:29] [info]  [12908] Run service finished.
[2020-12-14 10:10:29] [info]  [12908] Apache Commons Daemon procrun finished.
[2020-12-14 10:10:29] [info]  [16036] Apache Commons Daemon procrun (1.2.3.0 64-bit) started.
[2020-12-14 10:10:29] [info]  [16036] Running Service 'Tomcat8'...
[2020-12-14 10:10:29] [info]  [ 8868] Starting service...
[2020-12-14 10:10:31] [info]  [ 8868] Service started in 1156 milliseconds.
[2020-12-14 10:13:36] [info]  [ 3700] Stopping service...
[2020-12-14 10:13:37] [info]  [ 3700] Service stop thread completed.
[2020-12-14 10:13:37] [info]  [16036] Run service finished.
[2020-12-14 10:13:37] [info]  [16036] Apache Commons Daemon procrun finished.
[2020-12-14 10:13:37] [info]  [ 6504] Apache Commons Daemon procrun (1.2.3.0 64-bit) started.
[2020-12-14 10:13:37] [info]  [ 6504] Running Service 'Tomcat8'...
[2020-12-14 10:13:37] [info]  [14092] Starting service...
[2020-12-14 10:13:39] [info]  [14092] Service started in 1155 milliseconds.
[2020-12-14 10:16:10] [info]  [ 6556] Stopping service...
[2020-12-14 10:16:11] [info]  [ 6556] Service stop thread completed.
[2020-12-14 10:16:11] [info]  [ 6504] Run service finished.
[2020-12-14 10:16:11] [info]  [ 6504] Apache Commons Daemon procrun finished.
[2020-12-14 10:16:12] [info]  [ 7812] Apache Commons Daemon procrun (1.2.3.0 64-bit) started.
[2020-12-14 10:16:12] [info]  [ 7812] Running Service 'Tomcat8'...
[2020-12-14 10:16:12] [info]  [10948] Starting service...
[2020-12-14 10:16:13] [info]  [10948] Service started in 1152 milliseconds.
[2020-12-14 10:20:40] [info]  [ 6988] Stopping service...
[2020-12-14 10:20:41] [info]  [ 6988] Service stop thread completed.
[2020-12-14 10:20:41] [info]  [ 7812] Run service finished.
[2020-12-14 10:20:41] [info]  [ 7812] Apache Commons Daemon procrun finished.
[2020-12-14 10:20:41] [info]  [ 4736] Apache Commons Daemon procrun (1.2.3.0 64-bit) started.
[2020-12-14 10:20:41] [info]  [ 4736] Running Service 'Tomcat8'...
[2020-12-14 10:20:41] [info]  [16272] Starting service...
[2020-12-14 10:20:42] [info]  [16272] Service started in 1157 milliseconds.
[2020-12-14 10:27:34] [info]  [16380] Stopping service...
[2020-12-14 10:27:35] [info]  [16380] Service stop thread completed.
[2020-12-14 10:27:35] [info]  [ 4736] Run service finished.
[2020-12-14 10:27:35] [info]  [ 4736] Apache Commons Daemon procrun finished.
[2020-12-14 10:27:35] [info]  [ 5016] Apache Commons Daemon procrun (1.2.3.0 64-bit) started.
[2020-12-14 10:27:36] [info]  [ 5016] Running Service 'Tomcat8'...
[2020-12-14 10:27:36] [info]  [ 7784] Starting service...
[2020-12-14 10:27:37] [info]  [ 7784] Service started in 1160 milliseconds.
[2020-12-14 10:29:40] [info]  [ 8624] Stopping service...
[2020-12-14 10:29:41] [info]  [ 8624] Service stop thread completed.
[2020-12-14 10:29:41] [info]  [ 5016] Run service finished.
[2020-12-14 10:29:41] [info]  [ 5016] Apache Commons Daemon procrun finished.
[2020-12-14 10:29:41] [info]  [14264] Apache Commons Daemon procrun (1.2.3.0 64-bit) started.
[2020-12-14 10:29:41] [info]  [14264] Running Service 'Tomcat8'...
[2020-12-14 10:29:41] [info]  [16360] Starting service...
[2020-12-14 10:29:42] [info]  [16360] Service started in 1156 milliseconds.
[2020-12-14 10:30:55] [info]  [16208] Stopping service...
[2020-12-14 10:30:56] [info]  [16208] Service stop thread completed.
[2020-12-14 10:30:56] [info]  [14264] Run service finished.
[2020-12-14 10:30:56] [info]  [14264] Apache Commons Daemon procrun finished.
[2020-12-14 10:30:56] [info]  [15628] Apache Commons Daemon procrun (1.2.3.0 64-bit) started.
[2020-12-14 10:30:56] [info]  [15628] Running Service 'Tomcat8'...
[2020-12-14 10:30:56] [info]  [ 2132] Starting service...
[2020-12-14 10:30:57] [info]  [ 2132] Service started in 1158 milliseconds.
[2020-12-14 10:34:09] [info]  [ 4732] Stopping service...
[2020-12-14 10:34:10] [info]  [ 4732] Service stop thread completed.
[2020-12-14 10:34:10] [info]  [15628] Run service finished.
[2020-12-14 10:34:10] [info]  [15628] Apache Commons Daemon procrun finished.
[2020-12-14 10:34:11] [info]  [11200] Apache Commons Daemon procrun (1.2.3.0 64-bit) started.
[2020-12-14 10:34:11] [info]  [11200] Running Service 'Tomcat8'...
[2020-12-14 10:34:11] [info]  [ 4248] Starting service...
[2020-12-14 10:34:12] [info]  [ 4248] Service started in 1170 milliseconds.
[2020-12-14 10:39:22] [info]  [13816] Stopping service...
[2020-12-14 10:39:23] [info]  [13816] Service stop thread completed.
[2020-12-14 10:39:23] [info]  [11200] Run service finished.
[2020-12-14 10:39:23] [info]  [11200] Apache Commons Daemon procrun finished.
[2020-12-14 10:39:24] [info]  [16128] Apache Commons Daemon procrun (1.2.3.0 64-bit) started.
[2020-12-14 10:39:24] [info]  [16128] Running Service 'Tomcat8'...
[2020-12-14 10:39:24] [info]  [16132] Starting service...
[2020-12-14 10:39:25] [info]  [16132] Service started in 1164 milliseconds.
[2020-12-14 10:42:00] [info]  [ 8460] Stopping service...
[2020-12-14 10:42:01] [info]  [ 8460] Service stop thread completed.
[2020-12-14 10:42:01] [info]  [16128] Run service finished.
[2020-12-14 10:42:01] [info]  [16128] Apache Commons Daemon procrun finished.
[2020-12-14 10:42:01] [info]  [ 6812] Apache Commons Daemon procrun (1.2.3.0 64-bit) started.
[2020-12-14 10:42:01] [info]  [ 6812] Running Service 'Tomcat8'...
[2020-12-14 10:42:01] [info]  [ 6064] Starting service...
[2020-12-14 10:42:03] [info]  [ 6064] Service started in 1390 milliseconds.
[2020-12-14 10:44:06] [info]  [15844] Stopping service...
[2020-12-14 10:44:07] [info]  [15844] Service stop thread completed.
[2020-12-14 10:44:07] [info]  [ 6812] Run service finished.
[2020-12-14 10:44:07] [info]  [ 6812] Apache Commons Daemon procrun finished.
[2020-12-14 10:44:08] [info]  [13020] Apache Commons Daemon procrun (1.2.3.0 64-bit) started.
[2020-12-14 10:44:08] [info]  [13020] Running Service 'Tomcat8'...
[2020-12-14 10:44:08] [info]  [16360] Starting service...
[2020-12-14 10:44:09] [info]  [16360] Service started in 1157 milliseconds.
[2020-12-14 10:48:11] [info]  [14188] Stopping service...
[2020-12-14 10:48:12] [info]  [14188] Service stop thread completed.
[2020-12-14 10:48:12] [info]  [13020] Run service finished.
[2020-12-14 10:48:12] [info]  [13020] Apache Commons Daemon procrun finished.
[2020-12-14 10:48:13] [info]  [ 4988] Apache Commons Daemon procrun (1.2.3.0 64-bit) started.
[2020-12-14 10:48:13] [info]  [ 4988] Running Service 'Tomcat8'...
[2020-12-14 10:48:13] [info]  [ 9320] Starting service...
[2020-12-14 10:48:14] [info]  [ 9320] Service started in 1166 milliseconds.
[2020-12-14 11:07:58] [info]  [13472] Stopping service...
[2020-12-14 11:07:59] [info]  [13472] Service stop thread completed.
[2020-12-14 11:07:59] [info]  [ 4988] Run service finished.
[2020-12-14 11:07:59] [info]  [ 4988] Apache Commons Daemon procrun finished.
[2020-12-14 11:07:59] [info]  [ 7748] Apache Commons Daemon procrun (1.2.3.0 64-bit) started.
[2020-12-14 11:08:00] [info]  [ 7748] Running Service 'Tomcat8'...
[2020-12-14 11:08:00] [info]  [11260] Starting service...
[2020-12-14 11:08:01] [info]  [11260] Service started in 1175 milliseconds.
[2020-12-14 11:10:00] [info]  [ 9452] Stopping service...
[2020-12-14 11:10:01] [info]  [ 9452] Service stop thread completed.
[2020-12-14 11:10:01] [info]  [ 7748] Run service finished.
[2020-12-14 11:10:01] [info]  [ 7748] Apache Commons Daemon procrun finished.
[2020-12-14 11:10:02] [info]  [ 3684] Apache Commons Daemon procrun (1.2.3.0 64-bit) started.
[2020-12-14 11:10:02] [info]  [ 3684] Running Service 'Tomcat8'...
[2020-12-14 11:10:02] [info]  [  948] Starting service...
[2020-12-14 11:10:04] [info]  [  948] Service started in 1322 milliseconds.
[2020-12-14 11:11:47] [info]  [ 3392] Stopping service...
[2020-12-14 11:11:48] [info]  [ 3392] Service stop thread completed.
[2020-12-14 11:11:48] [info]  [ 3684] Run service finished.
[2020-12-14 11:11:48] [info]  [ 3684] Apache Commons Daemon procrun finished.
[2020-12-14 11:11:48] [info]  [ 7432] Apache Commons Daemon procrun (1.2.3.0 64-bit) started.
[2020-12-14 11:11:48] [info]  [ 7432] Running Service 'Tomcat8'...
[2020-12-14 11:11:48] [info]  [ 4620] Starting service...
[2020-12-14 11:11:49] [info]  [ 4620] Service started in 1157 milliseconds.
[2020-12-14 11:13:06] [info]  [11448] Stopping service...
[2020-12-14 11:13:07] [info]  [11448] Service stop thread completed.
[2020-12-14 11:13:07] [info]  [ 7432] Run service finished.
[2020-12-14 11:13:07] [info]  [ 7432] Apache Commons Daemon procrun finished.
[2020-12-14 11:13:07] [info]  [12716] Apache Commons Daemon procrun (1.2.3.0 64-bit) started.
[2020-12-14 11:13:07] [info]  [12716] Running Service 'Tomcat8'...
[2020-12-14 11:13:07] [info]  [14732] Starting service...
[2020-12-14 11:13:09] [info]  [14732] Service started in 1154 milliseconds.
[2020-12-14 11:18:22] [info]  [ 5704] Stopping service...
[2020-12-14 11:18:23] [info]  [ 5704] Service stop thread completed.
[2020-12-14 11:18:23] [info]  [12716] Run service finished.
[2020-12-14 11:18:23] [info]  [12716] Apache Commons Daemon procrun finished.
[2020-12-14 11:18:23] [info]  [ 2636] Apache Commons Daemon procrun (1.2.3.0 64-bit) started.
[2020-12-14 11:18:23] [info]  [ 2636] Running Service 'Tomcat8'...
[2020-12-14 11:18:23] [info]  [12104] Starting service...
[2020-12-14 11:18:24] [info]  [12104] Service started in 1204 milliseconds.
[2020-12-14 11:22:39] [info]  [ 3024] Stopping service...
[2020-12-14 11:22:40] [info]  [ 3024] Service stop thread completed.
[2020-12-14 11:22:40] [info]  [ 2636] Run service finished.
[2020-12-14 11:22:40] [info]  [ 2636] Apache Commons Daemon procrun finished.
[2020-12-14 11:22:40] [info]  [ 8636] Apache Commons Daemon procrun (1.2.3.0 64-bit) started.
[2020-12-14 11:22:40] [info]  [ 8636] Running Service 'Tomcat8'...
[2020-12-14 11:22:40] [info]  [14756] Starting service...
[2020-12-14 11:22:41] [info]  [14756] Service started in 1197 milliseconds.
[2020-12-14 11:59:02] [info]  [ 8788] Stopping service...
[2020-12-14 11:59:03] [info]  [ 8788] Service stop thread completed.
[2020-12-14 11:59:03] [info]  [ 8636] Run service finished.
[2020-12-14 11:59:03] [info]  [ 8636] Apache Commons Daemon procrun finished.
[2020-12-14 11:59:04] [info]  [ 1692] Apache Commons Daemon procrun (1.2.3.0 64-bit) started.
[2020-12-14 11:59:04] [info]  [ 1692] Running Service 'Tomcat8'...
[2020-12-14 11:59:04] [info]  [ 1600] Starting service...
[2020-12-14 11:59:05] [info]  [ 1600] Service started in 1379 milliseconds.
[2020-12-14 12:01:51] [info]  [15472] Stopping service...
[2020-12-14 12:01:52] [info]  [15472] Service stop thread completed.
[2020-12-14 12:01:52] [info]  [ 1692] Run service finished.
[2020-12-14 12:01:52] [info]  [ 1692] Apache Commons Daemon procrun finished.
[2020-12-14 12:01:52] [info]  [16140] Apache Commons Daemon procrun (1.2.3.0 64-bit) started.
[2020-12-14 12:01:52] [info]  [16140] Running Service 'Tomcat8'...
[2020-12-14 12:01:52] [info]  [16080] Starting service...
[2020-12-14 12:01:54] [info]  [16080] Service started in 1178 milliseconds.
[2020-12-14 12:06:38] [info]  [13284] Stopping service...
[2020-12-14 12:06:39] [info]  [13284] Service stop thread completed.
[2020-12-14 12:06:39] [info]  [16140] Run service finished.
[2020-12-14 12:06:39] [info]  [16140] Apache Commons Daemon procrun finished.
[2020-12-14 12:06:40] [info]  [10812] Apache Commons Daemon procrun (1.2.3.0 64-bit) started.
[2020-12-14 12:06:40] [info]  [10812] Running Service 'Tomcat8'...
[2020-12-14 12:06:40] [info]  [ 3960] Starting service...
[2020-12-14 12:06:41] [info]  [ 3960] Service started in 1191 milliseconds.
[2020-12-14 12:11:58] [info]  [12816] Stopping service...
[2020-12-14 12:11:59] [info]  [12816] Service stop thread completed.
[2020-12-14 12:11:59] [info]  [10812] Run service finished.
[2020-12-14 12:11:59] [info]  [10812] Apache Commons Daemon procrun finished.
[2020-12-14 12:12:00] [info]  [ 5884] Apache Commons Daemon procrun (1.2.3.0 64-bit) started.
[2020-12-14 12:12:00] [info]  [ 5884] Running Service 'Tomcat8'...
[2020-12-14 12:12:00] [info]  [15460] Starting service...
[2020-12-14 12:12:01] [info]  [15460] Service started in 1296 milliseconds.
[2020-12-14 13:47:13] [info]  [16324] Stopping service...
[2020-12-14 13:47:14] [info]  [16324] Service stop thread completed.
[2020-12-14 13:47:14] [info]  [ 5884] Run service finished.
[2020-12-14 13:47:14] [info]  [ 5884] Apache Commons Daemon procrun finished.
[2020-12-14 13:47:15] [info]  [10272] Apache Commons Daemon procrun (1.2.3.0 64-bit) started.
[2020-12-14 13:47:15] [info]  [10272] Running Service 'Tomcat8'...
[2020-12-14 13:47:15] [info]  [15436] Starting service...
[2020-12-14 13:47:16] [info]  [15436] Service started in 1499 milliseconds.
[2020-12-14 13:48:04] [info]  [11744] Stopping service...
[2020-12-14 13:48:05] [info]  [11744] Service stop thread completed.
[2020-12-14 13:48:05] [info]  [10272] Run service finished.
[2020-12-14 13:48:05] [info]  [10272] Apache Commons Daemon procrun finished.
[2020-12-14 13:48:06] [info]  [ 2212] Apache Commons Daemon procrun (1.2.3.0 64-bit) started.
[2020-12-14 13:48:06] [info]  [ 2212] Running Service 'Tomcat8'...
[2020-12-14 13:48:06] [info]  [ 4348] Starting service...
[2020-12-14 13:48:07] [info]  [ 4348] Service started in 1299 milliseconds.
[2020-12-14 13:55:39] [info]  [13092] Stopping service...
[2020-12-14 13:55:40] [info]  [13092] Service stop thread completed.
[2020-12-14 13:55:40] [info]  [ 2212] Run service finished.
[2020-12-14 13:55:40] [info]  [ 2212] Apache Commons Daemon procrun finished.
[2020-12-14 13:55:41] [info]  [12192] Apache Commons Daemon procrun (1.2.3.0 64-bit) started.
[2020-12-14 13:55:41] [info]  [12192] Running Service 'Tomcat8'...
[2020-12-14 13:55:41] [info]  [15572] Starting service...
[2020-12-14 13:55:42] [info]  [15572] Service started in 1364 milliseconds.
[2020-12-14 13:57:00] [info]  [ 4260] Stopping service...
[2020-12-14 13:57:01] [info]  [ 4260] Service stop thread completed.
[2020-12-14 13:57:01] [info]  [12192] Run service finished.
[2020-12-14 13:57:01] [info]  [12192] Apache Commons Daemon procrun finished.
[2020-12-14 13:57:01] [info]  [14732] Apache Commons Daemon procrun (1.2.3.0 64-bit) started.
[2020-12-14 13:57:01] [info]  [14732] Running Service 'Tomcat8'...
[2020-12-14 13:57:01] [info]  [14492] Starting service...
[2020-12-14 13:57:03] [info]  [14492] Service started in 1360 milliseconds.
[2020-12-14 14:55:23] [info]  [ 4260] Stopping service...
[2020-12-14 14:55:24] [info]  [ 4260] Service stop thread completed.
[2020-12-14 14:55:24] [info]  [14732] Run service finished.
[2020-12-14 14:55:24] [info]  [14732] Apache Commons Daemon procrun finished.
[2020-12-14 14:55:25] [info]  [ 4824] Apache Commons Daemon procrun (1.2.3.0 64-bit) started.
[2020-12-14 14:55:25] [info]  [ 4824] Running Service 'Tomcat8'...
[2020-12-14 14:55:25] [info]  [ 6632] Starting service...
[2020-12-14 14:55:26] [info]  [ 6632] Service started in 1184 milliseconds.
[2020-12-14 14:57:38] [info]  [11148] Stopping service...
[2020-12-14 14:57:39] [info]  [11148] Service stop thread completed.
[2020-12-14 14:57:39] [info]  [ 4824] Run service finished.
[2020-12-14 14:57:39] [info]  [ 4824] Apache Commons Daemon procrun finished.
[2020-12-14 14:57:40] [info]  [13416] Apache Commons Daemon procrun (1.2.3.0 64-bit) started.
[2020-12-14 14:57:40] [info]  [13416] Running Service 'Tomcat8'...
[2020-12-14 14:57:40] [info]  [15724] Starting service...
[2020-12-14 14:57:41] [info]  [15724] Service started in 1189 milliseconds.
[2020-12-14 15:00:51] [info]  [15716] Stopping service...
[2020-12-14 15:00:52] [info]  [15716] Service stop thread completed.
[2020-12-14 15:00:52] [info]  [13416] Run service finished.
[2020-12-14 15:00:52] [info]  [13416] Apache Commons Daemon procrun finished.
[2020-12-14 15:00:52] [info]  [ 7276] Apache Commons Daemon procrun (1.2.3.0 64-bit) started.
[2020-12-14 15:00:52] [info]  [ 7276] Running Service 'Tomcat8'...
[2020-12-14 15:00:52] [info]  [ 6444] Starting service...
[2020-12-14 15:00:53] [info]  [ 6444] Service started in 1170 milliseconds.
[2020-12-14 15:03:16] [info]  [14108] Stopping service...
[2020-12-14 15:03:17] [info]  [14108] Service stop thread completed.
[2020-12-14 15:03:17] [info]  [ 7276] Run service finished.
[2020-12-14 15:03:17] [info]  [ 7276] Apache Commons Daemon procrun finished.
[2020-12-14 15:03:57] [info]  [ 3476] Apache Commons Daemon procrun (1.2.3.0 64-bit) started.
[2020-12-14 15:03:57] [info]  [ 3476] Running Service 'Tomcat8'...
[2020-12-14 15:03:57] [info]  [  836] Starting service...
[2020-12-14 15:03:59] [info]  [  836] Service started in 1186 milliseconds.
[2020-12-14 15:04:38] [info]  [14832] Stopping service...
[2020-12-14 15:04:39] [info]  [14832] Service stop thread completed.
[2020-12-14 15:04:39] [info]  [ 3476] Run service finished.
[2020-12-14 15:04:39] [info]  [ 3476] Apache Commons Daemon procrun finished.
[2020-12-14 15:04:39] [info]  [ 2344] Apache Commons Daemon procrun (1.2.3.0 64-bit) started.
[2020-12-14 15:04:39] [info]  [ 2344] Running Service 'Tomcat8'...
[2020-12-14 15:04:39] [info]  [14064] Starting service...
[2020-12-14 15:04:40] [info]  [14064] Service started in 1241 milliseconds.
[2020-12-14 15:06:30] [info]  [13024] Stopping service...
[2020-12-14 15:06:31] [info]  [13024] Service stop thread completed.
[2020-12-14 15:06:31] [info]  [ 2344] Run service finished.
[2020-12-14 15:06:31] [info]  [ 2344] Apache Commons Daemon procrun finished.
[2020-12-14 15:06:31] [info]  [14840] Apache Commons Daemon procrun (1.2.3.0 64-bit) started.
[2020-12-14 15:06:31] [info]  [14840] Running Service 'Tomcat8'...
[2020-12-14 15:06:31] [info]  [15492] Starting service...
[2020-12-14 15:06:32] [info]  [15492] Service started in 1181 milliseconds.
[2020-12-14 15:24:48] [info]  [ 3696] Stopping service...
[2020-12-14 15:24:49] [info]  [ 3696] Service stop thread completed.
[2020-12-14 15:24:50] [info]  [14840] Run service finished.
[2020-12-14 15:24:50] [info]  [14840] Apache Commons Daemon procrun finished.
[2020-12-14 15:24:50] [info]  [ 2232] Apache Commons Daemon procrun (1.2.3.0 64-bit) started.
[2020-12-14 15:24:50] [info]  [ 2232] Running Service 'Tomcat8'...
[2020-12-14 15:24:50] [info]  [10020] Starting service...
[2020-12-14 15:24:51] [info]  [10020] Service started in 1171 milliseconds.
[2020-12-14 17:57:09] [info]  [10136] Console SHUTDOWN event signaled.
[2020-12-14 17:57:09] [info]  [10136] Stopping service...
[2020-12-14 17:57:10] [info]  [10136] Service stop thread completed.
[2020-12-14 17:57:10] [info]  [ 2232] Run service finished.
[2020-12-14 17:57:10] [info]  [ 2232] Apache Commons Daemon procrun finished.
[2020-12-14 18:37:32] [info]  [ 3544] Apache Commons Daemon procrun (1.2.3.0 64-bit) started.
[2020-12-14 18:37:32] [info]  [ 3544] Running Service 'Tomcat8'...
[2020-12-14 18:37:32] [info]  [ 3640] Starting service...
[2020-12-14 18:37:34] [info]  [ 3640] Service started in 1888 milliseconds.
[2020-12-14 18:38:42] [info]  [10672] Stopping service...
[2020-12-14 18:38:43] [info]  [10672] Service stop thread completed.
[2020-12-14 18:38:43] [info]  [ 3544] Run service finished.
[2020-12-14 18:38:43] [info]  [ 3544] Apache Commons Daemon procrun finished.
[2020-12-14 18:38:43] [info]  [14672] Apache Commons Daemon procrun (1.2.3.0 64-bit) started.
[2020-12-14 18:38:43] [info]  [14672] Running Service 'Tomcat8'...
[2020-12-14 18:38:43] [info]  [ 5916] Starting service...
[2020-12-14 18:38:44] [info]  [ 5916] Service started in 1157 milliseconds.
[2020-12-14 18:40:08] [info]  [11500] Stopping service...
[2020-12-14 18:40:09] [info]  [11500] Service stop thread completed.
[2020-12-14 18:40:09] [info]  [14672] Run service finished.
[2020-12-14 18:40:09] [info]  [14672] Apache Commons Daemon procrun finished.
[2020-12-14 18:40:09] [info]  [ 5700] Apache Commons Daemon procrun (1.2.3.0 64-bit) started.
[2020-12-14 18:40:09] [info]  [ 5700] Running Service 'Tomcat8'...
[2020-12-14 18:40:09] [info]  [ 4832] Starting service...
[2020-12-14 18:40:10] [info]  [ 4832] Service started in 1159 milliseconds.
[2020-12-14 18:41:15] [info]  [ 2212] Stopping service...
[2020-12-14 18:41:16] [info]  [ 2212] Service stop thread completed.
[2020-12-14 18:41:16] [info]  [ 5700] Run service finished.
[2020-12-14 18:41:16] [info]  [ 5700] Apache Commons Daemon procrun finished.
[2020-12-14 18:41:16] [info]  [ 2912] Apache Commons Daemon procrun (1.2.3.0 64-bit) started.
[2020-12-14 18:41:16] [info]  [ 2912] Running Service 'Tomcat8'...
[2020-12-14 18:41:16] [info]  [16048] Starting service...
[2020-12-14 18:41:18] [info]  [16048] Service started in 1158 milliseconds.
[2020-12-14 19:01:01] [info]  [14444] Stopping service...
[2020-12-14 19:01:02] [info]  [14444] Service stop thread completed.
[2020-12-14 19:01:02] [info]  [ 2912] Run service finished.
[2020-12-14 19:01:02] [info]  [ 2912] Apache Commons Daemon procrun finished.
[2020-12-14 19:01:02] [info]  [14980] Apache Commons Daemon procrun (1.2.3.0 64-bit) started.
[2020-12-14 19:01:02] [info]  [14980] Running Service 'Tomcat8'...
[2020-12-14 19:01:02] [info]  [ 9680] Starting service...
[2020-12-14 19:01:03] [info]  [ 9680] Service started in 1291 milliseconds.
[2020-12-14 19:04:25] [info]  [ 1760] Stopping service...
[2020-12-14 19:04:26] [info]  [ 1760] Service stop thread completed.
[2020-12-14 19:04:26] [info]  [14980] Run service finished.
[2020-12-14 19:04:26] [info]  [14980] Apache Commons Daemon procrun finished.
[2020-12-14 19:04:26] [info]  [10844] Apache Commons Daemon procrun (1.2.3.0 64-bit) started.
[2020-12-14 19:04:26] [info]  [10844] Running Service 'Tomcat8'...
[2020-12-14 19:04:26] [info]  [13264] Starting service...
[2020-12-14 19:04:27] [info]  [13264] Service started in 1160 milliseconds.
[2020-12-14 20:00:15] [info]  [10768] Stopping service...
[2020-12-14 20:00:16] [info]  [10768] Service stop thread completed.
[2020-12-14 20:00:16] [info]  [10844] Run service finished.
[2020-12-14 20:00:16] [info]  [10844] Apache Commons Daemon procrun finished.
[2020-12-14 20:00:17] [info]  [ 9304] Apache Commons Daemon procrun (1.2.3.0 64-bit) started.
[2020-12-14 20:00:17] [info]  [ 9304] Running Service 'Tomcat8'...
[2020-12-14 20:00:17] [info]  [ 4044] Starting service...
[2020-12-14 20:00:18] [info]  [ 4044] Service started in 1306 milliseconds.
[2020-12-14 20:02:32] [info]  [14880] Stopping service...
[2020-12-14 20:02:33] [info]  [14880] Service stop thread completed.
[2020-12-14 20:02:33] [info]  [ 9304] Run service finished.
[2020-12-14 20:02:33] [info]  [ 9304] Apache Commons Daemon procrun finished.
[2020-12-14 20:02:34] [info]  [10920] Apache Commons Daemon procrun (1.2.3.0 64-bit) started.
[2020-12-14 20:02:34] [info]  [10920] Running Service 'Tomcat8'...
[2020-12-14 20:02:34] [info]  [13792] Starting service...
[2020-12-14 20:02:35] [info]  [13792] Service started in 1206 milliseconds.
[2020-12-14 20:02:37] [info]  [10920] Run service finished.
[2020-12-14 20:02:37] [info]  [10920] Apache Commons Daemon procrun finished.
[2020-12-14 20:03:54] [info]  [11492] Apache Commons Daemon procrun (1.2.3.0 64-bit) started.
[2020-12-14 20:03:54] [info]  [11492] Running Service 'Tomcat8'...
[2020-12-14 20:03:54] [info]  [ 7428] Starting service...
[2020-12-14 20:03:55] [info]  [ 7428] Service started in 1177 milliseconds.
[2020-12-14 20:11:29] [info]  [11188] Stopping service...
[2020-12-14 20:11:30] [info]  [11188] Service stop thread completed.
[2020-12-14 20:11:37] [info]  [11492] Run service finished.
[2020-12-14 20:11:37] [info]  [11492] Apache Commons Daemon procrun finished.
[2020-12-14 20:11:37] [info]  [11976] Apache Commons Daemon procrun (1.2.3.0 64-bit) started.
[2020-12-14 20:11:37] [info]  [11976] Running Service 'Tomcat8'...
[2020-12-14 20:11:37] [info]  [14988] Starting service...
[2020-12-14 20:11:39] [info]  [14988] Service started in 1251 milliseconds.
[2020-12-14 20:13:11] [info]  [ 1816] Stopping service...
[2020-12-14 20:13:12] [info]  [ 1816] Service stop thread completed.
[2020-12-14 20:13:12] [info]  [11976] Run service finished.
[2020-12-14 20:13:12] [info]  [11976] Apache Commons Daemon procrun finished.
[2020-12-14 20:13:12] [info]  [10884] Apache Commons Daemon procrun (1.2.3.0 64-bit) started.
[2020-12-14 20:13:12] [info]  [10884] Running Service 'Tomcat8'...
[2020-12-14 20:13:12] [info]  [15096] Starting service...
[2020-12-14 20:13:14] [info]  [15096] Service started in 1268 milliseconds.
[2020-12-14 20:17:34] [info]  [ 9048] Stopping service...
[2020-12-14 20:17:35] [info]  [ 9048] Service stop thread completed.
[2020-12-14 20:17:35] [info]  [10884] Run service finished.
[2020-12-14 20:17:35] [info]  [10884] Apache Commons Daemon procrun finished.
[2020-12-14 20:17:35] [info]  [12888] Apache Commons Daemon procrun (1.2.3.0 64-bit) started.
[2020-12-14 20:17:35] [info]  [12888] Running Service 'Tomcat8'...
[2020-12-14 20:17:35] [info]  [13880] Starting service...
[2020-12-14 20:17:37] [info]  [13880] Service started in 1263 milliseconds.
[2020-12-14 20:21:22] [info]  [15032] Stopping service...
[2020-12-14 20:21:23] [info]  [15032] Service stop thread completed.
[2020-12-14 20:21:23] [info]  [12888] Run service finished.
[2020-12-14 20:21:23] [info]  [12888] Apache Commons Daemon procrun finished.
[2020-12-14 20:21:23] [info]  [ 3272] Apache Commons Daemon procrun (1.2.3.0 64-bit) started.
[2020-12-14 20:21:23] [info]  [ 3272] Running Service 'Tomcat8'...
[2020-12-14 20:21:23] [info]  [11972] Starting service...
[2020-12-14 20:21:25] [info]  [11972] Service started in 1200 milliseconds.
[2020-12-14 20:21:42] [info]  [ 9668] Stopping service...
[2020-12-14 20:21:43] [info]  [ 9668] Service stop thread completed.
[2020-12-14 20:21:43] [info]  [ 3272] Run service finished.
[2020-12-14 20:21:43] [info]  [ 3272] Apache Commons Daemon procrun finished.
[2020-12-14 20:21:44] [info]  [ 4436] Apache Commons Daemon procrun (1.2.3.0 64-bit) started.
[2020-12-14 20:21:44] [info]  [ 4436] Running Service 'Tomcat8'...
[2020-12-14 20:21:44] [info]  [12392] Starting service...
[2020-12-14 20:21:45] [info]  [12392] Service started in 1309 milliseconds.
[2020-12-14 20:24:52] [info]  [16208] Stopping service...
[2020-12-14 20:24:53] [info]  [16208] Service stop thread completed.
[2020-12-14 20:24:53] [info]  [ 4436] Run service finished.
[2020-12-14 20:24:53] [info]  [ 4436] Apache Commons Daemon procrun finished.
[2020-12-14 20:24:53] [info]  [14776] Apache Commons Daemon procrun (1.2.3.0 64-bit) started.
[2020-12-14 20:24:53] [info]  [14776] Running Service 'Tomcat8'...
[2020-12-14 20:24:53] [info]  [  348] Starting service...
[2020-12-14 20:24:54] [info]  [  348] Service started in 1194 milliseconds.
[2020-12-14 20:32:36] [info]  [ 2208] Stopping service...
[2020-12-14 20:32:37] [info]  [ 2208] Service stop thread completed.
[2020-12-14 20:32:37] [info]  [14776] Run service finished.
[2020-12-14 20:32:37] [info]  [14776] Apache Commons Daemon procrun finished.
[2020-12-14 20:32:37] [info]  [ 8316] Apache Commons Daemon procrun (1.2.3.0 64-bit) started.
[2020-12-14 20:32:37] [info]  [ 8316] Running Service 'Tomcat8'...
[2020-12-14 20:32:37] [info]  [14580] Starting service...
[2020-12-14 20:32:38] [info]  [14580] Service started in 1276 milliseconds.
[2020-12-14 20:37:22] [info]  [15072] Stopping service...
[2020-12-14 20:37:23] [info]  [15072] Service stop thread completed.
[2020-12-14 20:37:23] [info]  [ 8316] Run service finished.
[2020-12-14 20:37:23] [info]  [ 8316] Apache Commons Daemon procrun finished.
[2020-12-14 20:37:23] [info]  [11900] Apache Commons Daemon procrun (1.2.3.0 64-bit) started.
[2020-12-14 20:37:23] [info]  [11900] Running Service 'Tomcat8'...
[2020-12-14 20:37:23] [info]  [ 1244] Starting service...
[2020-12-14 20:37:25] [info]  [ 1244] Service started in 1199 milliseconds.
[2020-12-14 20:37:52] [info]  [12360] Stopping service...
[2020-12-14 20:37:53] [info]  [12360] Service stop thread completed.
[2020-12-14 20:37:53] [info]  [11900] Run service finished.
[2020-12-14 20:37:53] [info]  [11900] Apache Commons Daemon procrun finished.
[2020-12-14 20:37:53] [info]  [16312] Apache Commons Daemon procrun (1.2.3.0 64-bit) started.
[2020-12-14 20:37:53] [info]  [16312] Running Service 'Tomcat8'...
[2020-12-14 20:37:53] [info]  [13700] Starting service...
[2020-12-14 20:37:54] [info]  [13700] Service started in 1214 milliseconds.
[2020-12-14 20:37:56] [info]  [16312] Run service finished.
[2020-12-14 20:37:56] [info]  [16312] Apache Commons Daemon procrun finished.
[2020-12-14 20:38:27] [info]  [11588] Apache Commons Daemon procrun (1.2.3.0 64-bit) started.
[2020-12-14 20:38:28] [info]  [11588] Running Service 'Tomcat8'...
[2020-12-14 20:38:28] [info]  [ 7636] Starting service...
[2020-12-14 20:38:29] [info]  [ 7636] Service started in 1369 milliseconds.
[2020-12-14 20:39:08] [info]  [ 6716] Stopping service...
[2020-12-14 20:39:09] [info]  [ 6716] Service stop thread completed.
[2020-12-14 20:39:09] [info]  [11588] Run service finished.
[2020-12-14 20:39:09] [info]  [11588] Apache Commons Daemon procrun finished.
[2020-12-14 20:39:09] [info]  [ 8800] Apache Commons Daemon procrun (1.2.3.0 64-bit) started.
[2020-12-14 20:39:09] [info]  [ 8800] Running Service 'Tomcat8'...
[2020-12-14 20:39:09] [info]  [15448] Starting service...
[2020-12-14 20:39:10] [info]  [15448] Service started in 1199 milliseconds.
[2020-12-14 20:40:48] [info]  [  592] Stopping service...
[2020-12-14 20:40:49] [info]  [  592] Service stop thread completed.
[2020-12-14 20:40:49] [info]  [ 8800] Run service finished.
[2020-12-14 20:40:49] [info]  [ 8800] Apache Commons Daemon procrun finished.
[2020-12-14 20:40:49] [info]  [ 8884] Apache Commons Daemon procrun (1.2.3.0 64-bit) started.
[2020-12-14 20:40:49] [info]  [ 8884] Running Service 'Tomcat8'...
[2020-12-14 20:40:49] [info]  [14688] Starting service...
[2020-12-14 20:40:50] [info]  [14688] Service started in 1273 milliseconds.
[2020-12-14 20:42:44] [info]  [14768] Stopping service...
[2020-12-14 20:42:45] [info]  [14768] Service stop thread completed.
[2020-12-14 20:42:45] [info]  [ 8884] Run service finished.
[2020-12-14 20:42:45] [info]  [ 8884] Apache Commons Daemon procrun finished.
[2020-12-14 20:42:46] [info]  [ 8468] Apache Commons Daemon procrun (1.2.3.0 64-bit) started.
[2020-12-14 20:42:46] [info]  [ 8468] Running Service 'Tomcat8'...
[2020-12-14 20:42:46] [info]  [10936] Starting service...
[2020-12-14 20:42:47] [info]  [10936] Service started in 1217 milliseconds.
[2020-12-14 20:43:08] [info]  [16188] Stopping service...
[2020-12-14 20:43:09] [info]  [16188] Service stop thread completed.
[2020-12-14 20:43:09] [info]  [ 8468] Run service finished.
[2020-12-14 20:43:09] [info]  [ 8468] Apache Commons Daemon procrun finished.
[2020-12-14 20:43:09] [info]  [12540] Apache Commons Daemon procrun (1.2.3.0 64-bit) started.
[2020-12-14 20:43:09] [info]  [12540] Running Service 'Tomcat8'...
[2020-12-14 20:43:09] [info]  [ 9520] Starting service...
[2020-12-14 20:43:10] [info]  [ 9520] Service started in 1292 milliseconds.
[2020-12-14 20:48:03] [info]  [ 6232] Stopping service...
[2020-12-14 20:48:04] [info]  [ 6232] Service stop thread completed.
[2020-12-14 20:48:04] [info]  [12540] Run service finished.
[2020-12-14 20:48:04] [info]  [12540] Apache Commons Daemon procrun finished.
[2020-12-14 20:48:04] [info]  [ 9924] Apache Commons Daemon procrun (1.2.3.0 64-bit) started.
[2020-12-14 20:48:04] [info]  [ 9924] Running Service 'Tomcat8'...
[2020-12-14 20:48:04] [info]  [14640] Starting service...
[2020-12-14 20:48:05] [info]  [14640] Service started in 1199 milliseconds.
[2020-12-14 20:48:46] [info]  [ 9264] Stopping service...
[2020-12-14 20:48:47] [info]  [ 9264] Service stop thread completed.
[2020-12-14 20:48:47] [info]  [ 9924] Run service finished.
[2020-12-14 20:48:47] [info]  [ 9924] Apache Commons Daemon procrun finished.
[2020-12-14 20:48:47] [info]  [13140] Apache Commons Daemon procrun (1.2.3.0 64-bit) started.
[2020-12-14 20:48:47] [info]  [13140] Running Service 'Tomcat8'...
[2020-12-14 20:48:47] [info]  [14544] Starting service...
[2020-12-14 20:48:48] [info]  [14544] Service started in 1287 milliseconds.
[2020-12-14 20:50:29] [info]  [ 2176] Stopping service...
[2020-12-14 20:50:30] [info]  [ 2176] Service stop thread completed.
[2020-12-14 20:50:30] [info]  [13140] Run service finished.
[2020-12-14 20:50:30] [info]  [13140] Apache Commons Daemon procrun finished.
[2020-12-14 20:50:31] [info]  [ 1824] Apache Commons Daemon procrun (1.2.3.0 64-bit) started.
[2020-12-14 20:50:31] [info]  [ 1824] Running Service 'Tomcat8'...
[2020-12-14 20:50:31] [info]  [ 9276] Starting service...
[2020-12-14 20:50:32] [info]  [ 9276] Service started in 1202 milliseconds.
[2020-12-14 20:51:36] [info]  [ 2356] Stopping service...
[2020-12-14 20:51:37] [info]  [ 2356] Service stop thread completed.
[2020-12-14 20:51:37] [info]  [ 1824] Run service finished.
[2020-12-14 20:51:37] [info]  [ 1824] Apache Commons Daemon procrun finished.
[2020-12-14 20:51:37] [info]  [ 6756] Apache Commons Daemon procrun (1.2.3.0 64-bit) started.
[2020-12-14 20:51:37] [info]  [ 6756] Running Service 'Tomcat8'...
[2020-12-14 20:51:37] [info]  [15396] Starting service...
[2020-12-14 20:51:38] [info]  [15396] Service started in 1260 milliseconds.
[2020-12-14 20:58:30] [info]  [12376] Stopping service...
[2020-12-14 20:58:31] [info]  [12376] Service stop thread completed.
[2020-12-14 20:58:31] [info]  [ 6756] Run service finished.
[2020-12-14 20:58:31] [info]  [ 6756] Apache Commons Daemon procrun finished.
[2020-12-14 20:58:31] [info]  [15340] Apache Commons Daemon procrun (1.2.3.0 64-bit) started.
[2020-12-14 20:58:31] [info]  [15340] Running Service 'Tomcat8'...
[2020-12-14 20:58:31] [info]  [10176] Starting service...
[2020-12-14 20:58:32] [info]  [10176] Service started in 1193 milliseconds.
[2020-12-14 20:59:25] [info]  [15856] Stopping service...
[2020-12-14 20:59:26] [info]  [15856] Service stop thread completed.
[2020-12-14 20:59:26] [info]  [15340] Run service finished.
[2020-12-14 20:59:26] [info]  [15340] Apache Commons Daemon procrun finished.
[2020-12-14 20:59:27] [info]  [14720] Apache Commons Daemon procrun (1.2.3.0 64-bit) started.
[2020-12-14 20:59:27] [info]  [14720] Running Service 'Tomcat8'...
[2020-12-14 20:59:27] [info]  [11492] Starting service...
[2020-12-14 20:59:28] [info]  [11492] Service started in 1246 milliseconds.
[2020-12-14 21:01:46] [info]  [12220] Stopping service...
[2020-12-14 21:01:47] [info]  [12220] Service stop thread completed.
[2020-12-14 21:01:47] [info]  [14720] Run service finished.
[2020-12-14 21:01:47] [info]  [14720] Apache Commons Daemon procrun finished.
[2020-12-14 21:01:47] [info]  [ 7100] Apache Commons Daemon procrun (1.2.3.0 64-bit) started.
[2020-12-14 21:01:47] [info]  [ 7100] Running Service 'Tomcat8'...
[2020-12-14 21:01:47] [info]  [ 9180] Starting service...
[2020-12-14 21:01:49] [info]  [ 9180] Service started in 1281 milliseconds.
[2020-12-14 21:09:24] [info]  [12888] Stopping service...
[2020-12-14 21:09:25] [info]  [12888] Service stop thread completed.
[2020-12-14 21:09:25] [info]  [ 7100] Run service finished.
[2020-12-14 21:09:25] [info]  [ 7100] Apache Commons Daemon procrun finished.
[2020-12-14 21:09:25] [info]  [ 4108] Apache Commons Daemon procrun (1.2.3.0 64-bit) started.
[2020-12-14 21:09:26] [info]  [ 4108] Running Service 'Tomcat8'...
[2020-12-14 21:09:26] [info]  [ 3236] Starting service...
[2020-12-14 21:09:27] [info]  [ 3236] Service started in 1284 milliseconds.
[2020-12-14 21:15:37] [info]  [ 4744] Stopping service...
[2020-12-14 21:15:38] [info]  [ 4744] Service stop thread completed.
[2020-12-14 21:15:38] [info]  [ 4108] Run service finished.
[2020-12-14 21:15:38] [info]  [ 4108] Apache Commons Daemon procrun finished.
[2020-12-14 21:15:39] [info]  [15128] Apache Commons Daemon procrun (1.2.3.0 64-bit) started.
[2020-12-14 21:15:39] [info]  [15128] Running Service 'Tomcat8'...
[2020-12-14 21:15:39] [info]  [ 5132] Starting service...
[2020-12-14 21:15:40] [info]  [ 5132] Service started in 1200 milliseconds.
[2020-12-14 21:18:38] [info]  [ 4696] Stopping service...
[2020-12-14 21:18:39] [info]  [ 4696] Service stop thread completed.
[2020-12-14 21:18:39] [info]  [15128] Run service finished.
[2020-12-14 21:18:39] [info]  [15128] Apache Commons Daemon procrun finished.
[2020-12-14 21:18:39] [info]  [16200] Apache Commons Daemon procrun (1.2.3.0 64-bit) started.
[2020-12-14 21:18:39] [info]  [16200] Running Service 'Tomcat8'...
[2020-12-14 21:18:39] [info]  [ 1528] Starting service...
[2020-12-14 21:18:40] [info]  [ 1528] Service started in 1194 milliseconds.
[2020-12-14 21:23:08] [info]  [12748] Stopping service...
[2020-12-14 21:23:09] [info]  [12748] Service stop thread completed.
[2020-12-14 21:23:09] [info]  [16200] Run service finished.
[2020-12-14 21:23:09] [info]  [16200] Apache Commons Daemon procrun finished.
[2020-12-14 21:23:10] [info]  [16144] Apache Commons Daemon procrun (1.2.3.0 64-bit) started.
[2020-12-14 21:23:10] [info]  [16144] Running Service 'Tomcat8'...
[2020-12-14 21:23:10] [info]  [  736] Starting service...
[2020-12-14 21:23:11] [info]  [  736] Service started in 1216 milliseconds.
