[2020-12-10 00:02:13] [info]  [20456] Apache Commons Daemon procrun (1.2.3.0 64-bit) started.
[2020-12-10 00:02:13] [info]  [20456] Running Service 'Tomcat8'...
[2020-12-10 00:02:13] [info]  [20772] Starting service...
[2020-12-10 00:02:15] [info]  [20772] Service started in 1332 milliseconds.
[2020-12-10 00:05:50] [info]  [18020] Stopping service...
[2020-12-10 00:05:51] [info]  [18020] Service stop thread completed.
[2020-12-10 00:05:51] [info]  [20456] Run service finished.
[2020-12-10 00:05:51] [info]  [20456] Apache Commons Daemon procrun finished.
[2020-12-10 00:05:51] [info]  [20576] Apache Commons Daemon procrun (1.2.3.0 64-bit) started.
[2020-12-10 00:05:51] [info]  [20576] Running Service 'Tomcat8'...
[2020-12-10 00:05:51] [info]  [ 4204] Starting service...
[2020-12-10 00:05:53] [info]  [ 4204] Service started in 1426 milliseconds.
[2020-12-10 00:07:13] [info]  [ 6820] Stopping service...
[2020-12-10 00:07:14] [info]  [ 6820] Service stop thread completed.
[2020-12-10 00:07:14] [info]  [20576] Run service finished.
[2020-12-10 00:07:14] [info]  [20576] Apache Commons Daemon procrun finished.
[2020-12-10 00:07:15] [info]  [12504] Apache Commons Daemon procrun (1.2.3.0 64-bit) started.
[2020-12-10 00:07:15] [info]  [12504] Running Service 'Tomcat8'...
[2020-12-10 00:07:15] [info]  [14224] Starting service...
[2020-12-10 00:07:16] [info]  [14224] Service started in 1340 milliseconds.
[2020-12-10 00:08:18] [info]  [ 1032] Stopping service...
[2020-12-10 00:08:19] [info]  [ 1032] Service stop thread completed.
[2020-12-10 00:08:19] [info]  [12504] Run service finished.
[2020-12-10 00:08:19] [info]  [12504] Apache Commons Daemon procrun finished.
[2020-12-10 00:08:23] [info]  [ 7648] Apache Commons Daemon procrun (1.2.3.0 64-bit) started.
[2020-12-10 00:08:23] [info]  [ 7648] Running Service 'Tomcat8'...
[2020-12-10 00:08:23] [info]  [ 4256] Starting service...
[2020-12-10 00:08:24] [info]  [ 4256] Service started in 1236 milliseconds.
[2020-12-10 00:34:51] [info]  [ 3192] Stopping service...
[2020-12-10 00:34:52] [info]  [ 3192] Service stop thread completed.
[2020-12-10 00:34:52] [info]  [ 7648] Run service finished.
[2020-12-10 00:34:52] [info]  [ 7648] Apache Commons Daemon procrun finished.
[2020-12-10 00:34:53] [info]  [18628] Apache Commons Daemon procrun (1.2.3.0 64-bit) started.
[2020-12-10 00:34:53] [info]  [18628] Running Service 'Tomcat8'...
[2020-12-10 00:34:53] [info]  [19868] Starting service...
[2020-12-10 00:34:54] [info]  [19868] Service started in 1244 milliseconds.
[2020-12-10 00:36:31] [info]  [13208] Stopping service...
[2020-12-10 00:36:32] [info]  [13208] Service stop thread completed.
[2020-12-10 00:36:32] [info]  [18628] Run service finished.
[2020-12-10 00:36:32] [info]  [18628] Apache Commons Daemon procrun finished.
[2020-12-10 00:36:32] [info]  [16900] Apache Commons Daemon procrun (1.2.3.0 64-bit) started.
[2020-12-10 00:36:32] [info]  [16900] Running Service 'Tomcat8'...
[2020-12-10 00:36:32] [info]  [20384] Starting service...
[2020-12-10 00:36:34] [info]  [20384] Service started in 1243 milliseconds.
[2020-12-10 00:37:59] [info]  [21440] Stopping service...
[2020-12-10 00:38:00] [info]  [21440] Service stop thread completed.
[2020-12-10 00:38:00] [info]  [16900] Run service finished.
[2020-12-10 00:38:00] [info]  [16900] Apache Commons Daemon procrun finished.
[2020-12-10 00:38:00] [info]  [ 8856] Apache Commons Daemon procrun (1.2.3.0 64-bit) started.
[2020-12-10 00:38:00] [info]  [ 8856] Running Service 'Tomcat8'...
[2020-12-10 00:38:00] [info]  [15328] Starting service...
[2020-12-10 00:38:01] [info]  [15328] Service started in 1252 milliseconds.
[2020-12-10 00:43:07] [info]  [15444] Stopping service...
[2020-12-10 00:43:08] [info]  [15444] Service stop thread completed.
[2020-12-10 00:43:08] [info]  [ 8856] Run service finished.
[2020-12-10 00:43:08] [info]  [ 8856] Apache Commons Daemon procrun finished.
[2020-12-10 00:43:09] [info]  [14400] Apache Commons Daemon procrun (1.2.3.0 64-bit) started.
[2020-12-10 00:43:09] [info]  [14400] Running Service 'Tomcat8'...
[2020-12-10 00:43:09] [info]  [ 6720] Starting service...
[2020-12-10 00:43:10] [info]  [ 6720] Service started in 1296 milliseconds.
[2020-12-10 00:47:56] [info]  [13908] Stopping service...
[2020-12-10 00:47:57] [info]  [13908] Service stop thread completed.
[2020-12-10 00:47:57] [info]  [14400] Run service finished.
[2020-12-10 00:47:57] [info]  [14400] Apache Commons Daemon procrun finished.
[2020-12-10 00:47:58] [info]  [21288] Apache Commons Daemon procrun (1.2.3.0 64-bit) started.
[2020-12-10 00:47:58] [info]  [21288] Running Service 'Tomcat8'...
[2020-12-10 00:47:58] [info]  [ 2452] Starting service...
[2020-12-10 00:47:59] [info]  [ 2452] Service started in 1370 milliseconds.
[2020-12-10 00:49:49] [info]  [ 5180] Stopping service...
[2020-12-10 00:49:50] [info]  [ 5180] Service stop thread completed.
[2020-12-10 00:49:50] [info]  [21288] Run service finished.
[2020-12-10 00:49:50] [info]  [21288] Apache Commons Daemon procrun finished.
[2020-12-10 00:49:51] [info]  [20560] Apache Commons Daemon procrun (1.2.3.0 64-bit) started.
[2020-12-10 00:49:51] [info]  [20560] Running Service 'Tomcat8'...
[2020-12-10 00:49:51] [info]  [18756] Starting service...
[2020-12-10 00:49:52] [info]  [18756] Service started in 1261 milliseconds.
[2020-12-10 01:08:31] [info]  [ 5836] Stopping service...
[2020-12-10 01:08:32] [info]  [ 5836] Service stop thread completed.
[2020-12-10 01:08:32] [info]  [20560] Run service finished.
[2020-12-10 01:08:32] [info]  [20560] Apache Commons Daemon procrun finished.
[2020-12-10 01:08:32] [info]  [13860] Apache Commons Daemon procrun (1.2.3.0 64-bit) started.
[2020-12-10 01:08:32] [info]  [13860] Running Service 'Tomcat8'...
[2020-12-10 01:08:32] [info]  [21136] Starting service...
[2020-12-10 01:08:34] [info]  [21136] Service started in 1418 milliseconds.
[2020-12-10 08:01:36] [info]  [10068] Apache Commons Daemon procrun (1.2.3.0 64-bit) started.
[2020-12-10 08:01:36] [info]  [10068] Running Service 'Tomcat8'...
[2020-12-10 08:01:36] [info]  [ 3384] Starting service...
[2020-12-10 08:01:38] [info]  [ 3384] Service started in 1750 milliseconds.
[2020-12-10 08:04:47] [info]  [ 5528] Stopping service...
[2020-12-10 08:04:48] [info]  [ 5528] Service stop thread completed.
[2020-12-10 08:04:48] [info]  [10068] Run service finished.
[2020-12-10 08:04:48] [info]  [10068] Apache Commons Daemon procrun finished.
[2020-12-10 08:04:49] [info]  [12716] Apache Commons Daemon procrun (1.2.3.0 64-bit) started.
[2020-12-10 08:04:49] [info]  [12716] Running Service 'Tomcat8'...
[2020-12-10 08:04:49] [info]  [14964] Starting service...
[2020-12-10 08:04:50] [info]  [14964] Service started in 1159 milliseconds.
[2020-12-10 08:10:10] [info]  [ 9436] Stopping service...
[2020-12-10 08:10:11] [info]  [ 9436] Service stop thread completed.
[2020-12-10 08:10:11] [info]  [12716] Run service finished.
[2020-12-10 08:10:11] [info]  [12716] Apache Commons Daemon procrun finished.
[2020-12-10 08:10:11] [info]  [ 7440] Apache Commons Daemon procrun (1.2.3.0 64-bit) started.
[2020-12-10 08:10:11] [info]  [ 7440] Running Service 'Tomcat8'...
[2020-12-10 08:10:11] [info]  [ 2828] Starting service...
[2020-12-10 08:10:13] [info]  [ 2828] Service started in 1187 milliseconds.
[2020-12-10 08:24:29] [info]  [ 1608] Stopping service...
[2020-12-10 08:24:30] [info]  [ 1608] Service stop thread completed.
[2020-12-10 08:24:30] [info]  [ 7440] Run service finished.
[2020-12-10 08:24:30] [info]  [ 7440] Apache Commons Daemon procrun finished.
[2020-12-10 08:24:31] [info]  [ 2644] Apache Commons Daemon procrun (1.2.3.0 64-bit) started.
[2020-12-10 08:24:31] [info]  [ 2644] Running Service 'Tomcat8'...
[2020-12-10 08:24:31] [info]  [13920] Starting service...
[2020-12-10 08:24:32] [info]  [13920] Service started in 1256 milliseconds.
[2020-12-10 08:29:55] [info]  [ 6668] Stopping service...
[2020-12-10 08:29:56] [info]  [ 6668] Service stop thread completed.
[2020-12-10 08:29:56] [info]  [ 2644] Run service finished.
[2020-12-10 08:29:56] [info]  [ 2644] Apache Commons Daemon procrun finished.
[2020-12-10 08:29:56] [info]  [13728] Apache Commons Daemon procrun (1.2.3.0 64-bit) started.
[2020-12-10 08:29:56] [info]  [13728] Running Service 'Tomcat8'...
[2020-12-10 08:29:56] [info]  [10672] Starting service...
[2020-12-10 08:29:57] [info]  [10672] Service started in 1227 milliseconds.
[2020-12-10 08:38:28] [info]  [ 6184] Stopping service...
[2020-12-10 08:38:29] [info]  [ 6184] Service stop thread completed.
[2020-12-10 08:38:29] [info]  [13728] Run service finished.
[2020-12-10 08:38:29] [info]  [13728] Apache Commons Daemon procrun finished.
[2020-12-10 08:38:29] [info]  [ 9924] Apache Commons Daemon procrun (1.2.3.0 64-bit) started.
[2020-12-10 08:38:29] [info]  [ 9924] Running Service 'Tomcat8'...
[2020-12-10 08:38:29] [info]  [ 6396] Starting service...
[2020-12-10 08:38:30] [info]  [ 6396] Service started in 1290 milliseconds.
[2020-12-10 08:47:26] [info]  [  384] Stopping service...
[2020-12-10 08:47:27] [info]  [  384] Service stop thread completed.
[2020-12-10 08:47:27] [info]  [ 9924] Run service finished.
[2020-12-10 08:47:27] [info]  [ 9924] Apache Commons Daemon procrun finished.
[2020-12-10 08:47:27] [info]  [15132] Apache Commons Daemon procrun (1.2.3.0 64-bit) started.
[2020-12-10 08:47:27] [info]  [15132] Running Service 'Tomcat8'...
[2020-12-10 08:47:27] [info]  [14692] Starting service...
[2020-12-10 08:47:29] [info]  [14692] Service started in 1326 milliseconds.
[2020-12-10 09:41:51] [info]  [ 8636] Stopping service...
[2020-12-10 09:41:52] [info]  [ 8636] Service stop thread completed.
[2020-12-10 09:41:52] [info]  [15132] Run service finished.
[2020-12-10 09:41:52] [info]  [15132] Apache Commons Daemon procrun finished.
[2020-12-10 09:41:52] [info]  [10136] Apache Commons Daemon procrun (1.2.3.0 64-bit) started.
[2020-12-10 09:41:52] [info]  [10136] Running Service 'Tomcat8'...
[2020-12-10 09:41:52] [info]  [ 3508] Starting service...
[2020-12-10 09:41:54] [info]  [ 3508] Service started in 1192 milliseconds.
[2020-12-10 09:47:24] [info]  [13908] Stopping service...
[2020-12-10 09:47:25] [info]  [13908] Service stop thread completed.
[2020-12-10 09:47:25] [info]  [10136] Run service finished.
[2020-12-10 09:47:25] [info]  [10136] Apache Commons Daemon procrun finished.
[2020-12-10 09:47:25] [info]  [ 6056] Apache Commons Daemon procrun (1.2.3.0 64-bit) started.
[2020-12-10 09:47:25] [info]  [ 6056] Running Service 'Tomcat8'...
[2020-12-10 09:47:25] [info]  [13456] Starting service...
[2020-12-10 09:47:27] [info]  [13456] Service started in 1194 milliseconds.
[2020-12-10 09:51:14] [info]  [13848] Stopping service...
[2020-12-10 09:51:15] [info]  [13848] Service stop thread completed.
[2020-12-10 09:51:15] [info]  [ 6056] Run service finished.
[2020-12-10 09:51:15] [info]  [ 6056] Apache Commons Daemon procrun finished.
[2020-12-10 09:51:15] [info]  [ 3860] Apache Commons Daemon procrun (1.2.3.0 64-bit) started.
[2020-12-10 09:51:15] [info]  [ 3860] Running Service 'Tomcat8'...
[2020-12-10 09:51:15] [info]  [14220] Starting service...
[2020-12-10 09:51:17] [info]  [14220] Service started in 1211 milliseconds.
[2020-12-10 09:57:55] [info]  [ 6832] Stopping service...
[2020-12-10 09:57:56] [info]  [ 6832] Service stop thread completed.
[2020-12-10 09:57:56] [info]  [ 3860] Run service finished.
[2020-12-10 09:57:56] [info]  [ 3860] Apache Commons Daemon procrun finished.
[2020-12-10 09:57:56] [info]  [ 9424] Apache Commons Daemon procrun (1.2.3.0 64-bit) started.
[2020-12-10 09:57:56] [info]  [ 9424] Running Service 'Tomcat8'...
[2020-12-10 09:57:56] [info]  [  120] Starting service...
[2020-12-10 09:57:57] [info]  [  120] Service started in 1244 milliseconds.
[2020-12-10 09:58:54] [info]  [ 5040] Stopping service...
[2020-12-10 09:58:55] [info]  [ 5040] Service stop thread completed.
[2020-12-10 09:58:55] [info]  [ 9424] Run service finished.
[2020-12-10 09:58:55] [info]  [ 9424] Apache Commons Daemon procrun finished.
[2020-12-10 09:58:55] [info]  [ 3240] Apache Commons Daemon procrun (1.2.3.0 64-bit) started.
[2020-12-10 09:58:56] [info]  [ 3240] Running Service 'Tomcat8'...
[2020-12-10 09:58:56] [info]  [13268] Starting service...
[2020-12-10 09:58:57] [info]  [13268] Service started in 1222 milliseconds.
[2020-12-10 09:59:27] [info]  [  796] Stopping service...
[2020-12-10 09:59:28] [info]  [  796] Service stop thread completed.
[2020-12-10 09:59:28] [info]  [ 3240] Run service finished.
[2020-12-10 09:59:28] [info]  [ 3240] Apache Commons Daemon procrun finished.
[2020-12-10 09:59:28] [info]  [ 6412] Apache Commons Daemon procrun (1.2.3.0 64-bit) started.
[2020-12-10 09:59:28] [info]  [ 6412] Running Service 'Tomcat8'...
[2020-12-10 09:59:29] [info]  [ 8256] Starting service...
[2020-12-10 09:59:30] [info]  [ 8256] Service started in 1261 milliseconds.
[2020-12-10 10:00:04] [info]  [ 1208] Stopping service...
[2020-12-10 10:00:05] [info]  [ 1208] Service stop thread completed.
[2020-12-10 10:00:05] [info]  [ 6412] Run service finished.
[2020-12-10 10:00:05] [info]  [ 6412] Apache Commons Daemon procrun finished.
[2020-12-10 10:00:06] [info]  [ 8040] Apache Commons Daemon procrun (1.2.3.0 64-bit) started.
[2020-12-10 10:00:06] [info]  [ 8040] Running Service 'Tomcat8'...
[2020-12-10 10:00:06] [info]  [12192] Starting service...
[2020-12-10 10:00:07] [info]  [12192] Service started in 1196 milliseconds.
[2020-12-10 10:05:55] [info]  [ 2924] Stopping service...
[2020-12-10 10:05:56] [info]  [ 2924] Service stop thread completed.
[2020-12-10 10:05:56] [info]  [ 8040] Run service finished.
[2020-12-10 10:05:56] [info]  [ 8040] Apache Commons Daemon procrun finished.
[2020-12-10 10:05:56] [info]  [ 1760] Apache Commons Daemon procrun (1.2.3.0 64-bit) started.
[2020-12-10 10:05:56] [info]  [ 1760] Running Service 'Tomcat8'...
[2020-12-10 10:05:56] [info]  [12948] Starting service...
[2020-12-10 10:05:58] [info]  [12948] Service started in 1318 milliseconds.
[2020-12-10 10:53:48] [info]  [ 5212] Stopping service...
[2020-12-10 10:53:49] [info]  [ 5212] Service stop thread completed.
[2020-12-10 10:53:49] [info]  [ 1760] Run service finished.
[2020-12-10 10:53:49] [info]  [ 1760] Apache Commons Daemon procrun finished.
[2020-12-10 10:53:49] [info]  [13112] Apache Commons Daemon procrun (1.2.3.0 64-bit) started.
[2020-12-10 10:53:49] [info]  [13112] Running Service 'Tomcat8'...
[2020-12-10 10:53:49] [info]  [13072] Starting service...
[2020-12-10 10:53:50] [info]  [13072] Service started in 1317 milliseconds.
[2020-12-10 10:55:19] [info]  [12760] Stopping service...
[2020-12-10 10:55:20] [info]  [12760] Service stop thread completed.
[2020-12-10 10:55:20] [info]  [13112] Run service finished.
[2020-12-10 10:55:20] [info]  [13112] Apache Commons Daemon procrun finished.
[2020-12-10 10:55:20] [info]  [ 7280] Apache Commons Daemon procrun (1.2.3.0 64-bit) started.
[2020-12-10 10:55:20] [info]  [ 7280] Running Service 'Tomcat8'...
[2020-12-10 10:55:20] [info]  [ 7828] Starting service...
[2020-12-10 10:55:21] [info]  [ 7828] Service started in 1245 milliseconds.
[2020-12-10 11:19:58] [info]  [  876] Stopping service...
[2020-12-10 11:19:59] [info]  [  876] Service stop thread completed.
[2020-12-10 11:19:59] [info]  [ 7280] Run service finished.
[2020-12-10 11:19:59] [info]  [ 7280] Apache Commons Daemon procrun finished.
[2020-12-10 11:20:00] [info]  [12544] Apache Commons Daemon procrun (1.2.3.0 64-bit) started.
[2020-12-10 11:20:00] [info]  [12544] Running Service 'Tomcat8'...
[2020-12-10 11:20:00] [info]  [13032] Starting service...
[2020-12-10 11:20:01] [info]  [13032] Service started in 1210 milliseconds.
[2020-12-10 13:36:12] [info]  [10092] Stopping service...
[2020-12-10 13:36:13] [info]  [10092] Service stop thread completed.
[2020-12-10 13:36:13] [info]  [12544] Run service finished.
[2020-12-10 13:36:13] [info]  [12544] Apache Commons Daemon procrun finished.
[2020-12-10 13:36:13] [info]  [12420] Apache Commons Daemon procrun (1.2.3.0 64-bit) started.
[2020-12-10 13:36:13] [info]  [12420] Running Service 'Tomcat8'...
[2020-12-10 13:36:13] [info]  [ 3424] Starting service...
[2020-12-10 13:36:15] [info]  [ 3424] Service started in 1558 milliseconds.
[2020-12-10 13:58:07] [info]  [13792] Stopping service...
[2020-12-10 13:58:08] [info]  [13792] Service stop thread completed.
[2020-12-10 13:58:08] [info]  [12420] Run service finished.
[2020-12-10 13:58:08] [info]  [12420] Apache Commons Daemon procrun finished.
[2020-12-10 13:58:08] [info]  [13688] Apache Commons Daemon procrun (1.2.3.0 64-bit) started.
[2020-12-10 13:58:08] [info]  [13688] Running Service 'Tomcat8'...
[2020-12-10 13:58:08] [info]  [13076] Starting service...
[2020-12-10 13:58:10] [info]  [13076] Service started in 1220 milliseconds.
[2020-12-10 14:48:14] [info]  [ 4624] Stopping service...
[2020-12-10 14:48:15] [info]  [ 4624] Service stop thread completed.
[2020-12-10 14:48:15] [info]  [13688] Run service finished.
[2020-12-10 14:48:15] [info]  [13688] Apache Commons Daemon procrun finished.
[2020-12-10 14:48:15] [info]  [13876] Apache Commons Daemon procrun (1.2.3.0 64-bit) started.
[2020-12-10 14:48:15] [info]  [13876] Running Service 'Tomcat8'...
[2020-12-10 14:48:15] [info]  [11584] Starting service...
[2020-12-10 14:48:17] [info]  [11584] Service started in 1362 milliseconds.
[2020-12-10 15:09:22] [info]  [ 5512] Stopping service...
[2020-12-10 15:09:23] [info]  [ 5512] Service stop thread completed.
[2020-12-10 15:09:23] [info]  [13876] Run service finished.
[2020-12-10 15:09:23] [info]  [13876] Apache Commons Daemon procrun finished.
[2020-12-10 15:09:23] [info]  [11112] Apache Commons Daemon procrun (1.2.3.0 64-bit) started.
[2020-12-10 15:09:23] [info]  [11112] Running Service 'Tomcat8'...
[2020-12-10 15:09:23] [info]  [ 8432] Starting service...
[2020-12-10 15:09:24] [info]  [ 8432] Service started in 1241 milliseconds.
[2020-12-10 15:16:07] [info]  [ 3364] Stopping service...
[2020-12-10 15:16:08] [info]  [ 3364] Service stop thread completed.
[2020-12-10 15:16:08] [info]  [11112] Run service finished.
[2020-12-10 15:16:08] [info]  [11112] Apache Commons Daemon procrun finished.
[2020-12-10 15:16:08] [info]  [ 2724] Apache Commons Daemon procrun (1.2.3.0 64-bit) started.
[2020-12-10 15:16:08] [info]  [ 2724] Running Service 'Tomcat8'...
[2020-12-10 15:16:08] [info]  [13224] Starting service...
[2020-12-10 15:16:09] [info]  [13224] Service started in 1281 milliseconds.
[2020-12-10 15:17:14] [info]  [15836] Stopping service...
[2020-12-10 15:17:15] [info]  [15836] Service stop thread completed.
[2020-12-10 15:17:15] [info]  [ 2724] Run service finished.
[2020-12-10 15:17:15] [info]  [ 2724] Apache Commons Daemon procrun finished.
[2020-12-10 15:17:15] [info]  [14420] Apache Commons Daemon procrun (1.2.3.0 64-bit) started.
[2020-12-10 15:17:15] [info]  [14420] Running Service 'Tomcat8'...
[2020-12-10 15:17:15] [info]  [10000] Starting service...
[2020-12-10 15:17:17] [info]  [10000] Service started in 1244 milliseconds.
[2020-12-10 15:19:19] [info]  [14716] Stopping service...
[2020-12-10 15:19:20] [info]  [14716] Service stop thread completed.
[2020-12-10 15:19:20] [info]  [14420] Run service finished.
[2020-12-10 15:19:20] [info]  [14420] Apache Commons Daemon procrun finished.
[2020-12-10 15:19:20] [info]  [13236] Apache Commons Daemon procrun (1.2.3.0 64-bit) started.
[2020-12-10 15:19:20] [info]  [13236] Running Service 'Tomcat8'...
[2020-12-10 15:19:20] [info]  [ 5704] Starting service...
[2020-12-10 15:19:21] [info]  [ 5704] Service started in 1327 milliseconds.
[2020-12-10 15:46:00] [info]  [14656] Stopping service...
[2020-12-10 15:46:01] [info]  [14656] Service stop thread completed.
[2020-12-10 15:46:01] [info]  [13236] Run service finished.
[2020-12-10 15:46:01] [info]  [13236] Apache Commons Daemon procrun finished.
[2020-12-10 15:46:02] [info]  [15252] Apache Commons Daemon procrun (1.2.3.0 64-bit) started.
[2020-12-10 15:46:02] [info]  [15252] Running Service 'Tomcat8'...
[2020-12-10 15:46:02] [info]  [17316] Starting service...
[2020-12-10 15:46:03] [info]  [17316] Service started in 1347 milliseconds.
[2020-12-10 15:50:03] [info]  [ 6448] Stopping service...
[2020-12-10 15:50:04] [info]  [ 6448] Service stop thread completed.
[2020-12-10 15:50:04] [info]  [15252] Run service finished.
[2020-12-10 15:50:04] [info]  [15252] Apache Commons Daemon procrun finished.
[2020-12-10 15:50:04] [info]  [ 6740] Apache Commons Daemon procrun (1.2.3.0 64-bit) started.
[2020-12-10 15:50:04] [info]  [ 6740] Running Service 'Tomcat8'...
[2020-12-10 15:50:04] [info]  [ 8472] Starting service...
[2020-12-10 15:50:05] [info]  [ 8472] Service started in 1167 milliseconds.
[2020-12-10 15:59:27] [info]  [15580] Stopping service...
[2020-12-10 15:59:28] [info]  [15580] Service stop thread completed.
[2020-12-10 15:59:28] [info]  [ 6740] Run service finished.
[2020-12-10 15:59:28] [info]  [ 6740] Apache Commons Daemon procrun finished.
[2020-12-10 15:59:28] [info]  [ 1740] Apache Commons Daemon procrun (1.2.3.0 64-bit) started.
[2020-12-10 15:59:28] [info]  [ 1740] Running Service 'Tomcat8'...
[2020-12-10 15:59:28] [info]  [11948] Starting service...
[2020-12-10 15:59:29] [info]  [11948] Service started in 1152 milliseconds.
[2020-12-10 17:03:57] [info]  [15024] Stopping service...
[2020-12-10 17:03:58] [info]  [15024] Service stop thread completed.
[2020-12-10 17:03:58] [info]  [ 1740] Run service finished.
[2020-12-10 17:03:58] [info]  [ 1740] Apache Commons Daemon procrun finished.
[2020-12-10 17:03:59] [info]  [16712] Apache Commons Daemon procrun (1.2.3.0 64-bit) started.
[2020-12-10 17:03:59] [info]  [16712] Running Service 'Tomcat8'...
[2020-12-10 17:03:59] [info]  [ 8948] Starting service...
[2020-12-10 17:04:00] [info]  [ 8948] Service started in 1184 milliseconds.
[2020-12-10 17:19:43] [info]  [12900] Stopping service...
[2020-12-10 17:19:44] [info]  [12900] Service stop thread completed.
[2020-12-10 17:19:45] [info]  [16712] Run service finished.
[2020-12-10 17:19:45] [info]  [16712] Apache Commons Daemon procrun finished.
[2020-12-10 17:19:45] [info]  [ 6608] Apache Commons Daemon procrun (1.2.3.0 64-bit) started.
[2020-12-10 17:19:45] [info]  [ 6608] Running Service 'Tomcat8'...
[2020-12-10 17:19:45] [info]  [ 4524] Starting service...
[2020-12-10 17:19:46] [info]  [ 4524] Service started in 1165 milliseconds.
[2020-12-10 17:25:31] [info]  [ 7736] Stopping service...
[2020-12-10 17:25:32] [info]  [ 7736] Service stop thread completed.
[2020-12-10 17:25:32] [info]  [ 6608] Run service finished.
[2020-12-10 17:25:32] [info]  [ 6608] Apache Commons Daemon procrun finished.
[2020-12-10 17:25:32] [info]  [10828] Apache Commons Daemon procrun (1.2.3.0 64-bit) started.
[2020-12-10 17:25:32] [info]  [10828] Running Service 'Tomcat8'...
[2020-12-10 17:25:32] [info]  [ 1016] Starting service...
[2020-12-10 17:25:33] [info]  [ 1016] Service started in 1167 milliseconds.
[2020-12-10 17:27:15] [info]  [17368] Stopping service...
[2020-12-10 17:27:16] [info]  [17368] Service stop thread completed.
[2020-12-10 17:27:16] [info]  [10828] Run service finished.
[2020-12-10 17:27:16] [info]  [10828] Apache Commons Daemon procrun finished.
[2020-12-10 17:27:16] [info]  [ 3028] Apache Commons Daemon procrun (1.2.3.0 64-bit) started.
[2020-12-10 17:27:16] [info]  [ 3028] Running Service 'Tomcat8'...
[2020-12-10 17:27:16] [info]  [ 9436] Starting service...
[2020-12-10 17:27:17] [info]  [ 9436] Service started in 1166 milliseconds.
[2020-12-10 17:28:42] [info]  [14272] Stopping service...
[2020-12-10 17:28:43] [info]  [14272] Service stop thread completed.
[2020-12-10 17:28:43] [info]  [ 3028] Run service finished.
[2020-12-10 17:28:43] [info]  [ 3028] Apache Commons Daemon procrun finished.
[2020-12-10 17:28:43] [info]  [13244] Apache Commons Daemon procrun (1.2.3.0 64-bit) started.
[2020-12-10 17:28:43] [info]  [13244] Running Service 'Tomcat8'...
[2020-12-10 17:28:43] [info]  [15124] Starting service...
[2020-12-10 17:28:44] [info]  [15124] Service started in 1155 milliseconds.
[2020-12-10 17:39:22] [info]  [16788] Stopping service...
[2020-12-10 17:39:23] [info]  [16788] Service stop thread completed.
[2020-12-10 17:39:23] [info]  [13244] Run service finished.
[2020-12-10 17:39:23] [info]  [13244] Apache Commons Daemon procrun finished.
[2020-12-10 17:39:24] [info]  [ 4920] Apache Commons Daemon procrun (1.2.3.0 64-bit) started.
[2020-12-10 17:39:24] [info]  [ 4920] Running Service 'Tomcat8'...
[2020-12-10 17:39:24] [info]  [13520] Starting service...
[2020-12-10 17:39:25] [info]  [13520] Service started in 1380 milliseconds.
[2020-12-10 17:57:26] [info]  [15696] Stopping service...
[2020-12-10 17:57:27] [info]  [15696] Service stop thread completed.
[2020-12-10 17:57:27] [info]  [ 4920] Run service finished.
[2020-12-10 17:57:27] [info]  [ 4920] Apache Commons Daemon procrun finished.
[2020-12-10 17:57:28] [info]  [11124] Apache Commons Daemon procrun (1.2.3.0 64-bit) started.
[2020-12-10 17:57:28] [info]  [11124] Running Service 'Tomcat8'...
[2020-12-10 17:57:28] [info]  [16856] Starting service...
[2020-12-10 17:57:29] [info]  [16856] Service started in 1267 milliseconds.
[2020-12-10 18:01:49] [info]  [ 4296] Stopping service...
[2020-12-10 18:01:50] [info]  [ 4296] Service stop thread completed.
[2020-12-10 18:01:50] [info]  [11124] Run service finished.
[2020-12-10 18:01:50] [info]  [11124] Apache Commons Daemon procrun finished.
[2020-12-10 18:01:51] [info]  [ 1944] Apache Commons Daemon procrun (1.2.3.0 64-bit) started.
[2020-12-10 18:01:51] [info]  [ 1944] Running Service 'Tomcat8'...
[2020-12-10 18:01:51] [info]  [ 9900] Starting service...
[2020-12-10 18:01:52] [info]  [ 9900] Service started in 1520 milliseconds.
[2020-12-10 18:02:46] [info]  [16112] Stopping service...
[2020-12-10 18:02:47] [info]  [16112] Service stop thread completed.
[2020-12-10 18:02:47] [info]  [ 1944] Run service finished.
[2020-12-10 18:02:47] [info]  [ 1944] Apache Commons Daemon procrun finished.
[2020-12-10 18:02:48] [info]  [ 4484] Apache Commons Daemon procrun (1.2.3.0 64-bit) started.
[2020-12-10 18:02:48] [info]  [ 4484] Running Service 'Tomcat8'...
[2020-12-10 18:02:48] [info]  [ 2892] Starting service...
[2020-12-10 18:02:49] [info]  [ 2892] Service started in 1330 milliseconds.
[2020-12-10 18:05:52] [info]  [11664] Stopping service...
[2020-12-10 18:05:53] [info]  [11664] Service stop thread completed.
[2020-12-10 18:05:53] [info]  [ 4484] Run service finished.
[2020-12-10 18:05:53] [info]  [ 4484] Apache Commons Daemon procrun finished.
[2020-12-10 18:05:54] [info]  [ 4716] Apache Commons Daemon procrun (1.2.3.0 64-bit) started.
[2020-12-10 18:05:54] [info]  [ 4716] Running Service 'Tomcat8'...
[2020-12-10 18:05:54] [info]  [ 4636] Starting service...
[2020-12-10 18:05:55] [info]  [ 4636] Service started in 1307 milliseconds.
[2020-12-10 18:09:00] [info]  [ 1672] Stopping service...
[2020-12-10 18:09:01] [info]  [ 1672] Service stop thread completed.
[2020-12-10 18:09:01] [info]  [ 4716] Run service finished.
[2020-12-10 18:09:01] [info]  [ 4716] Apache Commons Daemon procrun finished.
[2020-12-10 18:09:01] [info]  [  572] Apache Commons Daemon procrun (1.2.3.0 64-bit) started.
[2020-12-10 18:09:01] [info]  [  572] Running Service 'Tomcat8'...
[2020-12-10 18:09:01] [info]  [ 8232] Starting service...
[2020-12-10 18:09:03] [info]  [ 8232] Service started in 1322 milliseconds.
[2020-12-10 18:10:12] [info]  [ 8120] Stopping service...
[2020-12-10 18:10:13] [info]  [ 8120] Service stop thread completed.
[2020-12-10 18:10:13] [info]  [  572] Run service finished.
[2020-12-10 18:10:13] [info]  [  572] Apache Commons Daemon procrun finished.
[2020-12-10 18:10:13] [info]  [11068] Apache Commons Daemon procrun (1.2.3.0 64-bit) started.
[2020-12-10 18:10:13] [info]  [11068] Running Service 'Tomcat8'...
[2020-12-10 18:10:13] [info]  [  580] Starting service...
[2020-12-10 18:10:14] [info]  [  580] Service started in 1297 milliseconds.
[2020-12-10 18:15:59] [info]  [ 6940] Stopping service...
[2020-12-10 18:16:00] [info]  [ 6940] Service stop thread completed.
[2020-12-10 18:16:00] [info]  [11068] Run service finished.
[2020-12-10 18:16:00] [info]  [11068] Apache Commons Daemon procrun finished.
[2020-12-10 18:16:03] [info]  [14256] Apache Commons Daemon procrun (1.2.3.0 64-bit) started.
[2020-12-10 18:16:03] [info]  [14256] Running Service 'Tomcat8'...
[2020-12-10 18:16:03] [info]  [ 4716] Starting service...
[2020-12-10 18:16:04] [info]  [ 4716] Service started in 1182 milliseconds.
[2020-12-10 18:19:10] [info]  [10628] Stopping service...
[2020-12-10 18:19:11] [info]  [10628] Service stop thread completed.
[2020-12-10 18:19:11] [info]  [14256] Run service finished.
[2020-12-10 18:19:11] [info]  [14256] Apache Commons Daemon procrun finished.
[2020-12-10 18:19:14] [info]  [ 8144] Apache Commons Daemon procrun (1.2.3.0 64-bit) started.
[2020-12-10 18:19:14] [info]  [ 8144] Running Service 'Tomcat8'...
[2020-12-10 18:19:14] [info]  [13728] Starting service...
[2020-12-10 18:19:16] [info]  [13728] Service started in 1330 milliseconds.
[2020-12-10 18:25:34] [info]  [ 1176] Stopping service...
[2020-12-10 18:25:35] [info]  [ 1176] Service stop thread completed.
[2020-12-10 18:25:35] [info]  [ 8144] Run service finished.
[2020-12-10 18:25:35] [info]  [ 8144] Apache Commons Daemon procrun finished.
[2020-12-10 18:25:35] [info]  [17064] Apache Commons Daemon procrun (1.2.3.0 64-bit) started.
[2020-12-10 18:25:35] [info]  [17064] Running Service 'Tomcat8'...
[2020-12-10 18:25:35] [info]  [12952] Starting service...
[2020-12-10 18:25:36] [info]  [12952] Service started in 1188 milliseconds.
[2020-12-10 23:18:30] [info]  [11728] Stopping service...
[2020-12-10 23:18:31] [info]  [11728] Service stop thread completed.
[2020-12-10 23:18:31] [info]  [17064] Run service finished.
[2020-12-10 23:18:31] [info]  [17064] Apache Commons Daemon procrun finished.
[2020-12-10 23:18:31] [info]  [ 8588] Apache Commons Daemon procrun (1.2.3.0 64-bit) started.
[2020-12-10 23:18:32] [info]  [ 8588] Running Service 'Tomcat8'...
[2020-12-10 23:18:32] [info]  [ 5704] Starting service...
[2020-12-10 23:18:33] [info]  [ 5704] Service started in 1357 milliseconds.
[2020-12-10 23:22:20] [info]  [17188] Stopping service...
[2020-12-10 23:22:21] [info]  [17188] Service stop thread completed.
[2020-12-10 23:22:21] [info]  [ 8588] Run service finished.
[2020-12-10 23:22:21] [info]  [ 8588] Apache Commons Daemon procrun finished.
[2020-12-10 23:22:21] [info]  [15916] Apache Commons Daemon procrun (1.2.3.0 64-bit) started.
[2020-12-10 23:22:22] [info]  [15916] Running Service 'Tomcat8'...
[2020-12-10 23:22:22] [info]  [ 9580] Starting service...
[2020-12-10 23:22:23] [info]  [ 9580] Service started in 1301 milliseconds.
[2020-12-10 23:27:10] [info]  [ 9740] Stopping service...
[2020-12-10 23:27:11] [info]  [ 9740] Service stop thread completed.
[2020-12-10 23:27:11] [info]  [15916] Run service finished.
[2020-12-10 23:27:11] [info]  [15916] Apache Commons Daemon procrun finished.
[2020-12-10 23:27:11] [info]  [ 7000] Apache Commons Daemon procrun (1.2.3.0 64-bit) started.
[2020-12-10 23:27:11] [info]  [ 7000] Running Service 'Tomcat8'...
[2020-12-10 23:27:11] [info]  [19128] Starting service...
[2020-12-10 23:27:12] [info]  [19128] Service started in 1261 milliseconds.
[2020-12-10 23:32:58] [info]  [12076] Stopping service...
[2020-12-10 23:32:59] [info]  [12076] Service stop thread completed.
[2020-12-10 23:32:59] [info]  [ 7000] Run service finished.
[2020-12-10 23:32:59] [info]  [ 7000] Apache Commons Daemon procrun finished.
[2020-12-10 23:32:59] [info]  [17028] Apache Commons Daemon procrun (1.2.3.0 64-bit) started.
[2020-12-10 23:32:59] [info]  [17028] Running Service 'Tomcat8'...
[2020-12-10 23:32:59] [info]  [12056] Starting service...
[2020-12-10 23:33:01] [info]  [12056] Service started in 1485 milliseconds.
[2020-12-10 23:40:01] [info]  [18616] Stopping service...
[2020-12-10 23:40:02] [info]  [18616] Service stop thread completed.
[2020-12-10 23:40:02] [info]  [17028] Run service finished.
[2020-12-10 23:40:02] [info]  [17028] Apache Commons Daemon procrun finished.
[2020-12-10 23:40:03] [info]  [ 3296] Apache Commons Daemon procrun (1.2.3.0 64-bit) started.
[2020-12-10 23:40:03] [info]  [ 3296] Running Service 'Tomcat8'...
[2020-12-10 23:40:03] [info]  [ 8864] Starting service...
[2020-12-10 23:40:05] [info]  [ 8864] Service started in 1409 milliseconds.
[2020-12-10 23:47:31] [info]  [13888] Stopping service...
[2020-12-10 23:47:32] [info]  [13888] Service stop thread completed.
[2020-12-10 23:47:32] [info]  [ 3296] Run service finished.
[2020-12-10 23:47:32] [info]  [ 3296] Apache Commons Daemon procrun finished.
[2020-12-10 23:47:32] [info]  [ 9148] Apache Commons Daemon procrun (1.2.3.0 64-bit) started.
[2020-12-10 23:47:32] [info]  [ 9148] Running Service 'Tomcat8'...
[2020-12-10 23:47:32] [info]  [16836] Starting service...
[2020-12-10 23:47:34] [info]  [16836] Service started in 1435 milliseconds.
[2020-12-11 00:28:29] [info]  [13752] Stopping service...
[2020-12-11 00:28:30] [info]  [13752] Service stop thread completed.
[2020-12-11 00:28:31] [info]  [ 9148] Run service finished.
[2020-12-11 00:28:31] [info]  [ 9148] Apache Commons Daemon procrun finished.
