[2020-12-11 00:28:31] [info]  [18224] Apache Commons Daemon procrun (1.2.3.0 64-bit) started.
[2020-12-11 00:28:31] [info]  [18224] Running Service 'Tomcat8'...
[2020-12-11 00:28:31] [info]  [ 3612] Starting service...
[2020-12-11 00:28:32] [info]  [ 3612] Service started in 1189 milliseconds.
[2020-12-11 08:54:46] [info]  [11272] Stopping service...
[2020-12-11 08:54:47] [info]  [11272] Service stop thread completed.
[2020-12-11 08:54:48] [info]  [18224] Run service finished.
[2020-12-11 08:54:48] [info]  [18224] Apache Commons Daemon procrun finished.
[2020-12-11 08:54:48] [info]  [17660] Apache Commons Daemon procrun (1.2.3.0 64-bit) started.
[2020-12-11 08:54:48] [info]  [17660] Running Service 'Tomcat8'...
[2020-12-11 08:54:48] [info]  [14240] Starting service...
[2020-12-11 08:54:49] [info]  [14240] Service started in 1195 milliseconds.
[2020-12-11 08:58:53] [info]  [ 4428] Stopping service...
[2020-12-11 08:58:54] [info]  [ 4428] Service stop thread completed.
[2020-12-11 08:58:54] [info]  [17660] Run service finished.
[2020-12-11 08:58:54] [info]  [17660] Apache Commons Daemon procrun finished.
[2020-12-11 08:58:54] [info]  [17604] Apache Commons Daemon procrun (1.2.3.0 64-bit) started.
[2020-12-11 08:58:54] [info]  [17604] Running Service 'Tomcat8'...
[2020-12-11 08:58:54] [info]  [ 5908] Starting service...
[2020-12-11 08:58:55] [info]  [ 5908] Service started in 1181 milliseconds.
[2020-12-11 09:22:29] [info]  [15136] Stopping service...
[2020-12-11 09:22:30] [info]  [15136] Service stop thread completed.
[2020-12-11 09:22:30] [info]  [17604] Run service finished.
[2020-12-11 09:22:30] [info]  [17604] Apache Commons Daemon procrun finished.
[2020-12-11 09:22:30] [info]  [ 1548] Apache Commons Daemon procrun (1.2.3.0 64-bit) started.
[2020-12-11 09:22:30] [info]  [ 1548] Running Service 'Tomcat8'...
[2020-12-11 09:22:30] [info]  [ 2324] Starting service...
[2020-12-11 09:22:31] [info]  [ 2324] Service started in 1178 milliseconds.
[2020-12-11 09:47:02] [info]  [12356] Stopping service...
[2020-12-11 09:47:03] [info]  [12356] Service stop thread completed.
[2020-12-11 09:47:03] [info]  [ 1548] Run service finished.
[2020-12-11 09:47:03] [info]  [ 1548] Apache Commons Daemon procrun finished.
[2020-12-11 09:47:04] [info]  [10788] Apache Commons Daemon procrun (1.2.3.0 64-bit) started.
[2020-12-11 09:47:04] [info]  [10788] Running Service 'Tomcat8'...
[2020-12-11 09:47:04] [info]  [13956] Starting service...
[2020-12-11 09:47:05] [info]  [13956] Service started in 1157 milliseconds.
[2020-12-11 09:47:56] [info]  [15496] Stopping service...
[2020-12-11 09:47:57] [info]  [15496] Service stop thread completed.
[2020-12-11 09:47:57] [info]  [10788] Run service finished.
[2020-12-11 09:47:57] [info]  [10788] Apache Commons Daemon procrun finished.
[2020-12-11 09:47:57] [info]  [ 3976] Apache Commons Daemon procrun (1.2.3.0 64-bit) started.
[2020-12-11 09:47:57] [info]  [ 3976] Running Service 'Tomcat8'...
[2020-12-11 09:47:57] [info]  [14444] Starting service...
[2020-12-11 09:47:58] [info]  [14444] Service started in 1157 milliseconds.
[2020-12-11 09:50:21] [info]  [14468] Stopping service...
[2020-12-11 09:50:22] [info]  [14468] Service stop thread completed.
[2020-12-11 09:50:22] [info]  [ 3976] Run service finished.
[2020-12-11 09:50:22] [info]  [ 3976] Apache Commons Daemon procrun finished.
[2020-12-11 09:50:22] [info]  [ 6992] Apache Commons Daemon procrun (1.2.3.0 64-bit) started.
[2020-12-11 09:50:22] [info]  [ 6992] Running Service 'Tomcat8'...
[2020-12-11 09:50:22] [info]  [ 9188] Starting service...
[2020-12-11 09:50:24] [info]  [ 9188] Service started in 1156 milliseconds.
[2020-12-11 10:12:53] [info]  [ 6928] Stopping service...
[2020-12-11 10:12:54] [info]  [ 6928] Service stop thread completed.
[2020-12-11 10:12:54] [info]  [ 6992] Run service finished.
[2020-12-11 10:12:54] [info]  [ 6992] Apache Commons Daemon procrun finished.
[2020-12-11 10:12:54] [info]  [ 6076] Apache Commons Daemon procrun (1.2.3.0 64-bit) started.
[2020-12-11 10:12:54] [info]  [ 6076] Running Service 'Tomcat8'...
[2020-12-11 10:12:54] [info]  [18912] Starting service...
[2020-12-11 10:12:56] [info]  [18912] Service started in 1450 milliseconds.
[2020-12-11 10:19:30] [info]  [ 5876] Stopping service...
[2020-12-11 10:19:31] [info]  [ 5876] Service stop thread completed.
[2020-12-11 10:19:31] [info]  [ 6076] Run service finished.
[2020-12-11 10:19:31] [info]  [ 6076] Apache Commons Daemon procrun finished.
[2020-12-11 10:19:32] [info]  [15628] Apache Commons Daemon procrun (1.2.3.0 64-bit) started.
[2020-12-11 10:19:32] [info]  [15628] Running Service 'Tomcat8'...
[2020-12-11 10:19:32] [info]  [11748] Starting service...
[2020-12-11 10:19:33] [info]  [11748] Service started in 1177 milliseconds.
[2020-12-11 10:38:29] [info]  [14944] Stopping service...
[2020-12-11 10:38:30] [info]  [14944] Service stop thread completed.
[2020-12-11 10:38:30] [info]  [15628] Run service finished.
[2020-12-11 10:38:30] [info]  [15628] Apache Commons Daemon procrun finished.
[2020-12-11 10:38:31] [info]  [15372] Apache Commons Daemon procrun (1.2.3.0 64-bit) started.
[2020-12-11 10:38:31] [info]  [15372] Running Service 'Tomcat8'...
[2020-12-11 10:38:31] [info]  [18548] Starting service...
[2020-12-11 10:38:32] [info]  [18548] Service started in 1164 milliseconds.
[2020-12-11 10:44:44] [info]  [ 7616] Stopping service...
[2020-12-11 10:44:45] [info]  [ 7616] Service stop thread completed.
[2020-12-11 10:44:45] [info]  [15372] Run service finished.
[2020-12-11 10:44:45] [info]  [15372] Apache Commons Daemon procrun finished.
[2020-12-11 10:44:46] [info]  [16500] Apache Commons Daemon procrun (1.2.3.0 64-bit) started.
[2020-12-11 10:44:46] [info]  [16500] Running Service 'Tomcat8'...
[2020-12-11 10:44:46] [info]  [ 2392] Starting service...
[2020-12-11 10:44:47] [info]  [ 2392] Service started in 1247 milliseconds.
[2020-12-11 10:48:23] [info]  [ 6800] Stopping service...
[2020-12-11 10:48:24] [info]  [ 6800] Service stop thread completed.
[2020-12-11 10:48:24] [info]  [16500] Run service finished.
[2020-12-11 10:48:24] [info]  [16500] Apache Commons Daemon procrun finished.
[2020-12-11 10:48:24] [info]  [15872] Apache Commons Daemon procrun (1.2.3.0 64-bit) started.
[2020-12-11 10:48:24] [info]  [15872] Running Service 'Tomcat8'...
[2020-12-11 10:48:24] [info]  [17588] Starting service...
[2020-12-11 10:48:26] [info]  [17588] Service started in 1228 milliseconds.
[2020-12-11 10:52:50] [info]  [ 9112] Stopping service...
[2020-12-11 10:52:51] [info]  [ 9112] Service stop thread completed.
[2020-12-11 10:52:51] [info]  [15872] Run service finished.
[2020-12-11 10:52:51] [info]  [15872] Apache Commons Daemon procrun finished.
[2020-12-11 10:52:51] [info]  [10096] Apache Commons Daemon procrun (1.2.3.0 64-bit) started.
[2020-12-11 10:52:51] [info]  [10096] Running Service 'Tomcat8'...
[2020-12-11 10:52:51] [info]  [ 3632] Starting service...
[2020-12-11 10:52:52] [info]  [ 3632] Service started in 1196 milliseconds.
[2020-12-11 10:55:17] [info]  [15744] Stopping service...
[2020-12-11 10:55:18] [info]  [15744] Service stop thread completed.
[2020-12-11 10:55:18] [info]  [10096] Run service finished.
[2020-12-11 10:55:18] [info]  [10096] Apache Commons Daemon procrun finished.
[2020-12-11 10:55:19] [info]  [ 3120] Apache Commons Daemon procrun (1.2.3.0 64-bit) started.
[2020-12-11 10:55:19] [info]  [ 3120] Running Service 'Tomcat8'...
[2020-12-11 10:55:19] [info]  [17520] Starting service...
[2020-12-11 10:55:20] [info]  [17520] Service started in 1271 milliseconds.
[2020-12-11 12:52:37] [info]  [12996] Stopping service...
[2020-12-11 12:52:38] [info]  [12996] Service stop thread completed.
[2020-12-11 12:52:38] [info]  [ 3120] Run service finished.
[2020-12-11 12:52:38] [info]  [ 3120] Apache Commons Daemon procrun finished.
[2020-12-11 12:52:38] [info]  [12168] Apache Commons Daemon procrun (1.2.3.0 64-bit) started.
[2020-12-11 12:52:38] [info]  [12168] Running Service 'Tomcat8'...
[2020-12-11 12:52:38] [info]  [10552] Starting service...
[2020-12-11 12:52:39] [info]  [10552] Service started in 1169 milliseconds.
[2020-12-11 12:54:00] [info]  [15956] Stopping service...
[2020-12-11 12:54:01] [info]  [15956] Service stop thread completed.
[2020-12-11 12:54:01] [info]  [12168] Run service finished.
[2020-12-11 12:54:01] [info]  [12168] Apache Commons Daemon procrun finished.
[2020-12-11 12:54:03] [info]  [17928] Apache Commons Daemon procrun (1.2.3.0 64-bit) started.
[2020-12-11 12:54:03] [info]  [17928] Running Service 'Tomcat8'...
[2020-12-11 12:54:03] [info]  [17896] Starting service...
[2020-12-11 12:54:05] [info]  [17896] Service started in 1417 milliseconds.
[2020-12-11 12:55:30] [info]  [15972] Stopping service...
[2020-12-11 12:55:31] [info]  [15972] Service stop thread completed.
[2020-12-11 12:55:31] [info]  [17928] Run service finished.
[2020-12-11 12:55:31] [info]  [17928] Apache Commons Daemon procrun finished.
[2020-12-11 12:55:32] [info]  [ 8948] Apache Commons Daemon procrun (1.2.3.0 64-bit) started.
[2020-12-11 12:55:32] [info]  [ 8948] Running Service 'Tomcat8'...
[2020-12-11 12:55:32] [info]  [12120] Starting service...
[2020-12-11 12:55:33] [info]  [12120] Service started in 1166 milliseconds.
[2020-12-11 13:01:20] [info]  [ 4340] Stopping service...
[2020-12-11 13:01:21] [info]  [ 4340] Service stop thread completed.
[2020-12-11 13:01:21] [info]  [ 8948] Run service finished.
[2020-12-11 13:01:21] [info]  [ 8948] Apache Commons Daemon procrun finished.
[2020-12-11 13:01:21] [info]  [17528] Apache Commons Daemon procrun (1.2.3.0 64-bit) started.
[2020-12-11 13:01:21] [info]  [17528] Running Service 'Tomcat8'...
[2020-12-11 13:01:21] [info]  [10856] Starting service...
[2020-12-11 13:01:23] [info]  [10856] Service started in 1154 milliseconds.
[2020-12-11 13:04:46] [info]  [ 8332] Stopping service...
[2020-12-11 13:04:47] [info]  [ 8332] Service stop thread completed.
[2020-12-11 13:04:47] [info]  [17528] Run service finished.
[2020-12-11 13:04:47] [info]  [17528] Apache Commons Daemon procrun finished.
[2020-12-11 13:04:47] [info]  [  616] Apache Commons Daemon procrun (1.2.3.0 64-bit) started.
[2020-12-11 13:04:47] [info]  [  616] Running Service 'Tomcat8'...
[2020-12-11 13:04:47] [info]  [ 2272] Starting service...
[2020-12-11 13:04:48] [info]  [ 2272] Service started in 1153 milliseconds.
[2020-12-11 13:06:14] [info]  [13864] Stopping service...
[2020-12-11 13:06:15] [info]  [13864] Service stop thread completed.
[2020-12-11 13:06:15] [info]  [  616] Run service finished.
[2020-12-11 13:06:15] [info]  [  616] Apache Commons Daemon procrun finished.
[2020-12-11 13:06:16] [info]  [16120] Apache Commons Daemon procrun (1.2.3.0 64-bit) started.
[2020-12-11 13:06:16] [info]  [16120] Running Service 'Tomcat8'...
[2020-12-11 13:06:16] [info]  [13116] Starting service...
[2020-12-11 13:06:17] [info]  [13116] Service started in 1153 milliseconds.
[2020-12-11 13:10:46] [info]  [19052] Stopping service...
[2020-12-11 13:10:47] [info]  [19052] Service stop thread completed.
[2020-12-11 13:10:47] [info]  [16120] Run service finished.
[2020-12-11 13:10:47] [info]  [16120] Apache Commons Daemon procrun finished.
[2020-12-11 13:10:47] [info]  [ 6688] Apache Commons Daemon procrun (1.2.3.0 64-bit) started.
[2020-12-11 13:10:47] [info]  [ 6688] Running Service 'Tomcat8'...
[2020-12-11 13:10:47] [info]  [ 2284] Starting service...
[2020-12-11 13:10:48] [info]  [ 2284] Service started in 1155 milliseconds.
[2020-12-11 13:13:10] [info]  [ 4976] Stopping service...
[2020-12-11 13:13:11] [info]  [ 4976] Service stop thread completed.
[2020-12-11 13:13:11] [info]  [ 6688] Run service finished.
[2020-12-11 13:13:11] [info]  [ 6688] Apache Commons Daemon procrun finished.
[2020-12-11 13:13:12] [info]  [16704] Apache Commons Daemon procrun (1.2.3.0 64-bit) started.
[2020-12-11 13:13:12] [info]  [16704] Running Service 'Tomcat8'...
[2020-12-11 13:13:12] [info]  [  740] Starting service...
[2020-12-11 13:13:13] [info]  [  740] Service started in 1170 milliseconds.
[2020-12-11 13:18:11] [info]  [ 6696] Stopping service...
[2020-12-11 13:18:12] [info]  [ 6696] Service stop thread completed.
[2020-12-11 13:18:12] [info]  [16704] Run service finished.
[2020-12-11 13:18:12] [info]  [16704] Apache Commons Daemon procrun finished.
[2020-12-11 13:18:13] [info]  [15772] Apache Commons Daemon procrun (1.2.3.0 64-bit) started.
[2020-12-11 13:18:13] [info]  [15772] Running Service 'Tomcat8'...
[2020-12-11 13:18:13] [info]  [16744] Starting service...
[2020-12-11 13:18:14] [info]  [16744] Service started in 1158 milliseconds.
[2020-12-11 13:32:38] [info]  [10880] Stopping service...
[2020-12-11 13:32:39] [info]  [10880] Service stop thread completed.
[2020-12-11 13:32:39] [info]  [15772] Run service finished.
[2020-12-11 13:32:39] [info]  [15772] Apache Commons Daemon procrun finished.
[2020-12-11 13:32:40] [info]  [10760] Apache Commons Daemon procrun (1.2.3.0 64-bit) started.
[2020-12-11 13:32:40] [info]  [10760] Running Service 'Tomcat8'...
[2020-12-11 13:32:40] [info]  [14608] Starting service...
[2020-12-11 13:32:41] [info]  [14608] Service started in 1266 milliseconds.
[2020-12-11 13:35:54] [info]  [ 5020] Stopping service...
[2020-12-11 13:35:55] [info]  [ 5020] Service stop thread completed.
[2020-12-11 13:35:55] [info]  [10760] Run service finished.
[2020-12-11 13:35:55] [info]  [10760] Apache Commons Daemon procrun finished.
[2020-12-11 13:35:55] [info]  [14300] Apache Commons Daemon procrun (1.2.3.0 64-bit) started.
[2020-12-11 13:35:55] [info]  [14300] Running Service 'Tomcat8'...
[2020-12-11 13:35:55] [info]  [ 1448] Starting service...
[2020-12-11 13:35:57] [info]  [ 1448] Service started in 1204 milliseconds.
[2020-12-11 13:39:30] [info]  [  936] Stopping service...
[2020-12-11 13:39:31] [info]  [  936] Service stop thread completed.
[2020-12-11 13:39:31] [info]  [14300] Run service finished.
[2020-12-11 13:39:31] [info]  [14300] Apache Commons Daemon procrun finished.
[2020-12-11 13:39:31] [info]  [18188] Apache Commons Daemon procrun (1.2.3.0 64-bit) started.
[2020-12-11 13:39:31] [info]  [18188] Running Service 'Tomcat8'...
[2020-12-11 13:39:31] [info]  [13952] Starting service...
[2020-12-11 13:39:32] [info]  [13952] Service started in 1215 milliseconds.
[2020-12-11 13:50:32] [info]  [10804] Stopping service...
[2020-12-11 13:50:33] [info]  [10804] Service stop thread completed.
[2020-12-11 13:50:33] [info]  [18188] Run service finished.
[2020-12-11 13:50:33] [info]  [18188] Apache Commons Daemon procrun finished.
[2020-12-11 13:57:45] [info]  [ 3632] Apache Commons Daemon procrun (1.2.3.0 64-bit) started.
[2020-12-11 13:57:45] [info]  [ 3632] Running Service 'Tomcat8'...
[2020-12-11 13:57:45] [info]  [ 2724] Starting service...
[2020-12-11 13:57:46] [info]  [ 2724] Service started in 1205 milliseconds.
[2020-12-11 13:58:24] [info]  [  884] Stopping service...
[2020-12-11 13:58:25] [info]  [  884] Service stop thread completed.
[2020-12-11 13:58:25] [info]  [ 3632] Run service finished.
[2020-12-11 13:58:25] [info]  [ 3632] Apache Commons Daemon procrun finished.
[2020-12-11 14:14:11] [info]  [10084] Apache Commons Daemon procrun (1.2.3.0 64-bit) started.
[2020-12-11 14:14:11] [info]  [10084] Running Service 'Tomcat8'...
[2020-12-11 14:14:11] [info]  [ 4040] Starting service...
[2020-12-11 14:14:12] [info]  [ 4040] Service started in 1173 milliseconds.
[2020-12-11 14:14:31] [info]  [13856] Stopping service...
[2020-12-11 14:14:32] [info]  [13856] Service stop thread completed.
[2020-12-11 14:14:32] [info]  [10084] Run service finished.
[2020-12-11 14:14:32] [info]  [10084] Apache Commons Daemon procrun finished.
[2020-12-11 14:14:33] [info]  [11272] Apache Commons Daemon procrun (1.2.3.0 64-bit) started.
[2020-12-11 14:14:33] [info]  [11272] Running Service 'Tomcat8'...
[2020-12-11 14:14:33] [info]  [ 5548] Starting service...
[2020-12-11 14:14:34] [info]  [ 5548] Service started in 1162 milliseconds.
[2020-12-11 14:15:01] [info]  [ 9636] Stopping service...
[2020-12-11 14:15:02] [info]  [ 9636] Service stop thread completed.
[2020-12-11 14:15:02] [info]  [11272] Run service finished.
[2020-12-11 14:15:02] [info]  [11272] Apache Commons Daemon procrun finished.
[2020-12-11 14:15:02] [info]  [ 3216] Apache Commons Daemon procrun (1.2.3.0 64-bit) started.
[2020-12-11 14:15:02] [info]  [ 3216] Running Service 'Tomcat8'...
[2020-12-11 14:15:02] [info]  [12020] Starting service...
[2020-12-11 14:15:04] [info]  [12020] Service started in 1335 milliseconds.
[2020-12-11 14:16:10] [info]  [ 7476] Stopping service...
[2020-12-11 14:16:11] [info]  [ 7476] Service stop thread completed.
[2020-12-11 14:16:11] [info]  [ 3216] Run service finished.
[2020-12-11 14:16:11] [info]  [ 3216] Apache Commons Daemon procrun finished.
[2020-12-11 14:16:11] [info]  [ 2776] Apache Commons Daemon procrun (1.2.3.0 64-bit) started.
[2020-12-11 14:16:11] [info]  [ 2776] Running Service 'Tomcat8'...
[2020-12-11 14:16:11] [info]  [15216] Starting service...
[2020-12-11 14:16:13] [info]  [15216] Service started in 1167 milliseconds.
[2020-12-11 14:20:25] [info]  [16576] Stopping service...
[2020-12-11 14:20:26] [info]  [16576] Service stop thread completed.
[2020-12-11 14:20:26] [info]  [ 2776] Run service finished.
[2020-12-11 14:20:26] [info]  [ 2776] Apache Commons Daemon procrun finished.
[2020-12-11 14:20:26] [info]  [11956] Apache Commons Daemon procrun (1.2.3.0 64-bit) started.
[2020-12-11 14:20:26] [info]  [11956] Running Service 'Tomcat8'...
[2020-12-11 14:20:26] [info]  [13160] Starting service...
[2020-12-11 14:20:27] [info]  [13160] Service started in 1159 milliseconds.
[2020-12-11 16:03:55] [info]  [11208] Stopping service...
[2020-12-11 16:03:56] [info]  [11208] Service stop thread completed.
[2020-12-11 16:03:56] [info]  [11956] Run service finished.
[2020-12-11 16:03:56] [info]  [11956] Apache Commons Daemon procrun finished.
[2020-12-11 16:03:56] [info]  [15552] Apache Commons Daemon procrun (1.2.3.0 64-bit) started.
[2020-12-11 16:03:56] [info]  [15552] Running Service 'Tomcat8'...
[2020-12-11 16:03:56] [info]  [13104] Starting service...
[2020-12-11 16:03:58] [info]  [13104] Service started in 1367 milliseconds.
[2020-12-11 17:03:40] [info]  [12948] Stopping service...
[2020-12-11 17:03:41] [info]  [12948] Service stop thread completed.
[2020-12-11 17:03:42] [info]  [15552] Run service finished.
[2020-12-11 17:03:42] [info]  [15552] Apache Commons Daemon procrun finished.
[2020-12-11 17:03:42] [info]  [ 7316] Apache Commons Daemon procrun (1.2.3.0 64-bit) started.
[2020-12-11 17:03:42] [info]  [ 7316] Running Service 'Tomcat8'...
[2020-12-11 17:03:42] [info]  [ 3956] Starting service...
[2020-12-11 17:03:43] [info]  [ 3956] Service started in 1220 milliseconds.
[2020-12-11 17:30:03] [info]  [10548] Stopping service...
[2020-12-11 17:30:04] [info]  [10548] Service stop thread completed.
[2020-12-11 17:30:04] [info]  [ 7316] Run service finished.
[2020-12-11 17:30:04] [info]  [ 7316] Apache Commons Daemon procrun finished.
[2020-12-11 17:30:05] [info]  [15272] Apache Commons Daemon procrun (1.2.3.0 64-bit) started.
[2020-12-11 17:30:05] [info]  [15272] Running Service 'Tomcat8'...
[2020-12-11 17:30:05] [info]  [16224] Starting service...
[2020-12-11 17:30:06] [info]  [16224] Service started in 1178 milliseconds.
[2020-12-11 17:42:25] [info]  [11988] Stopping service...
[2020-12-11 17:42:26] [info]  [11988] Service stop thread completed.
[2020-12-11 17:42:26] [info]  [15272] Run service finished.
[2020-12-11 17:42:26] [info]  [15272] Apache Commons Daemon procrun finished.
[2020-12-11 17:42:26] [info]  [ 8124] Apache Commons Daemon procrun (1.2.3.0 64-bit) started.
[2020-12-11 17:42:26] [info]  [ 8124] Running Service 'Tomcat8'...
[2020-12-11 17:42:26] [info]  [17480] Starting service...
[2020-12-11 17:42:28] [info]  [17480] Service started in 1171 milliseconds.
[2020-12-11 17:47:39] [info]  [ 3880] Stopping service...
[2020-12-11 17:47:40] [info]  [ 3880] Service stop thread completed.
[2020-12-11 17:47:40] [info]  [ 8124] Run service finished.
[2020-12-11 17:47:40] [info]  [ 8124] Apache Commons Daemon procrun finished.
[2020-12-11 17:57:25] [info]  [ 9232] Apache Commons Daemon procrun (1.2.3.0 64-bit) started.
[2020-12-11 17:57:25] [info]  [ 9232] Running Service 'Tomcat8'...
[2020-12-11 17:57:25] [info]  [ 8548] Starting service...
[2020-12-11 17:57:27] [info]  [ 8548] Service started in 1162 milliseconds.
[2020-12-11 17:59:04] [info]  [14748] Stopping service...
[2020-12-11 17:59:05] [info]  [14748] Service stop thread completed.
[2020-12-11 17:59:05] [info]  [ 9232] Run service finished.
[2020-12-11 17:59:05] [info]  [ 9232] Apache Commons Daemon procrun finished.
