[2020-12-13 01:08:25] [info]  [ 3772] Apache Commons Daemon procrun (1.2.3.0 64-bit) started.
[2020-12-13 01:08:25] [info]  [ 3772] Running Service 'Tomcat8'...
[2020-12-13 01:08:25] [info]  [10000] Starting service...
[2020-12-13 01:08:26] [info]  [10000] Service started in 1283 milliseconds.
[2020-12-13 01:14:06] [info]  [18220] Stopping service...
[2020-12-13 01:14:07] [info]  [18220] Service stop thread completed.
[2020-12-13 01:14:07] [info]  [ 3772] Run service finished.
[2020-12-13 01:14:07] [info]  [ 3772] Apache Commons Daemon procrun finished.
[2020-12-13 01:14:08] [info]  [15524] Apache Commons Daemon procrun (1.2.3.0 64-bit) started.
[2020-12-13 01:14:08] [info]  [15524] Running Service 'Tomcat8'...
[2020-12-13 01:14:08] [info]  [19716] Starting service...
[2020-12-13 01:14:09] [info]  [19716] Service started in 1263 milliseconds.
[2020-12-13 11:14:58] [info]  [18868] Stopping service...
[2020-12-13 11:14:59] [info]  [18868] Service stop thread completed.
[2020-12-13 11:14:59] [info]  [15524] Run service finished.
[2020-12-13 11:14:59] [info]  [15524] Apache Commons Daemon procrun finished.
[2020-12-13 11:14:59] [info]  [ 6916] Apache Commons Daemon procrun (1.2.3.0 64-bit) started.
[2020-12-13 11:14:59] [info]  [ 6916] Running Service 'Tomcat8'...
[2020-12-13 11:14:59] [info]  [15776] Starting service...
[2020-12-13 11:15:01] [info]  [15776] Service started in 1545 milliseconds.
[2020-12-13 11:19:19] [info]  [ 2404] Stopping service...
[2020-12-13 11:19:20] [info]  [ 2404] Service stop thread completed.
[2020-12-13 11:19:20] [info]  [ 6916] Run service finished.
[2020-12-13 11:19:20] [info]  [ 6916] Apache Commons Daemon procrun finished.
[2020-12-13 11:19:20] [info]  [ 5036] Apache Commons Daemon procrun (1.2.3.0 64-bit) started.
[2020-12-13 11:19:20] [info]  [ 5036] Running Service 'Tomcat8'...
[2020-12-13 11:19:20] [info]  [19576] Starting service...
[2020-12-13 11:19:21] [info]  [19576] Service started in 1302 milliseconds.
[2020-12-13 11:24:07] [info]  [ 8304] Stopping service...
[2020-12-13 11:24:08] [info]  [ 8304] Service stop thread completed.
[2020-12-13 11:24:08] [info]  [ 5036] Run service finished.
[2020-12-13 11:24:08] [info]  [ 5036] Apache Commons Daemon procrun finished.
[2020-12-13 11:24:08] [info]  [10212] Apache Commons Daemon procrun (1.2.3.0 64-bit) started.
[2020-12-13 11:24:08] [info]  [10212] Running Service 'Tomcat8'...
[2020-12-13 11:24:08] [info]  [14416] Starting service...
[2020-12-13 11:24:10] [info]  [14416] Service started in 1283 milliseconds.
[2020-12-13 11:27:03] [info]  [11740] Stopping service...
[2020-12-13 11:27:04] [info]  [11740] Service stop thread completed.
[2020-12-13 11:27:04] [info]  [10212] Run service finished.
[2020-12-13 11:27:04] [info]  [10212] Apache Commons Daemon procrun finished.
[2020-12-13 11:27:05] [info]  [13800] Apache Commons Daemon procrun (1.2.3.0 64-bit) started.
[2020-12-13 11:27:05] [info]  [13800] Running Service 'Tomcat8'...
[2020-12-13 11:27:05] [info]  [ 5208] Starting service...
[2020-12-13 11:27:06] [info]  [ 5208] Service started in 1331 milliseconds.
[2020-12-13 11:31:28] [info]  [ 3132] Stopping service...
[2020-12-13 11:31:29] [info]  [ 3132] Service stop thread completed.
[2020-12-13 11:31:29] [info]  [13800] Run service finished.
[2020-12-13 11:31:29] [info]  [13800] Apache Commons Daemon procrun finished.
[2020-12-13 11:31:30] [info]  [ 7640] Apache Commons Daemon procrun (1.2.3.0 64-bit) started.
[2020-12-13 11:31:30] [info]  [ 7640] Running Service 'Tomcat8'...
[2020-12-13 11:31:30] [info]  [12692] Starting service...
[2020-12-13 11:31:31] [info]  [12692] Service started in 1411 milliseconds.
[2020-12-13 11:40:13] [info]  [17680] Stopping service...
[2020-12-13 11:40:14] [info]  [17680] Service stop thread completed.
[2020-12-13 11:40:14] [info]  [ 7640] Run service finished.
[2020-12-13 11:40:14] [info]  [ 7640] Apache Commons Daemon procrun finished.
[2020-12-13 11:40:14] [info]  [19876] Apache Commons Daemon procrun (1.2.3.0 64-bit) started.
[2020-12-13 11:40:14] [info]  [19876] Running Service 'Tomcat8'...
[2020-12-13 11:40:14] [info]  [19432] Starting service...
[2020-12-13 11:40:15] [info]  [19432] Service started in 1300 milliseconds.
[2020-12-13 11:43:03] [info]  [12064] Stopping service...
[2020-12-13 11:43:04] [info]  [12064] Service stop thread completed.
[2020-12-13 11:43:04] [info]  [19876] Run service finished.
[2020-12-13 11:43:04] [info]  [19876] Apache Commons Daemon procrun finished.
[2020-12-13 11:43:04] [info]  [ 2712] Apache Commons Daemon procrun (1.2.3.0 64-bit) started.
[2020-12-13 11:43:04] [info]  [ 2712] Running Service 'Tomcat8'...
[2020-12-13 11:43:04] [info]  [10268] Starting service...
[2020-12-13 11:43:06] [info]  [10268] Service started in 1308 milliseconds.
[2020-12-13 12:00:30] [info]  [18800] Stopping service...
[2020-12-13 12:00:31] [info]  [18800] Service stop thread completed.
[2020-12-13 12:00:31] [info]  [ 2712] Run service finished.
[2020-12-13 12:00:31] [info]  [ 2712] Apache Commons Daemon procrun finished.
[2020-12-13 12:00:32] [info]  [16940] Apache Commons Daemon procrun (1.2.3.0 64-bit) started.
[2020-12-13 12:00:32] [info]  [16940] Running Service 'Tomcat8'...
[2020-12-13 12:00:32] [info]  [20240] Starting service...
[2020-12-13 12:00:33] [info]  [20240] Service started in 1169 milliseconds.
[2020-12-13 12:03:36] [info]  [10344] Stopping service...
[2020-12-13 12:03:37] [info]  [10344] Service stop thread completed.
[2020-12-13 12:03:38] [info]  [16940] Run service finished.
[2020-12-13 12:03:38] [info]  [16940] Apache Commons Daemon procrun finished.
[2020-12-13 12:03:38] [info]  [ 5164] Apache Commons Daemon procrun (1.2.3.0 64-bit) started.
[2020-12-13 12:03:38] [info]  [ 5164] Running Service 'Tomcat8'...
[2020-12-13 12:03:38] [info]  [ 6384] Starting service...
[2020-12-13 12:03:39] [info]  [ 6384] Service started in 1161 milliseconds.
[2020-12-13 12:22:49] [info]  [11144] Stopping service...
[2020-12-13 12:22:50] [info]  [11144] Service stop thread completed.
[2020-12-13 12:22:50] [info]  [ 5164] Run service finished.
[2020-12-13 12:22:50] [info]  [ 5164] Apache Commons Daemon procrun finished.
[2020-12-13 12:22:50] [info]  [ 4352] Apache Commons Daemon procrun (1.2.3.0 64-bit) started.
[2020-12-13 12:22:50] [info]  [ 4352] Running Service 'Tomcat8'...
[2020-12-13 12:22:50] [info]  [ 4612] Starting service...
[2020-12-13 12:22:52] [info]  [ 4612] Service started in 1170 milliseconds.
[2020-12-13 12:26:18] [info]  [13068] Stopping service...
[2020-12-13 12:26:19] [info]  [13068] Service stop thread completed.
[2020-12-13 12:26:19] [info]  [ 4352] Run service finished.
[2020-12-13 12:26:19] [info]  [ 4352] Apache Commons Daemon procrun finished.
[2020-12-13 12:26:19] [info]  [ 5636] Apache Commons Daemon procrun (1.2.3.0 64-bit) started.
[2020-12-13 12:26:19] [info]  [ 5636] Running Service 'Tomcat8'...
[2020-12-13 12:26:19] [info]  [15224] Starting service...
[2020-12-13 12:26:20] [info]  [15224] Service started in 1177 milliseconds.
[2020-12-13 12:28:10] [info]  [ 9952] Stopping service...
[2020-12-13 12:28:11] [info]  [ 9952] Service stop thread completed.
[2020-12-13 12:28:11] [info]  [ 5636] Run service finished.
[2020-12-13 12:28:11] [info]  [ 5636] Apache Commons Daemon procrun finished.
[2020-12-13 12:28:11] [info]  [ 9532] Apache Commons Daemon procrun (1.2.3.0 64-bit) started.
[2020-12-13 12:28:11] [info]  [ 9532] Running Service 'Tomcat8'...
[2020-12-13 12:28:11] [info]  [ 5596] Starting service...
[2020-12-13 12:28:12] [info]  [ 5596] Service started in 1182 milliseconds.
[2020-12-13 12:33:40] [info]  [ 5636] Stopping service...
[2020-12-13 12:33:41] [info]  [ 5636] Service stop thread completed.
[2020-12-13 12:33:41] [info]  [ 9532] Run service finished.
[2020-12-13 12:33:41] [info]  [ 9532] Apache Commons Daemon procrun finished.
[2020-12-13 12:33:42] [info]  [16116] Apache Commons Daemon procrun (1.2.3.0 64-bit) started.
[2020-12-13 12:33:42] [info]  [16116] Running Service 'Tomcat8'...
[2020-12-13 12:33:42] [info]  [ 7176] Starting service...
[2020-12-13 12:33:43] [info]  [ 7176] Service started in 1173 milliseconds.
[2020-12-13 12:56:02] [info]  [ 3568] Stopping service...
[2020-12-13 12:56:03] [info]  [ 3568] Service stop thread completed.
[2020-12-13 12:56:03] [info]  [16116] Run service finished.
[2020-12-13 12:56:03] [info]  [16116] Apache Commons Daemon procrun finished.
[2020-12-13 12:56:03] [info]  [10712] Apache Commons Daemon procrun (1.2.3.0 64-bit) started.
[2020-12-13 12:56:03] [info]  [10712] Running Service 'Tomcat8'...
[2020-12-13 12:56:03] [info]  [ 8188] Starting service...
[2020-12-13 12:56:05] [info]  [ 8188] Service started in 1403 milliseconds.
[2020-12-13 12:57:11] [info]  [14100] Stopping service...
[2020-12-13 12:57:12] [info]  [14100] Service stop thread completed.
[2020-12-13 12:57:12] [info]  [10712] Run service finished.
[2020-12-13 12:57:12] [info]  [10712] Apache Commons Daemon procrun finished.
[2020-12-13 12:57:12] [info]  [14972] Apache Commons Daemon procrun (1.2.3.0 64-bit) started.
[2020-12-13 12:57:12] [info]  [14972] Running Service 'Tomcat8'...
[2020-12-13 12:57:12] [info]  [17188] Starting service...
[2020-12-13 12:57:13] [info]  [17188] Service started in 1164 milliseconds.
[2020-12-13 12:58:18] [info]  [13808] Stopping service...
[2020-12-13 12:58:19] [info]  [13808] Service stop thread completed.
[2020-12-13 12:58:19] [info]  [14972] Run service finished.
[2020-12-13 12:58:19] [info]  [14972] Apache Commons Daemon procrun finished.
[2020-12-13 12:58:19] [info]  [19676] Apache Commons Daemon procrun (1.2.3.0 64-bit) started.
[2020-12-13 12:58:19] [info]  [19676] Running Service 'Tomcat8'...
[2020-12-13 12:58:19] [info]  [12696] Starting service...
[2020-12-13 12:58:20] [info]  [12696] Service started in 1161 milliseconds.
[2020-12-13 13:00:32] [info]  [ 2192] Stopping service...
[2020-12-13 13:00:33] [info]  [ 2192] Service stop thread completed.
[2020-12-13 13:00:33] [info]  [19676] Run service finished.
[2020-12-13 13:00:33] [info]  [19676] Apache Commons Daemon procrun finished.
[2020-12-13 13:00:33] [info]  [18952] Apache Commons Daemon procrun (1.2.3.0 64-bit) started.
[2020-12-13 13:00:33] [info]  [18952] Running Service 'Tomcat8'...
[2020-12-13 13:00:33] [info]  [20092] Starting service...
[2020-12-13 13:00:35] [info]  [20092] Service started in 1161 milliseconds.
[2020-12-13 15:10:20] [info]  [19080] Stopping service...
[2020-12-13 15:10:21] [info]  [19080] Service stop thread completed.
[2020-12-13 15:10:21] [info]  [18952] Run service finished.
[2020-12-13 15:10:21] [info]  [18952] Apache Commons Daemon procrun finished.
[2020-12-13 15:10:21] [info]  [10344] Apache Commons Daemon procrun (1.2.3.0 64-bit) started.
[2020-12-13 15:10:21] [info]  [10344] Running Service 'Tomcat8'...
[2020-12-13 15:10:21] [info]  [  596] Starting service...
[2020-12-13 15:10:23] [info]  [  596] Service started in 1251 milliseconds.
[2020-12-13 15:27:08] [info]  [15760] Stopping service...
[2020-12-13 15:27:09] [info]  [15760] Service stop thread completed.
[2020-12-13 15:27:09] [info]  [10344] Run service finished.
[2020-12-13 15:27:09] [info]  [10344] Apache Commons Daemon procrun finished.
[2020-12-13 15:27:09] [info]  [20044] Apache Commons Daemon procrun (1.2.3.0 64-bit) started.
[2020-12-13 15:27:09] [info]  [20044] Running Service 'Tomcat8'...
[2020-12-13 15:27:09] [info]  [ 3908] Starting service...
[2020-12-13 15:27:10] [info]  [ 3908] Service started in 1163 milliseconds.
[2020-12-13 15:31:18] [info]  [ 9780] Stopping service...
[2020-12-13 15:31:19] [info]  [ 9780] Service stop thread completed.
[2020-12-13 15:31:19] [info]  [20044] Run service finished.
[2020-12-13 15:31:19] [info]  [20044] Apache Commons Daemon procrun finished.
[2020-12-13 15:31:19] [info]  [  556] Apache Commons Daemon procrun (1.2.3.0 64-bit) started.
[2020-12-13 15:31:19] [info]  [  556] Running Service 'Tomcat8'...
[2020-12-13 15:31:19] [info]  [ 2164] Starting service...
[2020-12-13 15:31:20] [info]  [ 2164] Service started in 1162 milliseconds.
[2020-12-13 15:33:07] [info]  [ 6152] Stopping service...
[2020-12-13 15:33:08] [info]  [ 6152] Service stop thread completed.
[2020-12-13 15:33:08] [info]  [  556] Run service finished.
[2020-12-13 15:33:08] [info]  [  556] Apache Commons Daemon procrun finished.
[2020-12-13 15:33:08] [info]  [ 7844] Apache Commons Daemon procrun (1.2.3.0 64-bit) started.
[2020-12-13 15:33:08] [info]  [ 7844] Running Service 'Tomcat8'...
[2020-12-13 15:33:08] [info]  [17000] Starting service...
[2020-12-13 15:33:09] [info]  [17000] Service started in 1160 milliseconds.
[2020-12-13 15:35:57] [info]  [13344] Stopping service...
[2020-12-13 15:35:58] [info]  [13344] Service stop thread completed.
[2020-12-13 15:35:58] [info]  [ 7844] Run service finished.
[2020-12-13 15:35:58] [info]  [ 7844] Apache Commons Daemon procrun finished.
[2020-12-13 15:35:58] [info]  [13920] Apache Commons Daemon procrun (1.2.3.0 64-bit) started.
[2020-12-13 15:35:58] [info]  [13920] Running Service 'Tomcat8'...
[2020-12-13 15:35:58] [info]  [13712] Starting service...
[2020-12-13 15:35:59] [info]  [13712] Service started in 1158 milliseconds.
[2020-12-13 15:38:14] [info]  [ 9056] Stopping service...
[2020-12-13 15:38:15] [info]  [ 9056] Service stop thread completed.
[2020-12-13 15:38:15] [info]  [13920] Run service finished.
[2020-12-13 15:38:15] [info]  [13920] Apache Commons Daemon procrun finished.
[2020-12-13 15:38:16] [info]  [10052] Apache Commons Daemon procrun (1.2.3.0 64-bit) started.
[2020-12-13 15:38:16] [info]  [10052] Running Service 'Tomcat8'...
[2020-12-13 15:38:16] [info]  [13004] Starting service...
[2020-12-13 15:38:17] [info]  [13004] Service started in 1256 milliseconds.
[2020-12-13 15:39:05] [info]  [ 6536] Stopping service...
[2020-12-13 15:39:06] [info]  [ 6536] Service stop thread completed.
[2020-12-13 15:39:06] [info]  [10052] Run service finished.
[2020-12-13 15:39:06] [info]  [10052] Apache Commons Daemon procrun finished.
[2020-12-13 15:39:06] [info]  [ 1180] Apache Commons Daemon procrun (1.2.3.0 64-bit) started.
[2020-12-13 15:39:06] [info]  [ 1180] Running Service 'Tomcat8'...
[2020-12-13 15:39:06] [info]  [13788] Starting service...
[2020-12-13 15:39:08] [info]  [13788] Service started in 1276 milliseconds.
[2020-12-13 15:43:41] [info]  [14612] Stopping service...
[2020-12-13 15:43:42] [info]  [14612] Service stop thread completed.
[2020-12-13 15:43:42] [info]  [ 1180] Run service finished.
[2020-12-13 15:43:42] [info]  [ 1180] Apache Commons Daemon procrun finished.
[2020-12-13 15:43:43] [info]  [16896] Apache Commons Daemon procrun (1.2.3.0 64-bit) started.
[2020-12-13 15:43:43] [info]  [16896] Running Service 'Tomcat8'...
[2020-12-13 15:43:43] [info]  [11280] Starting service...
[2020-12-13 15:43:44] [info]  [11280] Service started in 1214 milliseconds.
[2020-12-13 23:33:32] [info]  [  576] Stopping service...
[2020-12-13 23:33:33] [info]  [  576] Service stop thread completed.
[2020-12-13 23:33:33] [info]  [16896] Run service finished.
[2020-12-13 23:33:33] [info]  [16896] Apache Commons Daemon procrun finished.
[2020-12-13 23:33:33] [info]  [15072] Apache Commons Daemon procrun (1.2.3.0 64-bit) started.
[2020-12-13 23:33:34] [info]  [15072] Running Service 'Tomcat8'...
[2020-12-13 23:33:34] [info]  [ 6996] Starting service...
[2020-12-13 23:33:35] [info]  [ 6996] Service started in 1194 milliseconds.
[2020-12-13 23:36:32] [info]  [19464] Stopping service...
[2020-12-13 23:36:33] [info]  [19464] Service stop thread completed.
[2020-12-13 23:36:33] [info]  [15072] Run service finished.
[2020-12-13 23:36:33] [info]  [15072] Apache Commons Daemon procrun finished.
[2020-12-13 23:36:33] [info]  [ 4260] Apache Commons Daemon procrun (1.2.3.0 64-bit) started.
[2020-12-13 23:36:33] [info]  [ 4260] Running Service 'Tomcat8'...
[2020-12-13 23:36:33] [info]  [20400] Starting service...
[2020-12-13 23:36:35] [info]  [20400] Service started in 1224 milliseconds.
[2020-12-14 03:09:28] [info]  [14588] Console SHUTDOWN event signaled.
[2020-12-14 03:09:28] [info]  [14588] Stopping service...
[2020-12-14 03:09:29] [info]  [14588] Service stop thread completed.
[2020-12-14 03:09:29] [info]  [ 4260] Run service finished.
[2020-12-14 03:09:29] [info]  [ 4260] Apache Commons Daemon procrun finished.
