[2020-12-12 13:34:15] [info]  [ 7044] Apache Commons Daemon procrun (1.2.3.0 64-bit) started.
[2020-12-12 13:34:15] [info]  [ 7044] Running Service 'Tomcat8'...
[2020-12-12 13:34:15] [info]  [16608] Starting service...
[2020-12-12 13:34:16] [info]  [16608] Service started in 1344 milliseconds.
[2020-12-12 13:53:33] [info]  [ 8372] Stopping service...
[2020-12-12 13:53:34] [info]  [ 8372] Service stop thread completed.
[2020-12-12 13:53:34] [info]  [ 7044] Run service finished.
[2020-12-12 13:53:34] [info]  [ 7044] Apache Commons Daemon procrun finished.
[2020-12-12 13:53:34] [info]  [12724] Apache Commons Daemon procrun (1.2.3.0 64-bit) started.
[2020-12-12 13:53:34] [info]  [12724] Running Service 'Tomcat8'...
[2020-12-12 13:53:34] [info]  [14364] Starting service...
[2020-12-12 13:53:36] [info]  [14364] Service started in 1536 milliseconds.
[2020-12-12 14:56:53] [info]  [ 9580] Stopping service...
[2020-12-12 14:56:54] [info]  [ 9580] Service stop thread completed.
[2020-12-12 14:56:54] [info]  [12724] Run service finished.
[2020-12-12 14:56:54] [info]  [12724] Apache Commons Daemon procrun finished.
[2020-12-12 14:56:55] [info]  [15156] Apache Commons Daemon procrun (1.2.3.0 64-bit) started.
[2020-12-12 14:56:55] [info]  [15156] Running Service 'Tomcat8'...
[2020-12-12 14:56:55] [info]  [ 7572] Starting service...
[2020-12-12 14:56:56] [info]  [ 7572] Service started in 1460 milliseconds.
[2020-12-12 14:58:05] [info]  [19236] Stopping service...
[2020-12-12 14:58:06] [info]  [19236] Service stop thread completed.
[2020-12-12 14:58:06] [info]  [15156] Run service finished.
[2020-12-12 14:58:06] [info]  [15156] Apache Commons Daemon procrun finished.
[2020-12-12 14:58:06] [info]  [13636] Apache Commons Daemon procrun (1.2.3.0 64-bit) started.
[2020-12-12 14:58:06] [info]  [13636] Running Service 'Tomcat8'...
[2020-12-12 14:58:06] [info]  [18576] Starting service...
[2020-12-12 14:58:07] [info]  [18576] Service started in 1200 milliseconds.
[2020-12-12 15:06:59] [info]  [19244] Stopping service...
[2020-12-12 15:07:00] [info]  [19244] Service stop thread completed.
[2020-12-12 15:07:00] [info]  [13636] Run service finished.
[2020-12-12 15:07:00] [info]  [13636] Apache Commons Daemon procrun finished.
[2020-12-12 15:07:01] [info]  [ 2256] Apache Commons Daemon procrun (1.2.3.0 64-bit) started.
[2020-12-12 15:07:01] [info]  [ 2256] Running Service 'Tomcat8'...
[2020-12-12 15:07:01] [info]  [ 7280] Starting service...
[2020-12-12 15:07:03] [info]  [ 7280] Service started in 1930 milliseconds.
[2020-12-12 15:26:41] [info]  [ 5924] Stopping service...
[2020-12-12 15:26:42] [info]  [ 5924] Service stop thread completed.
[2020-12-12 15:26:42] [info]  [ 2256] Run service finished.
[2020-12-12 15:26:42] [info]  [ 2256] Apache Commons Daemon procrun finished.
[2020-12-12 15:26:43] [info]  [ 9652] Apache Commons Daemon procrun (1.2.3.0 64-bit) started.
[2020-12-12 15:26:43] [info]  [ 9652] Running Service 'Tomcat8'...
[2020-12-12 15:26:43] [info]  [ 2644] Starting service...
[2020-12-12 15:26:44] [info]  [ 2644] Service started in 1209 milliseconds.
[2020-12-12 15:27:28] [info]  [17372] Stopping service...
[2020-12-12 15:27:29] [info]  [17372] Service stop thread completed.
[2020-12-12 15:27:29] [info]  [ 9652] Run service finished.
[2020-12-12 15:27:29] [info]  [ 9652] Apache Commons Daemon procrun finished.
[2020-12-12 15:27:29] [info]  [ 3376] Apache Commons Daemon procrun (1.2.3.0 64-bit) started.
[2020-12-12 15:27:29] [info]  [ 3376] Running Service 'Tomcat8'...
[2020-12-12 15:27:29] [info]  [ 1584] Starting service...
[2020-12-12 15:27:31] [info]  [ 1584] Service started in 1203 milliseconds.
[2020-12-12 18:17:57] [info]  [17568] Stopping service...
[2020-12-12 18:17:58] [info]  [17568] Service stop thread completed.
[2020-12-12 18:17:58] [info]  [ 3376] Run service finished.
[2020-12-12 18:17:58] [info]  [ 3376] Apache Commons Daemon procrun finished.
[2020-12-12 18:17:59] [info]  [17084] Apache Commons Daemon procrun (1.2.3.0 64-bit) started.
[2020-12-12 18:17:59] [info]  [17084] Running Service 'Tomcat8'...
[2020-12-12 18:17:59] [info]  [10456] Starting service...
[2020-12-12 18:18:00] [info]  [10456] Service started in 1294 milliseconds.
[2020-12-12 18:25:50] [info]  [17020] Stopping service...
[2020-12-12 18:25:51] [info]  [17020] Service stop thread completed.
[2020-12-12 18:25:51] [info]  [17084] Run service finished.
[2020-12-12 18:25:51] [info]  [17084] Apache Commons Daemon procrun finished.
[2020-12-12 18:25:52] [info]  [16448] Apache Commons Daemon procrun (1.2.3.0 64-bit) started.
[2020-12-12 18:25:52] [info]  [16448] Running Service 'Tomcat8'...
[2020-12-12 18:25:52] [info]  [17756] Starting service...
[2020-12-12 18:25:53] [info]  [17756] Service started in 1236 milliseconds.
[2020-12-12 18:41:07] [info]  [17656] Stopping service...
[2020-12-12 18:41:08] [info]  [17656] Service stop thread completed.
[2020-12-12 18:41:08] [info]  [16448] Run service finished.
[2020-12-12 18:41:08] [info]  [16448] Apache Commons Daemon procrun finished.
[2020-12-12 18:41:09] [info]  [ 7572] Apache Commons Daemon procrun (1.2.3.0 64-bit) started.
[2020-12-12 18:41:09] [info]  [ 7572] Running Service 'Tomcat8'...
[2020-12-12 18:41:09] [info]  [15052] Starting service...
[2020-12-12 18:41:10] [info]  [15052] Service started in 1261 milliseconds.
[2020-12-12 18:42:10] [info]  [10328] Stopping service...
[2020-12-12 18:42:11] [info]  [10328] Service stop thread completed.
[2020-12-12 18:42:11] [info]  [ 7572] Run service finished.
[2020-12-12 18:42:11] [info]  [ 7572] Apache Commons Daemon procrun finished.
[2020-12-12 18:42:11] [info]  [12672] Apache Commons Daemon procrun (1.2.3.0 64-bit) started.
[2020-12-12 18:42:11] [info]  [12672] Running Service 'Tomcat8'...
[2020-12-12 18:42:11] [info]  [ 2192] Starting service...
[2020-12-12 18:42:12] [info]  [ 2192] Service started in 1264 milliseconds.
[2020-12-12 18:45:09] [info]  [17780] Stopping service...
[2020-12-12 18:45:10] [info]  [17780] Service stop thread completed.
[2020-12-12 18:45:10] [info]  [12672] Run service finished.
[2020-12-12 18:45:10] [info]  [12672] Apache Commons Daemon procrun finished.
[2020-12-12 18:45:10] [info]  [13828] Apache Commons Daemon procrun (1.2.3.0 64-bit) started.
[2020-12-12 18:45:10] [info]  [13828] Running Service 'Tomcat8'...
[2020-12-12 18:45:10] [info]  [14632] Starting service...
[2020-12-12 18:45:11] [info]  [14632] Service started in 1243 milliseconds.
[2020-12-12 18:48:16] [info]  [ 8428] Stopping service...
[2020-12-12 18:48:17] [info]  [ 8428] Service stop thread completed.
[2020-12-12 18:48:17] [info]  [13828] Run service finished.
[2020-12-12 18:48:17] [info]  [13828] Apache Commons Daemon procrun finished.
[2020-12-12 18:48:17] [info]  [15356] Apache Commons Daemon procrun (1.2.3.0 64-bit) started.
[2020-12-12 18:48:17] [info]  [15356] Running Service 'Tomcat8'...
[2020-12-12 18:48:17] [info]  [19320] Starting service...
[2020-12-12 18:48:18] [info]  [19320] Service started in 1255 milliseconds.
[2020-12-12 18:50:21] [info]  [ 1836] Stopping service...
[2020-12-12 18:50:22] [info]  [ 1836] Service stop thread completed.
[2020-12-12 18:50:22] [info]  [15356] Run service finished.
[2020-12-12 18:50:22] [info]  [15356] Apache Commons Daemon procrun finished.
[2020-12-12 18:50:23] [info]  [15584] Apache Commons Daemon procrun (1.2.3.0 64-bit) started.
[2020-12-12 18:50:23] [info]  [15584] Running Service 'Tomcat8'...
[2020-12-12 18:50:23] [info]  [17656] Starting service...
[2020-12-12 18:50:24] [info]  [17656] Service started in 1278 milliseconds.
[2020-12-12 19:04:11] [info]  [18580] Stopping service...
[2020-12-12 19:04:12] [info]  [18580] Service stop thread completed.
[2020-12-12 19:04:12] [info]  [15584] Run service finished.
[2020-12-12 19:04:12] [info]  [15584] Apache Commons Daemon procrun finished.
[2020-12-12 19:04:12] [info]  [15388] Apache Commons Daemon procrun (1.2.3.0 64-bit) started.
[2020-12-12 19:04:12] [info]  [15388] Running Service 'Tomcat8'...
[2020-12-12 19:04:12] [info]  [10788] Starting service...
[2020-12-12 19:04:13] [info]  [10788] Service started in 1236 milliseconds.
[2020-12-12 19:10:59] [info]  [10020] Stopping service...
[2020-12-12 19:11:00] [info]  [10020] Service stop thread completed.
[2020-12-12 19:11:00] [info]  [15388] Run service finished.
[2020-12-12 19:11:00] [info]  [15388] Apache Commons Daemon procrun finished.
[2020-12-12 19:11:01] [info]  [12820] Apache Commons Daemon procrun (1.2.3.0 64-bit) started.
[2020-12-12 19:11:01] [info]  [12820] Running Service 'Tomcat8'...
[2020-12-12 19:11:01] [info]  [19400] Starting service...
[2020-12-12 19:11:02] [info]  [19400] Service started in 1421 milliseconds.
[2020-12-12 19:12:36] [info]  [11452] Stopping service...
[2020-12-12 19:12:37] [info]  [11452] Service stop thread completed.
[2020-12-12 19:12:37] [info]  [12820] Run service finished.
[2020-12-12 19:12:37] [info]  [12820] Apache Commons Daemon procrun finished.
[2020-12-12 19:12:37] [info]  [10648] Apache Commons Daemon procrun (1.2.3.0 64-bit) started.
[2020-12-12 19:12:37] [info]  [10648] Running Service 'Tomcat8'...
[2020-12-12 19:12:37] [info]  [15472] Starting service...
[2020-12-12 19:12:39] [info]  [15472] Service started in 1450 milliseconds.
[2020-12-12 19:13:43] [info]  [12672] Stopping service...
[2020-12-12 19:13:44] [info]  [12672] Service stop thread completed.
[2020-12-12 19:13:44] [info]  [10648] Run service finished.
[2020-12-12 19:13:44] [info]  [10648] Apache Commons Daemon procrun finished.
[2020-12-12 19:13:45] [info]  [ 8384] Apache Commons Daemon procrun (1.2.3.0 64-bit) started.
[2020-12-12 19:13:45] [info]  [ 8384] Running Service 'Tomcat8'...
[2020-12-12 19:13:45] [info]  [10724] Starting service...
[2020-12-12 19:13:46] [info]  [10724] Service started in 1242 milliseconds.
[2020-12-12 19:16:38] [info]  [ 3328] Stopping service...
[2020-12-12 19:16:39] [info]  [ 3328] Service stop thread completed.
[2020-12-12 19:16:39] [info]  [ 8384] Run service finished.
[2020-12-12 19:16:39] [info]  [ 8384] Apache Commons Daemon procrun finished.
[2020-12-12 19:16:39] [info]  [10520] Apache Commons Daemon procrun (1.2.3.0 64-bit) started.
[2020-12-12 19:16:39] [info]  [10520] Running Service 'Tomcat8'...
[2020-12-12 19:16:39] [info]  [ 6580] Starting service...
[2020-12-12 19:16:40] [info]  [ 6580] Service started in 1233 milliseconds.
[2020-12-12 19:20:14] [info]  [ 5396] Stopping service...
[2020-12-12 19:20:15] [info]  [ 5396] Service stop thread completed.
[2020-12-12 19:20:15] [info]  [10520] Run service finished.
[2020-12-12 19:20:15] [info]  [10520] Apache Commons Daemon procrun finished.
[2020-12-12 19:20:15] [info]  [11776] Apache Commons Daemon procrun (1.2.3.0 64-bit) started.
[2020-12-12 19:20:15] [info]  [11776] Running Service 'Tomcat8'...
[2020-12-12 19:20:15] [info]  [ 6152] Starting service...
[2020-12-12 19:20:17] [info]  [ 6152] Service started in 1291 milliseconds.
[2020-12-12 22:57:04] [info]  [19892] Stopping service...
[2020-12-12 22:57:05] [info]  [19892] Service stop thread completed.
[2020-12-12 22:57:05] [info]  [11776] Run service finished.
[2020-12-12 22:57:05] [info]  [11776] Apache Commons Daemon procrun finished.
[2020-12-12 22:57:05] [info]  [ 8664] Apache Commons Daemon procrun (1.2.3.0 64-bit) started.
[2020-12-12 22:57:05] [info]  [ 8664] Running Service 'Tomcat8'...
[2020-12-12 22:57:05] [info]  [19956] Starting service...
[2020-12-12 22:57:07] [info]  [19956] Service started in 1461 milliseconds.
[2020-12-12 23:00:00] [info]  [10212] Stopping service...
[2020-12-12 23:00:01] [info]  [10212] Service stop thread completed.
[2020-12-12 23:00:01] [info]  [ 8664] Run service finished.
[2020-12-12 23:00:01] [info]  [ 8664] Apache Commons Daemon procrun finished.
[2020-12-12 23:00:02] [info]  [19392] Apache Commons Daemon procrun (1.2.3.0 64-bit) started.
[2020-12-12 23:00:02] [info]  [19392] Running Service 'Tomcat8'...
[2020-12-12 23:00:02] [info]  [14544] Starting service...
[2020-12-12 23:00:04] [info]  [14544] Service started in 1549 milliseconds.
[2020-12-13 01:08:23] [info]  [14644] Stopping service...
[2020-12-13 01:08:24] [info]  [14644] Service stop thread completed.
[2020-12-13 01:08:24] [info]  [19392] Run service finished.
[2020-12-13 01:08:24] [info]  [19392] Apache Commons Daemon procrun finished.
