
2020-12-11 00:28:31 Apache Commons Daemon procrun stdout initialized.
Number of Books is 5
java.sql.SQLSyntaxErrorException: Unknown column 'groupinfo.userId' in 'on clause'
java.sql.SQLSyntaxErrorException: Unknown column 'userId' in 'where clause'
java.sql.SQLSyntaxErrorException: Unknown column 'userId' in 'where clause'
Number of Books is 5
java.sql.SQLSyntaxErrorException: Unknown column 'groupinfo.userId' in 'on clause'
java.sql.SQLSyntaxErrorException: Unknown column 'userId' in 'where clause'
java.sql.SQLSyntaxErrorException: Unknown column 'userId' in 'where clause'
Number of Books is 5
java.sql.SQLSyntaxErrorException: Unknown column 'groupinfo.userId' in 'on clause'
java.sql.SQLSyntaxErrorException: Unknown column 'userId' in 'where clause'
java.sql.SQLSyntaxErrorException: Unknown column 'userId' in 'where clause'
Number of Books is 5
java.sql.SQLSyntaxErrorException: Unknown column 'groupinfo.userId' in 'on clause'
java.sql.SQLSyntaxErrorException: Unknown column 'userId' in 'where clause'
java.sql.SQLSyntaxErrorException: Unknown column 'userId' in 'where clause'

2020-12-11 08:54:48 Apache Commons Daemon procrun stdout initialized.
Number of Books is 5
java.sql.SQLSyntaxErrorException: Unknown column 'groupinfo.userId' in 'on clause'
java.sql.SQLSyntaxErrorException: Unknown column 'userId' in 'where clause'
java.sql.SQLSyntaxErrorException: Unknown column 'userId' in 'where clause'

2020-12-11 08:58:54 Apache Commons Daemon procrun stdout initialized.
Number of Books is 5
java.sql.SQLSyntaxErrorException: Unknown column 'groupinfo.userId' in 'on clause'
java.sql.SQLSyntaxErrorException: Unknown column 'userId' in 'where clause'
java.sql.SQLSyntaxErrorException: Unknown column 'userId' in 'where clause'
Number of Books is 5
java.sql.SQLSyntaxErrorException: Unknown column 'groupinfo.userId' in 'on clause'
java.sql.SQLSyntaxErrorException: Unknown column 'userId' in 'where clause'
java.sql.SQLSyntaxErrorException: Unknown column 'userId' in 'where clause'
Number of Books is 5
java.sql.SQLSyntaxErrorException: Unknown column 'groupinfo.userId' in 'on clause'
java.sql.SQLSyntaxErrorException: Unknown column 'userId' in 'where clause'
java.sql.SQLSyntaxErrorException: Unknown column 'userId' in 'where clause'

2020-12-11 09:22:30 Apache Commons Daemon procrun stdout initialized.
Number of Books is 5
java.sql.SQLSyntaxErrorException: Unknown column 'groupinfo.userId' in 'on clause'
java.sql.SQLSyntaxErrorException: Unknown column 'userId' in 'where clause'
java.sql.SQLSyntaxErrorException: Unknown column 'userId' in 'where clause'
j
java
Number of Books is 5
java.sql.SQLSyntaxErrorException: Unknown column 'groupinfo.userId' in 'on clause'
java.sql.SQLSyntaxErrorException: Unknown column 'userId' in 'where clause'
java.sql.SQLSyntaxErrorException: Unknown column 'userId' in 'where clause'
Number of Books is 5
java.sql.SQLSyntaxErrorException: Unknown column 'groupinfo.userId' in 'on clause'
java.sql.SQLSyntaxErrorException: Unknown column 'userId' in 'where clause'
java.sql.SQLSyntaxErrorException: Unknown column 'userId' in 'where clause'
Number of Books is 5
java.sql.SQLSyntaxErrorException: Unknown column 'groupinfo.userId' in 'on clause'
java.sql.SQLSyntaxErrorException: Unknown column 'userId' in 'where clause'
java.sql.SQLSyntaxErrorException: Unknown column 'userId' in 'where clause'
java
Number of Books is 5
java.sql.SQLSyntaxErrorException: Unknown column 'groupinfo.userId' in 'on clause'
java.sql.SQLSyntaxErrorException: Unknown column 'userId' in 'where clause'
java.sql.SQLSyntaxErrorException: Unknown column 'userId' in 'where clause'
Number of Books is 5
java.sql.SQLSyntaxErrorException: Unknown column 'groupinfo.userId' in 'on clause'
java.sql.SQLSyntaxErrorException: Unknown column 'userId' in 'where clause'
java.sql.SQLSyntaxErrorException: Unknown column 'userId' in 'where clause'
java
java
java
java
java
java
java
java
java
java

2020-12-11 09:47:04 Apache Commons Daemon procrun stdout initialized.
Number of Books is 5
java.sql.SQLSyntaxErrorException: Unknown column 'groupinfo.userId' in 'on clause'
java.sql.SQLSyntaxErrorException: Unknown column 'userId' in 'where clause'
java.sql.SQLSyntaxErrorException: Unknown column 'userId' in 'where clause'
java
Number of Books is 5
java.sql.SQLSyntaxErrorException: Unknown column 'groupinfo.userId' in 'on clause'
java.sql.SQLSyntaxErrorException: Unknown column 'userId' in 'where clause'
java.sql.SQLSyntaxErrorException: Unknown column 'userId' in 'where clause'

2020-12-11 09:47:57 Apache Commons Daemon procrun stdout initialized.
Number of Books is 5
java.sql.SQLSyntaxErrorException: Unknown column 'groupinfo.userId' in 'on clause'
java.sql.SQLSyntaxErrorException: Unknown column 'userId' in 'where clause'
java.sql.SQLSyntaxErrorException: Unknown column 'userId' in 'where clause'
java
Number of Books is 5
java.sql.SQLSyntaxErrorException: Unknown column 'groupinfo.userId' in 'on clause'
java.sql.SQLSyntaxErrorException: Unknown column 'userId' in 'where clause'
java.sql.SQLSyntaxErrorException: Unknown column 'userId' in 'where clause'
z
Number of Books is 5
java.sql.SQLSyntaxErrorException: Unknown column 'groupinfo.userId' in 'on clause'
java.sql.SQLSyntaxErrorException: Unknown column 'userId' in 'where clause'
java.sql.SQLSyntaxErrorException: Unknown column 'userId' in 'where clause'
java
j
z

2020-12-11 09:50:22 Apache Commons Daemon procrun stdout initialized.
null
java
Number of Books is 5
java.sql.SQLSyntaxErrorException: Unknown column 'groupinfo.userId' in 'on clause'
java.sql.SQLSyntaxErrorException: Unknown column 'userId' in 'where clause'
java.sql.SQLSyntaxErrorException: Unknown column 'userId' in 'where clause'
java
null
Number of Books is 5
java.sql.SQLSyntaxErrorException: Unknown column 'groupinfo.userId' in 'on clause'
java.sql.SQLSyntaxErrorException: Unknown column 'userId' in 'where clause'
java.sql.SQLSyntaxErrorException: Unknown column 'userId' in 'where clause'
Number of Books is 5
java.sql.SQLSyntaxErrorException: Unknown column 'groupinfo.userId' in 'on clause'
java.sql.SQLSyntaxErrorException: Unknown column 'userId' in 'where clause'
java.sql.SQLSyntaxErrorException: Unknown column 'userId' in 'where clause'
Number of Books is 5
java.sql.SQLSyntaxErrorException: Unknown column 'groupinfo.userId' in 'on clause'
java.sql.SQLSyntaxErrorException: Unknown column 'userId' in 'where clause'
java.sql.SQLSyntaxErrorException: Unknown column 'userId' in 'where clause'

2020-12-11 10:12:54 Apache Commons Daemon procrun stdout initialized.
Number of Books is 5
java.sql.SQLSyntaxErrorException: Unknown column 'groupinfo.userId' in 'on clause'
java.sql.SQLSyntaxErrorException: Unknown column 'userId' in 'where clause'
java.sql.SQLSyntaxErrorException: Unknown column 'userId' in 'where clause'
java
java
j
p
null

2020-12-11 10:19:32 Apache Commons Daemon procrun stdout initialized.
null
Number of Books is 5
java.sql.SQLSyntaxErrorException: Unknown column 'groupinfo.userId' in 'on clause'
java.sql.SQLSyntaxErrorException: Unknown column 'userId' in 'where clause'
java.sql.SQLSyntaxErrorException: Unknown column 'userId' in 'where clause'
java
java

2020-12-11 10:38:31 Apache Commons Daemon procrun stdout initialized.
Number of Books is 5
java.sql.SQLSyntaxErrorException: Unknown column 'groupinfo.userId' in 'on clause'
java.sql.SQLSyntaxErrorException: Unknown column 'userId' in 'where clause'
java.sql.SQLSyntaxErrorException: Unknown column 'userId' in 'where clause'
java
Number of Books is 5
java.sql.SQLSyntaxErrorException: Unknown column 'groupinfo.userId' in 'on clause'
java.sql.SQLSyntaxErrorException: Unknown column 'userId' in 'where clause'
java.sql.SQLSyntaxErrorException: Unknown column 'userId' in 'where clause'
Number of Books is 5
java.sql.SQLSyntaxErrorException: Unknown column 'groupinfo.userId' in 'on clause'
java.sql.SQLSyntaxErrorException: Unknown column 'userId' in 'where clause'
java.sql.SQLSyntaxErrorException: Unknown column 'userId' in 'where clause'
null

2020-12-11 10:44:46 Apache Commons Daemon procrun stdout initialized.
Number of Books is 5
java.sql.SQLSyntaxErrorException: Unknown column 'groupinfo.userId' in 'on clause'
java.sql.SQLSyntaxErrorException: Unknown column 'userId' in 'where clause'
java.sql.SQLSyntaxErrorException: Unknown column 'userId' in 'where clause'
java
Number of Books is 5
java.sql.SQLSyntaxErrorException: Unknown column 'groupinfo.userId' in 'on clause'
java.sql.SQLSyntaxErrorException: Unknown column 'userId' in 'where clause'
java.sql.SQLSyntaxErrorException: Unknown column 'userId' in 'where clause'
java

2020-12-11 10:48:24 Apache Commons Daemon procrun stdout initialized.
java
o
java

2020-12-11 10:52:51 Apache Commons Daemon procrun stdout initialized.
Number of Books is 5
java.sql.SQLSyntaxErrorException: Unknown column 'groupinfo.userId' in 'on clause'
java.sql.SQLSyntaxErrorException: Unknown column 'userId' in 'where clause'
java.sql.SQLSyntaxErrorException: Unknown column 'userId' in 'where clause'

2020-12-11 10:55:19 Apache Commons Daemon procrun stdout initialized.

2020-12-11 12:52:38 Apache Commons Daemon procrun stdout initialized.
Number of Books is 5
java.sql.SQLSyntaxErrorException: Unknown column 'groupinfo.userId' in 'on clause'
java.sql.SQLSyntaxErrorException: Unknown column 'userId' in 'where clause'
java.sql.SQLSyntaxErrorException: Unknown column 'userId' in 'where clause'
Number of Books is 5
java.sql.SQLSyntaxErrorException: Unknown column 'groupinfo.userId' in 'on clause'
java.sql.SQLSyntaxErrorException: Unknown column 'userId' in 'where clause'
java.sql.SQLSyntaxErrorException: Unknown column 'userId' in 'where clause'

2020-12-11 12:54:03 Apache Commons Daemon procrun stdout initialized.

2020-12-11 12:55:32 Apache Commons Daemon procrun stdout initialized.
Number of Books is 5
java.sql.SQLSyntaxErrorException: Unknown column 'groupinfo.userId' in 'on clause'
java.sql.SQLSyntaxErrorException: Unknown column 'userId' in 'where clause'
java.sql.SQLSyntaxErrorException: Unknown column 'userId' in 'where clause'

2020-12-11 13:01:21 Apache Commons Daemon procrun stdout initialized.
Number of Books is 5
java.sql.SQLSyntaxErrorException: Unknown column 'groupinfo.userId' in 'on clause'
java.sql.SQLSyntaxErrorException: Unknown column 'userId' in 'where clause'
java.sql.SQLSyntaxErrorException: Unknown column 'userId' in 'where clause'
Number of Books is 5
java.sql.SQLSyntaxErrorException: Unknown column 'groupinfo.userId' in 'on clause'
java.sql.SQLSyntaxErrorException: Unknown column 'userId' in 'where clause'
java.sql.SQLSyntaxErrorException: Unknown column 'userId' in 'where clause'

2020-12-11 13:04:47 Apache Commons Daemon procrun stdout initialized.
Number of Books is 5
java.sql.SQLSyntaxErrorException: Unknown column 'groupinfo.userId' in 'on clause'
java.sql.SQLSyntaxErrorException: Unknown column 'userId' in 'where clause'
java.sql.SQLSyntaxErrorException: Unknown column 'userId' in 'where clause'
java
Number of Books is 5
java.sql.SQLSyntaxErrorException: Unknown column 'groupinfo.userId' in 'on clause'
java.sql.SQLSyntaxErrorException: Unknown column 'userId' in 'where clause'
java.sql.SQLSyntaxErrorException: Unknown column 'userId' in 'where clause'
Number of Books is 5
java.sql.SQLSyntaxErrorException: Unknown column 'groupinfo.userId' in 'on clause'
java.sql.SQLSyntaxErrorException: Unknown column 'userId' in 'where clause'
java.sql.SQLSyntaxErrorException: Unknown column 'userId' in 'where clause'
Number of Books is 5
java.sql.SQLSyntaxErrorException: Unknown column 'groupinfo.userId' in 'on clause'
java.sql.SQLSyntaxErrorException: Unknown column 'userId' in 'where clause'
java.sql.SQLSyntaxErrorException: Unknown column 'userId' in 'where clause'
Number of Books is 5
java.sql.SQLSyntaxErrorException: Unknown column 'groupinfo.userId' in 'on clause'
java.sql.SQLSyntaxErrorException: Unknown column 'userId' in 'where clause'
java.sql.SQLSyntaxErrorException: Unknown column 'userId' in 'where clause'
Number of Books is 5
java.sql.SQLSyntaxErrorException: Unknown column 'groupinfo.userId' in 'on clause'
java.sql.SQLSyntaxErrorException: Unknown column 'userId' in 'where clause'
java.sql.SQLSyntaxErrorException: Unknown column 'userId' in 'where clause'

2020-12-11 13:06:16 Apache Commons Daemon procrun stdout initialized.
Number of Books is 5
java.sql.SQLSyntaxErrorException: Unknown column 'groupinfo.userId' in 'on clause'
java.sql.SQLSyntaxErrorException: Unknown column 'userId' in 'where clause'
java.sql.SQLSyntaxErrorException: Unknown column 'userId' in 'where clause'
Number of Books is 5
java.sql.SQLSyntaxErrorException: Unknown column 'groupinfo.userId' in 'on clause'
java.sql.SQLSyntaxErrorException: Unknown column 'userId' in 'where clause'
java.sql.SQLSyntaxErrorException: Unknown column 'userId' in 'where clause'

2020-12-11 13:10:47 Apache Commons Daemon procrun stdout initialized.
Number of Books is 5
java.sql.SQLSyntaxErrorException: Unknown column 'groupinfo.userId' in 'on clause'
java.sql.SQLSyntaxErrorException: Unknown column 'userId' in 'where clause'
java.sql.SQLSyntaxErrorException: Unknown column 'userId' in 'where clause'

2020-12-11 13:13:12 Apache Commons Daemon procrun stdout initialized.

2020-12-11 13:18:13 Apache Commons Daemon procrun stdout initialized.
Number of Books is 5
java.sql.SQLSyntaxErrorException: Unknown column 'groupinfo.userId' in 'on clause'
java.sql.SQLSyntaxErrorException: Unknown column 'userId' in 'where clause'
java.sql.SQLSyntaxErrorException: Unknown column 'userId' in 'where clause'
Number of Books is 5
java.sql.SQLSyntaxErrorException: Unknown column 'groupinfo.userId' in 'on clause'
java.sql.SQLSyntaxErrorException: Unknown column 'userId' in 'where clause'
java.sql.SQLSyntaxErrorException: Unknown column 'userId' in 'where clause'
Number of Books is 5
java.sql.SQLSyntaxErrorException: Unknown column 'groupinfo.userId' in 'on clause'
java.sql.SQLSyntaxErrorException: Unknown column 'userId' in 'where clause'
java.sql.SQLSyntaxErrorException: Unknown column 'userId' in 'where clause'
Number of Books is 5
java.sql.SQLSyntaxErrorException: Unknown column 'groupinfo.userId' in 'on clause'
java.sql.SQLSyntaxErrorException: Unknown column 'userId' in 'where clause'
java.sql.SQLSyntaxErrorException: Unknown column 'userId' in 'where clause'
Number of Books is 5
java.sql.SQLSyntaxErrorException: Unknown column 'groupinfo.userId' in 'on clause'
java.sql.SQLSyntaxErrorException: Unknown column 'userId' in 'where clause'
java.sql.SQLSyntaxErrorException: Unknown column 'userId' in 'where clause'

2020-12-11 13:32:40 Apache Commons Daemon procrun stdout initialized.
Number of Books is 5
java.sql.SQLSyntaxErrorException: Unknown column 'groupinfo.userId' in 'on clause'
java.sql.SQLSyntaxErrorException: Unknown column 'userId' in 'where clause'
java.sql.SQLSyntaxErrorException: Unknown column 'userId' in 'where clause'

2020-12-11 13:35:55 Apache Commons Daemon procrun stdout initialized.
Number of Books is 5
java.sql.SQLSyntaxErrorException: Unknown column 'groupinfo.userId' in 'on clause'
java.sql.SQLSyntaxErrorException: Unknown column 'userId' in 'where clause'
java.sql.SQLSyntaxErrorException: Unknown column 'userId' in 'where clause'
Number of Books is 5
java.sql.SQLSyntaxErrorException: Unknown column 'groupinfo.userId' in 'on clause'
java.sql.SQLSyntaxErrorException: Unknown column 'userId' in 'where clause'
java.sql.SQLSyntaxErrorException: Unknown column 'userId' in 'where clause'
Number of Books is 5
java.sql.SQLSyntaxErrorException: Unknown column 'groupinfo.userId' in 'on clause'
java.sql.SQLSyntaxErrorException: Unknown column 'userId' in 'where clause'
java.sql.SQLSyntaxErrorException: Unknown column 'userId' in 'where clause'
Number of Books is 5
java.sql.SQLSyntaxErrorException: Unknown column 'groupinfo.userId' in 'on clause'
java.sql.SQLSyntaxErrorException: Unknown column 'userId' in 'where clause'
java.sql.SQLSyntaxErrorException: Unknown column 'userId' in 'where clause'
Number of Books is 5
java.sql.SQLSyntaxErrorException: Unknown column 'groupinfo.userId' in 'on clause'
java.sql.SQLSyntaxErrorException: Unknown column 'userId' in 'where clause'
java.sql.SQLSyntaxErrorException: Unknown column 'userId' in 'where clause'
Number of Books is 5
java.sql.SQLSyntaxErrorException: Unknown column 'groupinfo.userId' in 'on clause'
java.sql.SQLSyntaxErrorException: Unknown column 'userId' in 'where clause'
java.sql.SQLSyntaxErrorException: Unknown column 'userId' in 'where clause'

2020-12-11 13:39:31 Apache Commons Daemon procrun stdout initialized.
Number of Books is 5
java.sql.SQLSyntaxErrorException: Unknown column 'groupinfo.userId' in 'on clause'
java.sql.SQLSyntaxErrorException: Unknown column 'userId' in 'where clause'
java.sql.SQLSyntaxErrorException: Unknown column 'userId' in 'where clause'
Number of Books is 5
java.sql.SQLSyntaxErrorException: Unknown column 'groupinfo.userId' in 'on clause'
java.sql.SQLSyntaxErrorException: Unknown column 'userId' in 'where clause'
java.sql.SQLSyntaxErrorException: Unknown column 'userId' in 'where clause'
Number of Books is 5
java.sql.SQLSyntaxErrorException: Unknown column 'groupinfo.userId' in 'on clause'
java.sql.SQLSyntaxErrorException: Unknown column 'userId' in 'where clause'
java.sql.SQLSyntaxErrorException: Unknown column 'userId' in 'where clause'
Number of Books is 5
java.sql.SQLSyntaxErrorException: Unknown column 'groupinfo.userId' in 'on clause'
java.sql.SQLSyntaxErrorException: Unknown column 'userId' in 'where clause'
java.sql.SQLSyntaxErrorException: Unknown column 'userId' in 'where clause'
Number of Books is 5
java.sql.SQLSyntaxErrorException: Unknown column 'groupinfo.userId' in 'on clause'
java.sql.SQLSyntaxErrorException: Unknown column 'userId' in 'where clause'
java.sql.SQLSyntaxErrorException: Unknown column 'userId' in 'where clause'
Number of Books is 5
java.sql.SQLSyntaxErrorException: Unknown column 'groupinfo.userId' in 'on clause'
java.sql.SQLSyntaxErrorException: Unknown column 'userId' in 'where clause'
java.sql.SQLSyntaxErrorException: Unknown column 'userId' in 'where clause'
Number of Books is 5
java.sql.SQLSyntaxErrorException: Unknown column 'groupinfo.userId' in 'on clause'
java.sql.SQLSyntaxErrorException: Unknown column 'userId' in 'where clause'
java.sql.SQLSyntaxErrorException: Unknown column 'userId' in 'where clause'

2020-12-11 13:57:45 Apache Commons Daemon procrun stdout initialized.
Number of Books is 5
java.sql.SQLSyntaxErrorException: Unknown column 'groupinfo.userId' in 'on clause'
java.sql.SQLSyntaxErrorException: Unknown column 'userId' in 'where clause'
java.sql.SQLSyntaxErrorException: Unknown column 'userId' in 'where clause'

2020-12-11 14:14:11 Apache Commons Daemon procrun stdout initialized.

2020-12-11 14:14:33 Apache Commons Daemon procrun stdout initialized.

2020-12-11 14:15:02 Apache Commons Daemon procrun stdout initialized.
Number of Books is 5
java.sql.SQLSyntaxErrorException: Unknown column 'groupinfo.userId' in 'on clause'
java.sql.SQLSyntaxErrorException: Unknown column 'userId' in 'where clause'
java.sql.SQLSyntaxErrorException: Unknown column 'userId' in 'where clause'

2020-12-11 14:16:11 Apache Commons Daemon procrun stdout initialized.
Number of Books is 5
java.sql.SQLSyntaxErrorException: Unknown column 'groupinfo.userId' in 'on clause'
java.sql.SQLSyntaxErrorException: Unknown column 'userId' in 'where clause'
java.sql.SQLSyntaxErrorException: Unknown column 'userId' in 'where clause'
java
null

2020-12-11 14:20:26 Apache Commons Daemon procrun stdout initialized.
null
null
java
java
java
java
java
java
java
c
c
c
Number of Books is 5
java.sql.SQLSyntaxErrorException: Unknown column 'groupinfo.userId' in 'on clause'
java.sql.SQLSyntaxErrorException: Unknown column 'userId' in 'where clause'
java.sql.SQLSyntaxErrorException: Unknown column 'userId' in 'where clause'
null
java
java
java
c
oops
java
java
Number of Books is 5
java.sql.SQLSyntaxErrorException: Unknown column 'groupinfo.userId' in 'on clause'
java.sql.SQLSyntaxErrorException: Unknown column 'userId' in 'where clause'
java.sql.SQLSyntaxErrorException: Unknown column 'userId' in 'where clause'
Number of Books is 5
java.sql.SQLSyntaxErrorException: Unknown column 'groupinfo.userId' in 'on clause'
java.sql.SQLSyntaxErrorException: Unknown column 'userId' in 'where clause'
java.sql.SQLSyntaxErrorException: Unknown column 'userId' in 'where clause'
null
java

2020-12-11 16:03:56 Apache Commons Daemon procrun stdout initialized.
Number of Books is 5
java.sql.SQLSyntaxErrorException: Unknown column 'groupinfo.userId' in 'on clause'
java.sql.SQLSyntaxErrorException: Unknown column 'userId' in 'where clause'
java.sql.SQLSyntaxErrorException: Unknown column 'userId' in 'where clause'
Number of Books is 5
java.sql.SQLSyntaxErrorException: Unknown column 'groupinfo.userId' in 'on clause'
java.sql.SQLSyntaxErrorException: Unknown column 'userId' in 'where clause'
java.sql.SQLSyntaxErrorException: Unknown column 'userId' in 'where clause'
Number of Books is 5
java.sql.SQLSyntaxErrorException: Unknown column 'groupinfo.userId' in 'on clause'
java.sql.SQLSyntaxErrorException: Unknown column 'userId' in 'where clause'
java.sql.SQLSyntaxErrorException: Unknown column 'userId' in 'where clause'
Number of Books is 5
java.sql.SQLSyntaxErrorException: Unknown column 'groupinfo.userId' in 'on clause'
java.sql.SQLSyntaxErrorException: Unknown column 'userId' in 'where clause'
java.sql.SQLSyntaxErrorException: Unknown column 'userId' in 'where clause'

2020-12-11 17:03:42 Apache Commons Daemon procrun stdout initialized.
Number of Books is 5
java.sql.SQLSyntaxErrorException: Unknown column 'groupinfo.userId' in 'on clause'
java.sql.SQLSyntaxErrorException: Unknown column 'userId' in 'where clause'
java.sql.SQLSyntaxErrorException: Unknown column 'userId' in 'where clause'
Number of Books is 5
java.sql.SQLSyntaxErrorException: Unknown column 'groupinfo.userId' in 'on clause'
java.sql.SQLSyntaxErrorException: Unknown column 'userId' in 'where clause'
java.sql.SQLSyntaxErrorException: Unknown column 'userId' in 'where clause'

2020-12-11 17:30:05 Apache Commons Daemon procrun stdout initialized.
Number of Books is 5
java.sql.SQLSyntaxErrorException: Unknown column 'groupinfo.userId' in 'on clause'
java.sql.SQLSyntaxErrorException: Unknown column 'userId' in 'where clause'
java.sql.SQLSyntaxErrorException: Unknown column 'userId' in 'where clause'

2020-12-11 17:42:26 Apache Commons Daemon procrun stdout initialized.

2020-12-11 17:57:25 Apache Commons Daemon procrun stdout initialized.
Number of Books is 22
java.sql.SQLSyntaxErrorException: Unknown column 'groupinfo.userId' in 'on clause'
java.sql.SQLSyntaxErrorException: Unknown column 'userId' in 'where clause'
java.sql.SQLSyntaxErrorException: Unknown column 'userId' in 'where clause'
